 redis Pulling 
 elasticsearch Pulling 
 rabbitmq Pulling 
 postgresql Pulling 
 c5761dea9b0e Pulling fs layer 
 bbf018d6d4b8 Pulling fs layer 
 22dca8215bc4 Pulling fs layer 
 edcaff0d5e7e Pulling fs layer 
 47a60771af96 Pulling fs layer 
 4f4fb700ef54 Pulling fs layer 
 4831516dd0cb Pulling fs layer 
 7b28be0c8c4d Pulling fs layer 
 4f4fb700ef54 Already exists 
 7084ac8f4ab6 Pulling fs layer 
 efa05c660812 Pulling fs layer 
 20043066d3d5 Pulling fs layer 
 3fadc669ef11 Pulling fs layer 
 14e6209d5fa8 Pulling fs layer 
 f4e7f62f4b80 Pulling fs layer 
 d686b50ce172 Pulling fs layer 
 beb0d870d438 Pulling fs layer 
 d63c4408fdb7 Pulling fs layer 
 5e1c03b67a78 Pulling fs layer 
 be7444f2e9d6 Pulling fs layer 
 ddf49b9115d7 Pulling fs layer 
 a752d85b289a Pulling fs layer 
 45ea1d560ab5 Pulling fs layer 
 0dc15e54b214 Pulling fs layer 
 cf11b2a25e23 Pulling fs layer 
 57c9a166c575 Pulling fs layer 
 3a66822889ec Pulling fs layer 
 44fabf20c8a1 Pulling fs layer 
 c5761dea9b0e Download complete 
 4831516dd0cb Downloading [============>                                      ]  7.139MB/28.23MB
 47a60771af96 Download complete 
 22dca8215bc4 Downloading [==================================================>]  15.35MB/15.35MB
 7b28be0c8c4d Download complete 
 edcaff0d5e7e Downloading [=================>                                 ]  491.5kB/1.438MB
 283a477db7bb Pulling fs layer 
 cb628c265f09 Pulling fs layer 
 b0a0cf830b12 Pulling fs layer 
 91d2729fa4d5 Pulling fs layer 
 dda3d8fbd5ed Pulling fs layer 
 9739ced65621 Pulling fs layer 
 e0d55fdb4d15 Pulling fs layer 
 ae3bb1b347a4 Pulling fs layer 
 f8406d9c00ea Pulling fs layer 
 c199bff16b05 Pulling fs layer 
 873532e5f8c7 Pulling fs layer 
 050d9f8c3b1c Pulling fs layer 
 c1cb13b19080 Pulling fs layer 
 710e142705f8 Pulling fs layer 
 d686b50ce172 Downloading [====>                                              ]  1.049MB/12.47MB
 3fadc669ef11 Downloading [========>                                          ]  7.676MB/43.48MB
 14e6209d5fa8 Download complete 
 edcaff0d5e7e Download complete 
 4831516dd0cb Downloading [=====================================>             ]  20.97MB/28.23MB
 f4e7f62f4b80 Download complete 
 22dca8215bc4 Download complete 
 7ec4c696b8bb Download complete 
 16ef6b12768c Download complete 
 7084ac8f4ab6 Downloading [==============>                                    ]  2.097MB/7.468MB
 beb0d870d438 Download complete 
 d63c4408fdb7 Downloading [==>                                                ]  1.049MB/21.31MB
 efa05c660812 Download complete 
 20043066d3d5 Downloading [=>                                                 ]  1.049MB/29.72MB
 b0a0cf830b12 Downloading [===>                                               ]  2.097MB/29.15MB
 4831516dd0cb Downloading [==============================================>    ]  26.21MB/28.23MB
 7084ac8f4ab6 Download complete 
 d63c4408fdb7 Downloading [============>                                      ]  5.243MB/21.31MB
 20043066d3d5 Downloading [==========>                                        ]  6.291MB/29.72MB
 5e1c03b67a78 Download complete 
 d686b50ce172 Downloading [=========================>                         ]  6.291MB/12.47MB
 3fadc669ef11 Downloading [===============>                                   ]  13.63MB/43.48MB
 ae3bb1b347a4 Download complete 
 9739ced65621 Downloading [============>                                      ]  2.097MB/8.069MB
 45ea1d560ab5 Download complete 
 57c9a166c575 Download complete 
 44fabf20c8a1 Downloading [>                                                  ]  3.146MB/252.2MB
 ddf49b9115d7 Downloading [=>                                                 ]  3.146MB/84.72MB
 f8406d9c00ea Download complete 
 0dc15e54b214 Download complete 
 873532e5f8c7 Download complete 
 c199bff16b05 Download complete 
 56b5e4f0933d Download complete 
 cb628c265f09 Download complete 
 91d2729fa4d5 Downloading [====================================>              ]  1.049MB/1.45MB
 e0d55fdb4d15 Downloading [>                                                  ]  1.049MB/109MB
 5682dec5b749 Downloading [=========>                                         ]  1.049MB/5.719MB
 050d9f8c3b1c Download complete 
 20043066d3d5 Downloading [===================>                               ]  11.53MB/29.72MB
 d686b50ce172 Downloading [==========================================>        ]  10.49MB/12.47MB
 3fadc669ef11 Downloading [====================>                              ]  17.83MB/43.48MB
 d63c4408fdb7 Downloading [======================>                            ]  9.437MB/21.31MB
 91d2729fa4d5 Download complete 
 e0d55fdb4d15 Downloading [==>                                                ]  5.243MB/109MB
 5682dec5b749 Downloading [=============================================>     ]  5.243MB/5.719MB
 283a477db7bb Downloading [==================================================>]  4.533MB/4.533MB
 b0a0cf830b12 Downloading [==========>                                        ]  6.291MB/29.15MB
 9739ced65621 Downloading [======================================>            ]  6.291MB/8.069MB
 be7444f2e9d6 Download complete 
 a752d85b289a Downloading [======>                                            ]  3.146MB/25.12MB
 4831516dd0cb Download complete 
 cf11b2a25e23 Download complete 
 3a66822889ec Download complete 
 44fabf20c8a1 Downloading [=>                                                 ]  6.291MB/252.2MB
 ddf49b9115d7 Downloading [====>                                              ]   7.34MB/84.72MB
 4831516dd0cb Extracting 1 s
 d63c4408fdb7 Downloading [====================================>              ]  15.73MB/21.31MB
 20043066d3d5 Downloading [============================>                      ]  16.78MB/29.72MB
 a752d85b289a Downloading [==================>                                ]  9.437MB/25.12MB
 44fabf20c8a1 Downloading [==>                                                ]  12.58MB/252.2MB
 ddf49b9115d7 Downloading [=======>                                           ]  12.58MB/84.72MB
 283a477db7bb Download complete 
 b0a0cf830b12 Downloading [=====================>                             ]  12.58MB/29.15MB
 d686b50ce172 Download complete 
 3fadc669ef11 Downloading [===========================>                       ]  24.12MB/43.48MB
 9739ced65621 Download complete 
 e0d55fdb4d15 Downloading [=====>                                             ]  12.58MB/109MB
 5682dec5b749 Download complete 
 4831516dd0cb Extracting 1 s
 bbf018d6d4b8 Download complete 
 e0d55fdb4d15 Downloading [========>                                          ]  18.87MB/109MB
 ddf49b9115d7 Downloading [===========>                                       ]  18.87MB/84.72MB
 d63c4408fdb7 Download complete 
 a752d85b289a Downloading [=============================>                     ]  14.68MB/25.12MB
 20043066d3d5 Downloading [========================================>          ]  24.12MB/29.72MB
 44fabf20c8a1 Downloading [==>                                                ]  14.68MB/252.2MB
 3fadc669ef11 Downloading [==================================>                ]  30.41MB/43.48MB
 710e142705f8 Download complete 
 b0a0cf830b12 Downloading [================================>                  ]  18.87MB/29.15MB
 c1cb13b19080 Download complete 
 4831516dd0cb Extracting 1 s
 a752d85b289a Downloading [===========================================>       ]  22.02MB/25.12MB
 44fabf20c8a1 Downloading [===>                                               ]  19.92MB/252.2MB
 ddf49b9115d7 Downloading [===============>                                   ]  26.21MB/84.72MB
 e0d55fdb4d15 Downloading [============>                                      ]  26.86MB/109MB
 b0a0cf830b12 Downloading [============================================>      ]  26.21MB/29.15MB
 20043066d3d5 Download complete 
 3fadc669ef11 Downloading [=============================================>     ]  39.85MB/43.48MB
 4831516dd0cb Extracting 1 s
 20043066d3d5 Extracting 1 s
 3fadc669ef11 Download complete 
 b0a0cf830b12 Download complete 
 e0d55fdb4d15 Downloading [================>                                  ]  35.65MB/109MB
 a752d85b289a Download complete 
 44fabf20c8a1 Downloading [=====>                                             ]  28.31MB/252.2MB
 ddf49b9115d7 Downloading [====================>                              ]   34.6MB/84.72MB
 4831516dd0cb Extracting 1 s
 20043066d3d5 Extracting 1 s
 b0a0cf830b12 Extracting 1 s
 ddf49b9115d7 Downloading [=========================>                         ]  44.04MB/84.72MB
 e0d55fdb4d15 Downloading [======================>                            ]  48.23MB/109MB
 44fabf20c8a1 Downloading [======>                                            ]   34.6MB/252.2MB
 4831516dd0cb Extracting 1 s
 20043066d3d5 Extracting 1 s
 b0a0cf830b12 Extracting 1 s
 ddf49b9115d7 Downloading [================================>                  ]  54.53MB/84.72MB
 44fabf20c8a1 Downloading [========>                                          ]  40.89MB/252.2MB
 e0d55fdb4d15 Downloading [===========================>                       ]  60.82MB/109MB
 4831516dd0cb Extracting 1 s
 20043066d3d5 Extracting 1 s
 b0a0cf830b12 Extracting 1 s
 44fabf20c8a1 Downloading [========>                                          ]  44.04MB/252.2MB
 ddf49b9115d7 Downloading [=====================================>             ]  62.91MB/84.72MB
 e0d55fdb4d15 Downloading [=================================>                 ]   73.4MB/109MB
 20043066d3d5 Extracting 1 s
 4831516dd0cb Extracting 1 s
 b0a0cf830b12 Extracting 1 s
 e0d55fdb4d15 Downloading [======================================>            ]  84.93MB/109MB
 44fabf20c8a1 Downloading [=========>                                         ]  46.14MB/252.2MB
 ddf49b9115d7 Downloading [========================================>          ]  68.16MB/84.72MB
 4831516dd0cb Extracting 1 s
 20043066d3d5 Extracting 1 s
 b0a0cf830b12 Extracting 1 s
 ddf49b9115d7 Downloading [===============================================>   ]  80.74MB/84.72MB
 44fabf20c8a1 Downloading [=========>                                         ]  49.28MB/252.2MB
 e0d55fdb4d15 Downloading [==============================================>    ]  101.7MB/109MB
 4831516dd0cb Extracting 1 s
 b0a0cf830b12 Extracting 1 s
 20043066d3d5 Extracting 1 s
 44fabf20c8a1 Downloading [===========>                                       ]  55.57MB/252.2MB
 ddf49b9115d7 Downloading [==================================================>]  84.72MB/84.72MB
 e0d55fdb4d15 Downloading [==================================================>]    109MB/109MB
 4831516dd0cb Extracting 1 s
 20043066d3d5 Extracting 1 s
 b0a0cf830b12 Extracting 1 s
 ddf49b9115d7 Downloading [==================================================>]  84.72MB/84.72MB
 44fabf20c8a1 Downloading [===========>                                       ]  55.57MB/252.2MB
 e0d55fdb4d15 Downloading [==================================================>]    109MB/109MB
 4831516dd0cb Extracting 2 s
 20043066d3d5 Extracting 1 s
 b0a0cf830b12 Extracting 1 s
 e0d55fdb4d15 Downloading [==================================================>]    109MB/109MB
 ddf49b9115d7 Downloading [==================================================>]  84.72MB/84.72MB
 44fabf20c8a1 Downloading [===========>                                       ]  55.57MB/252.2MB
 4831516dd0cb Extracting 2 s
 20043066d3d5 Extracting 1 s
 b0a0cf830b12 Extracting 1 s
 e0d55fdb4d15 Download complete 
 44fabf20c8a1 Downloading [===========>                                       ]  59.77MB/252.2MB
 ddf49b9115d7 Download complete 
 4831516dd0cb Extracting 2 s
 ddf49b9115d7 Extracting 1 s
 20043066d3d5 Extracting 1 s
 b0a0cf830b12 Extracting 1 s
 44fabf20c8a1 Downloading [=============>                                     ]  70.25MB/252.2MB
 4831516dd0cb Extracting 2 s
 20043066d3d5 Extracting 2 s
 ddf49b9115d7 Extracting 1 s
 b0a0cf830b12 Extracting 1 s
 44fabf20c8a1 Downloading [==============>                                    ]   71.3MB/252.2MB
 ddf49b9115d7 Extracting 1 s
 20043066d3d5 Extracting 2 s
 4831516dd0cb Extracting 2 s
 b0a0cf830b12 Extracting 2 s
 44fabf20c8a1 Downloading [===============>                                   ]  76.55MB/252.2MB
 4831516dd0cb Extracting 2 s
 ddf49b9115d7 Extracting 1 s
 20043066d3d5 Extracting 2 s
 b0a0cf830b12 Extracting 2 s
 44fabf20c8a1 Downloading [================>                                  ]  83.89MB/252.2MB
 4831516dd0cb Pull complete 
 20043066d3d5 Extracting 2 s
 b0a0cf830b12 Extracting 2 s
 ddf49b9115d7 Extracting 1 s
 44fabf20c8a1 Downloading [==================>                                ]  93.32MB/252.2MB
 47a60771af96 Pull complete 
 7b28be0c8c4d Pull complete 
 edcaff0d5e7e Pull complete 
 22dca8215bc4 Extracting 1 s
 ddf49b9115d7 Extracting 1 s
 20043066d3d5 Extracting 2 s
 b0a0cf830b12 Extracting 2 s
 44fabf20c8a1 Downloading [====================>                              ]  101.7MB/252.2MB
 22dca8215bc4 Extracting 1 s
 ddf49b9115d7 Extracting 1 s
 20043066d3d5 Extracting 2 s
 b0a0cf830b12 Extracting 2 s
 44fabf20c8a1 Downloading [=====================>                             ]  109.1MB/252.2MB
 22dca8215bc4 Extracting 1 s
 20043066d3d5 Pull complete 
 3fadc669ef11 Extracting 1 s
 ddf49b9115d7 Extracting 1 s
 b0a0cf830b12 Pull complete 
 44fabf20c8a1 Downloading [======================>                            ]  113.2MB/252.2MB
 22dca8215bc4 Extracting 1 s
 3fadc669ef11 Extracting 1 s
 ddf49b9115d7 Extracting 1 s
 44fabf20c8a1 Downloading [========================>                          ]  121.6MB/252.2MB
 22dca8215bc4 Extracting 1 s
 ddf49b9115d7 Extracting 1 s
 3fadc669ef11 Extracting 1 s
 44fabf20c8a1 Downloading [=========================>                         ]  126.9MB/252.2MB
 4f4fb700ef54 Pull complete 
 c5761dea9b0e Pull complete 
 22dca8215bc4 Pull complete 
 bbf018d6d4b8 Pull complete 
 ddf49b9115d7 Extracting 1 s
 3fadc669ef11 Extracting 1 s
 44fabf20c8a1 Downloading [=========================>                         ]  126.9MB/252.2MB
 3fadc669ef11 Extracting 1 s
 ddf49b9115d7 Extracting 2 s
 44fabf20c8a1 Downloading [==========================>                        ]  134.2MB/252.2MB
 ddf49b9115d7 Extracting 2 s
 3fadc669ef11 Extracting 1 s
 44fabf20c8a1 Downloading [============================>                      ]  141.6MB/252.2MB
 ddf49b9115d7 Extracting 2 s
 3fadc669ef11 Extracting 1 s
 44fabf20c8a1 Downloading [=============================>                     ]  150.7MB/252.2MB
 7084ac8f4ab6 Extracting 1 s
 ddf49b9115d7 Extracting 2 s
 3fadc669ef11 Pull complete 
 44fabf20c8a1 Downloading [===============================>                   ]  157.3MB/252.2MB
 beb0d870d438 Pull complete 
 7084ac8f4ab6 Pull complete 
 ddf49b9115d7 Extracting 2 s
 d63c4408fdb7 Extracting 1 s
 44fabf20c8a1 Downloading [=================================>                 ]  166.7MB/252.2MB
 ddf49b9115d7 Extracting 2 s
 d63c4408fdb7 Extracting 1 s
 44fabf20c8a1 Downloading [==================================>                ]  176.2MB/252.2MB
 d63c4408fdb7 Extracting 1 s
 ddf49b9115d7 Extracting 2 s
 44fabf20c8a1 Downloading [====================================>              ]  183.5MB/252.2MB
 d63c4408fdb7 Extracting 1 s
 ddf49b9115d7 Extracting 2 s
 44fabf20c8a1 Downloading [======================================>            ]    194MB/252.2MB
 d63c4408fdb7 Extracting 1 s
 ddf49b9115d7 Extracting 2 s
 44fabf20c8a1 Downloading [========================================>          ]  204.5MB/252.2MB
 d63c4408fdb7 Pull complete 
 ddf49b9115d7 Extracting 2 s
 44fabf20c8a1 Downloading [=========================================>         ]  210.8MB/252.2MB
 14e6209d5fa8 Pull complete 
 f4e7f62f4b80 Pull complete 
 efa05c660812 Pull complete 
 5e1c03b67a78 Pull complete 
 d686b50ce172 Extracting 1 s
 ddf49b9115d7 Extracting 3 s
 44fabf20c8a1 Downloading [===========================================>       ]  220.2MB/252.2MB
 d686b50ce172 Extracting 1 s
 e7da101a9486 Download complete 
 c4cc93acbec6 Download complete 
 ddf49b9115d7 Extracting 3 s
 redis Pulled 
 44fabf20c8a1 Downloading [=============================================>     ]  228.6MB/252.2MB
 d686b50ce172 Extracting 1 s
 ddf49b9115d7 Extracting 3 s
 dda3d8fbd5ed Download complete 
 d686b50ce172 Extracting 1 s
 44fabf20c8a1 Downloading [==============================================>    ]  235.9MB/252.2MB
 ddf49b9115d7 Extracting 3 s
 283a477db7bb Extracting 1 s
 dda3d8fbd5ed Pull complete 
 d686b50ce172 Pull complete 
 rabbitmq Pulled 
 44fabf20c8a1 Downloading [==============================================>    ]    237MB/252.2MB
 91d2729fa4d5 Pull complete 
 ddf49b9115d7 Extracting 3 s
 283a477db7bb Pull complete 
 44fabf20c8a1 Downloading [================================================>  ]  245.4MB/252.2MB
 9739ced65621 Extracting 1 s
 a752d85b289a Extracting 1 s
 ddf49b9115d7 Pull complete 
 44fabf20c8a1 Downloading [==================================================>]  252.2MB/252.2MB
 a752d85b289a Extracting 1 s
 9739ced65621 Extracting 1 s
 44fabf20c8a1 Downloading [==================================================>]  252.2MB/252.2MB
 a752d85b289a Extracting 1 s
 9739ced65621 Extracting 1 s
 44fabf20c8a1 Downloading [==================================================>]  252.2MB/252.2MB
 a752d85b289a Extracting 1 s
 9739ced65621 Extracting 1 s
 44fabf20c8a1 Downloading [==================================================>]  252.2MB/252.2MB
 9739ced65621 Extracting 1 s
 a752d85b289a Extracting 1 s
 ae3bb1b347a4 Pull complete 
 44fabf20c8a1 Download complete 
 f8406d9c00ea Pull complete 
 c199bff16b05 Pull complete 
 9739ced65621 Pull complete 
 a752d85b289a Extracting 1 s
 e0d55fdb4d15 Extracting 1 s
 e0d55fdb4d15 Extracting 1 s
 a752d85b289a Extracting 1 s
 e0d55fdb4d15 Extracting 1 s
 a752d85b289a Extracting 1 s
 57c9a166c575 Pull complete 
 e0d55fdb4d15 Extracting 1 s
 a752d85b289a Pull complete 
 44fabf20c8a1 Extracting 1 s
 44fabf20c8a1 Extracting 1 s
 e0d55fdb4d15 Extracting 1 s
 44fabf20c8a1 Extracting 1 s
 e0d55fdb4d15 Extracting 1 s
 e0d55fdb4d15 Extracting 1 s
 44fabf20c8a1 Extracting 1 s
 e0d55fdb4d15 Extracting 1 s
 44fabf20c8a1 Extracting 1 s
 44fabf20c8a1 Extracting 1 s
 e0d55fdb4d15 Extracting 1 s
 44fabf20c8a1 Extracting 1 s
 e0d55fdb4d15 Extracting 1 s
 44fabf20c8a1 Extracting 1 s
 e0d55fdb4d15 Extracting 1 s
 e0d55fdb4d15 Extracting 2 s
 44fabf20c8a1 Extracting 1 s
 e0d55fdb4d15 Extracting 2 s
 44fabf20c8a1 Extracting 1 s
 e0d55fdb4d15 Extracting 2 s
 44fabf20c8a1 Extracting 1 s
 e0d55fdb4d15 Extracting 2 s
 44fabf20c8a1 Extracting 2 s
 44fabf20c8a1 Extracting 2 s
 e0d55fdb4d15 Extracting 2 s
 e0d55fdb4d15 Extracting 2 s
 44fabf20c8a1 Extracting 2 s
 44fabf20c8a1 Extracting 2 s
 e0d55fdb4d15 Extracting 2 s
 e0d55fdb4d15 Extracting 2 s
 44fabf20c8a1 Extracting 2 s
 873532e5f8c7 Pull complete 
 050d9f8c3b1c Pull complete 
 c1cb13b19080 Pull complete 
 e0d55fdb4d15 Pull complete 
 44fabf20c8a1 Extracting 2 s
 cb628c265f09 Pull complete 
 710e142705f8 Pull complete 
 postgresql Pulled 
 44fabf20c8a1 Extracting 2 s
 44fabf20c8a1 Extracting 2 s
 44fabf20c8a1 Extracting 2 s
 45ea1d560ab5 Pull complete 
 0dc15e54b214 Pull complete 
 be7444f2e9d6 Extracting 1 s
 cf11b2a25e23 Pull complete 
 3a66822889ec Pull complete 
 44fabf20c8a1 Pull complete 
 be7444f2e9d6 Pull complete 
 elasticsearch Pulled 
 Network docker_services_cli_default  Creating
 Network docker_services_cli_default  Created
 Container docker_services_cli-postgresql-1  Creating
 Container docker_services_cli-elasticsearch-1  Creating
 Container docker_services_cli-rabbitmq-1  Creating
 Container docker_services_cli-redis-1  Creating
 Container docker_services_cli-elasticsearch-1  Created
 Container docker_services_cli-redis-1  Created
 Container docker_services_cli-rabbitmq-1  Created
 Container docker_services_cli-postgresql-1  Created
 Container docker_services_cli-postgresql-1  Starting
 Container docker_services_cli-rabbitmq-1  Starting
 Container docker_services_cli-elasticsearch-1  Starting
 Container docker_services_cli-redis-1  Starting
 Container docker_services_cli-postgresql-1  Started
 Container docker_services_cli-rabbitmq-1  Started
 Container docker_services_cli-redis-1  Started
 Container docker_services_cli-elasticsearch-1  Started
::warning file=/home/runner/work/test-zip-extract-repository/test-zip-extract-repository/workdir/tests/invenio-jobs/original/.venv/lib/python3.14/site-packages/edtf/parser/grammar.py,line=9::'enablePackrat' deprecated - use 'enable_packrat'
::warning file=/home/runner/work/test-zip-extract-repository/test-zip-extract-repository/workdir/tests/invenio-jobs/original/.venv/lib/python3.14/site-packages/edtf/parser/grammar.py,line=52::'oneOf' deprecated - use 'one_of'
::warning file=/home/runner/work/test-zip-extract-repository/test-zip-extract-repository/workdir/tests/invenio-jobs/original/.venv/lib/python3.14/site-packages/edtf/parser/grammar.py,line=53::'oneOf' deprecated - use 'one_of'
::warning file=/home/runner/work/test-zip-extract-repository/test-zip-extract-repository/workdir/tests/invenio-jobs/original/.venv/lib/python3.14/site-packages/edtf/parser/grammar.py,line=54::'oneOf' deprecated - use 'one_of'
::warning file=/home/runner/work/test-zip-extract-repository/test-zip-extract-repository/workdir/tests/invenio-jobs/original/.venv/lib/python3.14/site-packages/edtf/parser/grammar.py,line=55::'oneOf' deprecated - use 'one_of'
::warning file=/home/runner/work/test-zip-extract-repository/test-zip-extract-repository/workdir/tests/invenio-jobs/original/.venv/lib/python3.14/site-packages/edtf/parser/grammar.py,line=56::'oneOf' deprecated - use 'one_of'
::warning file=/home/runner/work/test-zip-extract-repository/test-zip-extract-repository/workdir/tests/invenio-jobs/original/.venv/lib/python3.14/site-packages/edtf/parser/grammar.py,line=57::'oneOf' deprecated - use 'one_of'
::warning file=/home/runner/work/test-zip-extract-repository/test-zip-extract-repository/workdir/tests/invenio-jobs/original/.venv/lib/python3.14/site-packages/edtf/parser/grammar.py,line=58::'oneOf' deprecated - use 'one_of'
::warning file=/home/runner/work/test-zip-extract-repository/test-zip-extract-repository/workdir/tests/invenio-jobs/original/.venv/lib/python3.14/site-packages/edtf/parser/grammar.py,line=59::'oneOf' deprecated - use 'one_of'
::warning file=/home/runner/work/test-zip-extract-repository/test-zip-extract-repository/workdir/tests/invenio-jobs/original/.venv/lib/python3.14/site-packages/edtf/parser/grammar.py,line=60::'oneOf' deprecated - use 'one_of'
::warning file=/home/runner/work/test-zip-extract-repository/test-zip-extract-repository/workdir/tests/invenio-jobs/original/.venv/lib/python3.14/site-packages/edtf/parser/grammar.py,line=63::'excludeChars' argument is deprecated, use 'exclude_chars'
::warning file=/home/runner/work/test-zip-extract-repository/test-zip-extract-repository/workdir/tests/invenio-jobs/original/.venv/lib/python3.14/site-packages/edtf/parser/grammar.py,line=73::'oneOf' deprecated - use 'one_of'
::warning file=/home/runner/work/test-zip-extract-repository/test-zip-extract-repository/workdir/tests/invenio-jobs/original/.venv/lib/python3.14/site-packages/edtf/parser/grammar.py,line=74::'oneOf' deprecated - use 'one_of'
::warning file=/home/runner/work/test-zip-extract-repository/test-zip-extract-repository/workdir/tests/invenio-jobs/original/.venv/lib/python3.14/site-packages/edtf/parser/parser_classes.py,line=103::'addParseAction' deprecated - use 'add_parse_action'
::warning file=/home/runner/work/test-zip-extract-repository/test-zip-extract-repository/workdir/tests/invenio-jobs/original/.venv/lib/python3.14/site-packages/edtf/parser/parser_classes.py,line=103::'addParseAction' deprecated - use 'add_parse_action'
::warning file=/home/runner/work/test-zip-extract-repository/test-zip-extract-repository/workdir/tests/invenio-jobs/original/.venv/lib/python3.14/site-packages/edtf/parser/parser_classes.py,line=103::'addParseAction' deprecated - use 'add_parse_action'
::warning file=/home/runner/work/test-zip-extract-repository/test-zip-extract-repository/workdir/tests/invenio-jobs/original/.venv/lib/python3.14/site-packages/edtf/parser/grammar.py,line=119::'oneOf' deprecated - use 'one_of'
::warning file=/home/runner/work/test-zip-extract-repository/test-zip-extract-repository/workdir/tests/invenio-jobs/original/.venv/lib/python3.14/site-packages/edtf/parser/parser_classes.py,line=103::'addParseAction' deprecated - use 'add_parse_action'
::warning file=/home/runner/work/test-zip-extract-repository/test-zip-extract-repository/workdir/tests/invenio-jobs/original/.venv/lib/python3.14/site-packages/edtf/parser/grammar.py,line=122::'oneOf' deprecated - use 'one_of'
::warning file=/home/runner/work/test-zip-extract-repository/test-zip-extract-repository/workdir/tests/invenio-jobs/original/.venv/lib/python3.14/site-packages/edtf/parser/parser_classes.py,line=103::'addParseAction' deprecated - use 'add_parse_action'
::warning file=/home/runner/work/test-zip-extract-repository/test-zip-extract-repository/workdir/tests/invenio-jobs/original/.venv/lib/python3.14/site-packages/edtf/parser/parser_classes.py,line=103::'addParseAction' deprecated - use 'add_parse_action'
::warning file=/home/runner/work/test-zip-extract-repository/test-zip-extract-repository/workdir/tests/invenio-jobs/original/.venv/lib/python3.14/site-packages/edtf/parser/grammar.py,line=155::'addParseAction' deprecated - use 'add_parse_action'
::warning file=/home/runner/work/test-zip-extract-repository/test-zip-extract-repository/workdir/tests/invenio-jobs/original/.venv/lib/python3.14/site-packages/edtf/parser/grammar.py,line=157::'addParseAction' deprecated - use 'add_parse_action'
::warning file=/home/runner/work/test-zip-extract-repository/test-zip-extract-repository/workdir/tests/invenio-jobs/original/.venv/lib/python3.14/site-packages/edtf/parser/parser_classes.py,line=103::'addParseAction' deprecated - use 'add_parse_action'
::warning file=/home/runner/work/test-zip-extract-repository/test-zip-extract-repository/workdir/tests/invenio-jobs/original/.venv/lib/python3.14/site-packages/edtf/parser/parser_classes.py,line=103::'addParseAction' deprecated - use 'add_parse_action'
::warning file=/home/runner/work/test-zip-extract-repository/test-zip-extract-repository/workdir/tests/invenio-jobs/original/.venv/lib/python3.14/site-packages/edtf/parser/parser_classes.py,line=103::'addParseAction' deprecated - use 'add_parse_action'
::warning file=/home/runner/work/test-zip-extract-repository/test-zip-extract-repository/workdir/tests/invenio-jobs/original/.venv/lib/python3.14/site-packages/edtf/parser/grammar.py,line=199::'oneOf' deprecated - use 'one_of'
::warning file=/home/runner/work/test-zip-extract-repository/test-zip-extract-repository/workdir/tests/invenio-jobs/original/.venv/lib/python3.14/site-packages/edtf/parser/parser_classes.py,line=103::'addParseAction' deprecated - use 'add_parse_action'
::warning file=/home/runner/work/test-zip-extract-repository/test-zip-extract-repository/workdir/tests/invenio-jobs/original/.venv/lib/python3.14/site-packages/edtf/parser/parser_classes.py,line=103::'addParseAction' deprecated - use 'add_parse_action'
::warning file=/home/runner/work/test-zip-extract-repository/test-zip-extract-repository/workdir/tests/invenio-jobs/original/.venv/lib/python3.14/site-packages/edtf/parser/parser_classes.py,line=103::'addParseAction' deprecated - use 'add_parse_action'
::warning file=/home/runner/work/test-zip-extract-repository/test-zip-extract-repository/workdir/tests/invenio-jobs/original/.venv/lib/python3.14/site-packages/edtf/parser/parser_classes.py,line=103::'addParseAction' deprecated - use 'add_parse_action'
::warning file=/home/runner/work/test-zip-extract-repository/test-zip-extract-repository/workdir/tests/invenio-jobs/original/.venv/lib/python3.14/site-packages/edtf/parser/parser_classes.py,line=103::'addParseAction' deprecated - use 'add_parse_action'
::warning file=/home/runner/work/test-zip-extract-repository/test-zip-extract-repository/workdir/tests/invenio-jobs/original/.venv/lib/python3.14/site-packages/edtf/parser/grammar.py,line=303::'addParseAction' deprecated - use 'add_parse_action'
::warning file=/home/runner/work/test-zip-extract-repository/test-zip-extract-repository/workdir/tests/invenio-jobs/original/.venv/lib/python3.14/site-packages/edtf/parser/grammar.py,line=303::'addParseAction' deprecated - use 'add_parse_action'
::warning file=/home/runner/work/test-zip-extract-repository/test-zip-extract-repository/workdir/tests/invenio-jobs/original/.venv/lib/python3.14/site-packages/edtf/parser/grammar.py,line=304::'addParseAction' deprecated - use 'add_parse_action'
::warning file=/home/runner/work/test-zip-extract-repository/test-zip-extract-repository/workdir/tests/invenio-jobs/original/.venv/lib/python3.14/site-packages/edtf/parser/grammar.py,line=304::'addParseAction' deprecated - use 'add_parse_action'
::warning file=/home/runner/work/test-zip-extract-repository/test-zip-extract-repository/workdir/tests/invenio-jobs/original/.venv/lib/python3.14/site-packages/edtf/parser/parser_classes.py,line=103::'addParseAction' deprecated - use 'add_parse_action'
::warning file=/home/runner/work/test-zip-extract-repository/test-zip-extract-repository/workdir/tests/invenio-jobs/original/.venv/lib/python3.14/site-packages/edtf/parser/parser_classes.py,line=103::'addParseAction' deprecated - use 'add_parse_action'
::warning file=/home/runner/work/test-zip-extract-repository/test-zip-extract-repository/workdir/tests/invenio-jobs/original/.venv/lib/python3.14/site-packages/edtf/parser/parser_classes.py,line=103::'addParseAction' deprecated - use 'add_parse_action'
::warning file=/home/runner/work/test-zip-extract-repository/test-zip-extract-repository/workdir/tests/invenio-jobs/original/.venv/lib/python3.14/site-packages/edtf/parser/parser_classes.py,line=103::'addParseAction' deprecated - use 'add_parse_action'
::warning file=/home/runner/work/test-zip-extract-repository/test-zip-extract-repository/workdir/tests/invenio-jobs/original/.venv/lib/python3.14/site-packages/edtf/parser/grammar.py,line=325::'oneOf' deprecated - use 'one_of'
::warning file=/home/runner/work/test-zip-extract-repository/test-zip-extract-repository/workdir/tests/invenio-jobs/original/.venv/lib/python3.14/site-packages/edtf/parser/parser_classes.py,line=103::'addParseAction' deprecated - use 'add_parse_action'
::warning file=/home/runner/work/test-zip-extract-repository/test-zip-extract-repository/workdir/tests/invenio-jobs/original/.venv/lib/python3.14/site-packages/invenio_records/resolver.py,line=14::jsonschema.exceptions.RefResolutionError is deprecated as of version 4.18.0. If you wish to catch potential reference resolution errors, directly catch referencing.exceptions.Unresolvable.
::warning file=/home/runner/work/test-zip-extract-repository/test-zip-extract-repository/workdir/tests/invenio-jobs/original/.venv/lib/python3.14/site-packages/invenio_records/resolver.py,line=14::jsonschema.RefResolver is deprecated as of v4.18.0, in favor of the https://github.com/python-jsonschema/referencing library, which provides more compliant referencing behavior as well as more flexible APIs for customization. A future release will remove RefResolver. Please file a feature request (on referencing) if you are missing an API for the kind of customization you need.
::warning file=/home/runner/work/test-zip-extract-repository/test-zip-extract-repository/workdir/tests/invenio-jobs/original/.venv/lib/python3.14/site-packages/invenio_records/resolver.py,line=14::jsonschema.exceptions.RefResolutionError is deprecated as of version 4.18.0. If you wish to catch potential reference resolution errors, directly catch referencing.exceptions.Unresolvable.
::warning file=/home/runner/work/test-zip-extract-repository/test-zip-extract-repository/workdir/tests/invenio-jobs/original/.venv/lib/python3.14/site-packages/invenio_records/resolver.py,line=14::jsonschema.RefResolver is deprecated as of v4.18.0, in favor of the https://github.com/python-jsonschema/referencing library, which provides more compliant referencing behavior as well as more flexible APIs for customization. A future release will remove RefResolver. Please file a feature request (on referencing) if you are missing an API for the kind of customization you need.
::warning file=/home/runner/work/test-zip-extract-repository/test-zip-extract-repository/workdir/tests/invenio-jobs/original/.venv/lib/python3.14/site-packages/invenio_users_resources/services/domains/config.py,line=91::Link is deprecated and will be removed in v14.0. Use `ExternalLink` for third-party links and `EndpointLink` for InvenioRDM links.
::warning file=/home/runner/work/test-zip-extract-repository/test-zip-extract-repository/workdir/tests/invenio-jobs/original/.venv/lib/python3.14/site-packages/invenio_users_resources/services/domains/config.py,line=92::Link is deprecated and will be removed in v14.0. Use `ExternalLink` for third-party links and `EndpointLink` for InvenioRDM links.
::warning file=/home/runner/work/test-zip-extract-repository/test-zip-extract-repository/workdir/tests/invenio-jobs/original/.venv/lib/python3.14/site-packages/invenio_users_resources/services/domains/config.py,line=95::Link is deprecated and will be removed in v14.0. Use `ExternalLink` for third-party links and `EndpointLink` for InvenioRDM links.
::warning file=/home/runner/work/test-zip-extract-repository/test-zip-extract-repository/workdir/tests/invenio-jobs/original/.venv/lib/python3.14/site-packages/invenio_users_resources/services/domains/config.py,line=99::`pagination_links` is deprecated and will be removed in v14.0. Use `pagination_endpoint_links` instead.
::warning file=/home/runner/work/test-zip-extract-repository/test-zip-extract-repository/workdir/tests/invenio-jobs/original/.venv/lib/python3.14/site-packages/invenio_records_resources/services/records/links.py,line=57::Link is deprecated and will be removed in v14.0. Use `ExternalLink` for third-party links and `EndpointLink` for InvenioRDM links.
::warning file=/home/runner/work/test-zip-extract-repository/test-zip-extract-repository/workdir/tests/invenio-jobs/original/.venv/lib/python3.14/site-packages/invenio_records_resources/services/records/links.py,line=64::Link is deprecated and will be removed in v14.0. Use `ExternalLink` for third-party links and `EndpointLink` for InvenioRDM links.
::warning file=/home/runner/work/test-zip-extract-repository/test-zip-extract-repository/workdir/tests/invenio-jobs/original/.venv/lib/python3.14/site-packages/invenio_records_resources/services/records/links.py,line=65::Link is deprecated and will be removed in v14.0. Use `ExternalLink` for third-party links and `EndpointLink` for InvenioRDM links.
::warning file=/home/runner/work/test-zip-extract-repository/test-zip-extract-repository/workdir/tests/invenio-jobs/original/.venv/lib/python3.14/site-packages/invenio_users_resources/services/groups/config.py,line=78::Link is deprecated and will be removed in v14.0. Use `ExternalLink` for third-party links and `EndpointLink` for InvenioRDM links.
::warning file=/home/runner/work/test-zip-extract-repository/test-zip-extract-repository/workdir/tests/invenio-jobs/original/.venv/lib/python3.14/site-packages/invenio_users_resources/services/groups/config.py,line=79::Link is deprecated and will be removed in v14.0. Use `ExternalLink` for third-party links and `EndpointLink` for InvenioRDM links.
::warning file=/home/runner/work/test-zip-extract-repository/test-zip-extract-repository/workdir/tests/invenio-jobs/original/.venv/lib/python3.14/site-packages/invenio_users_resources/services/groups/config.py,line=81::`pagination_links` is deprecated and will be removed in v14.0. Use `pagination_endpoint_links` instead.
::warning file=/home/runner/work/test-zip-extract-repository/test-zip-extract-repository/workdir/tests/invenio-jobs/original/.venv/lib/python3.14/site-packages/invenio_records_resources/services/records/links.py,line=57::Link is deprecated and will be removed in v14.0. Use `ExternalLink` for third-party links and `EndpointLink` for InvenioRDM links.
::warning file=/home/runner/work/test-zip-extract-repository/test-zip-extract-repository/workdir/tests/invenio-jobs/original/.venv/lib/python3.14/site-packages/invenio_records_resources/services/records/links.py,line=64::Link is deprecated and will be removed in v14.0. Use `ExternalLink` for third-party links and `EndpointLink` for InvenioRDM links.
::warning file=/home/runner/work/test-zip-extract-repository/test-zip-extract-repository/workdir/tests/invenio-jobs/original/.venv/lib/python3.14/site-packages/invenio_records_resources/services/records/links.py,line=65::Link is deprecated and will be removed in v14.0. Use `ExternalLink` for third-party links and `EndpointLink` for InvenioRDM links.
::warning file=/home/runner/work/test-zip-extract-repository/test-zip-extract-repository/workdir/tests/invenio-jobs/original/.venv/lib/python3.14/site-packages/invenio_users_resources/services/users/config.py,line=203::Link is deprecated and will be removed in v14.0. Use `ExternalLink` for third-party links and `EndpointLink` for InvenioRDM links.
::warning file=/home/runner/work/test-zip-extract-repository/test-zip-extract-repository/workdir/tests/invenio-jobs/original/.venv/lib/python3.14/site-packages/invenio_users_resources/services/users/config.py,line=204::Link is deprecated and will be removed in v14.0. Use `ExternalLink` for third-party links and `EndpointLink` for InvenioRDM links.
::warning file=/home/runner/work/test-zip-extract-repository/test-zip-extract-repository/workdir/tests/invenio-jobs/original/.venv/lib/python3.14/site-packages/invenio_users_resources/services/users/config.py,line=205::Link is deprecated and will be removed in v14.0. Use `ExternalLink` for third-party links and `EndpointLink` for InvenioRDM links.
::warning file=/home/runner/work/test-zip-extract-repository/test-zip-extract-repository/workdir/tests/invenio-jobs/original/.venv/lib/python3.14/site-packages/invenio_users_resources/services/users/config.py,line=206::Link is deprecated and will be removed in v14.0. Use `ExternalLink` for third-party links and `EndpointLink` for InvenioRDM links.
::warning file=/home/runner/work/test-zip-extract-repository/test-zip-extract-repository/workdir/tests/invenio-jobs/original/.venv/lib/python3.14/site-packages/invenio_users_resources/services/users/config.py,line=210::Link is deprecated and will be removed in v14.0. Use `ExternalLink` for third-party links and `EndpointLink` for InvenioRDM links.
::warning file=/home/runner/work/test-zip-extract-repository/test-zip-extract-repository/workdir/tests/invenio-jobs/original/.venv/lib/python3.14/site-packages/invenio_users_resources/services/users/config.py,line=214::Link is deprecated and will be removed in v14.0. Use `ExternalLink` for third-party links and `EndpointLink` for InvenioRDM links.
::warning file=/home/runner/work/test-zip-extract-repository/test-zip-extract-repository/workdir/tests/invenio-jobs/original/.venv/lib/python3.14/site-packages/invenio_users_resources/services/users/config.py,line=219::`pagination_links` is deprecated and will be removed in v14.0. Use `pagination_endpoint_links` instead.
::warning file=/home/runner/work/test-zip-extract-repository/test-zip-extract-repository/workdir/tests/invenio-jobs/original/.venv/lib/python3.14/site-packages/invenio_records_resources/services/records/links.py,line=57::Link is deprecated and will be removed in v14.0. Use `ExternalLink` for third-party links and `EndpointLink` for InvenioRDM links.
::warning file=/home/runner/work/test-zip-extract-repository/test-zip-extract-repository/workdir/tests/invenio-jobs/original/.venv/lib/python3.14/site-packages/invenio_records_resources/services/records/links.py,line=64::Link is deprecated and will be removed in v14.0. Use `ExternalLink` for third-party links and `EndpointLink` for InvenioRDM links.
::warning file=/home/runner/work/test-zip-extract-repository/test-zip-extract-repository/workdir/tests/invenio-jobs/original/.venv/lib/python3.14/site-packages/invenio_records_resources/services/records/links.py,line=65::Link is deprecated and will be removed in v14.0. Use `ExternalLink` for third-party links and `EndpointLink` for InvenioRDM links.
::warning file=/home/runner/work/test-zip-extract-repository/test-zip-extract-repository/workdir/tests/invenio-jobs/original/.venv/lib/python3.14/site-packages/marshmallow/fields.py,line=986::The 'default' argument to fields is deprecated. Use 'dump_default' instead.
::warning file=/home/runner/work/test-zip-extract-repository/test-zip-extract-repository/workdir/tests/invenio-jobs/original/.venv/lib/python3.14/site-packages/marshmallow/fields.py,line=986::The 'default' argument to fields is deprecated. Use 'dump_default' instead.
::warning file=/home/runner/work/test-zip-extract-repository/test-zip-extract-repository/workdir/tests/invenio-jobs/original/.venv/lib/python3.14/site-packages/marshmallow/fields.py,line=986::The 'default' argument to fields is deprecated. Use 'dump_default' instead.
::warning file=/home/runner/work/test-zip-extract-repository/test-zip-extract-repository/workdir/tests/invenio-jobs/original/.venv/lib/python3.14/site-packages/marshmallow/fields.py,line=986::The 'default' argument to fields is deprecated. Use 'dump_default' instead.
::warning file=/home/runner/work/test-zip-extract-repository/test-zip-extract-repository/workdir/tests/invenio-jobs/original/.venv/lib/python3.14/site-packages/marshmallow/fields.py,line=986::The 'default' argument to fields is deprecated. Use 'dump_default' instead.
::warning file=/home/runner/work/test-zip-extract-repository/test-zip-extract-repository/workdir/tests/invenio-jobs/original/.venv/lib/python3.14/site-packages/marshmallow/utils.py,line=361::`Field` should not be instantiated. Use `fields.Raw` or  another field subclass instead.
::warning file=/home/runner/work/test-zip-extract-repository/test-zip-extract-repository/workdir/tests/invenio-jobs/original/invenio_jobs/services/config.py,line=73::`pagination_links` is deprecated and will be removed in v14.0. Use `pagination_endpoint_links` instead.
::warning file=/home/runner/work/test-zip-extract-repository/test-zip-extract-repository/workdir/tests/invenio-jobs/original/.venv/lib/python3.14/site-packages/invenio_records_resources/services/records/links.py,line=57::Link is deprecated and will be removed in v14.0. Use `ExternalLink` for third-party links and `EndpointLink` for InvenioRDM links.
::warning file=/home/runner/work/test-zip-extract-repository/test-zip-extract-repository/workdir/tests/invenio-jobs/original/.venv/lib/python3.14/site-packages/invenio_records_resources/services/records/links.py,line=64::Link is deprecated and will be removed in v14.0. Use `ExternalLink` for third-party links and `EndpointLink` for InvenioRDM links.
::warning file=/home/runner/work/test-zip-extract-repository/test-zip-extract-repository/workdir/tests/invenio-jobs/original/.venv/lib/python3.14/site-packages/invenio_records_resources/services/records/links.py,line=65::Link is deprecated and will be removed in v14.0. Use `ExternalLink` for third-party links and `EndpointLink` for InvenioRDM links.
::warning file=/home/runner/work/test-zip-extract-repository/test-zip-extract-repository/workdir/tests/invenio-jobs/original/invenio_jobs/services/config.py,line=108::Link is deprecated and will be removed in v14.0. Use `ExternalLink` for third-party links and `EndpointLink` for InvenioRDM links.
::warning file=/home/runner/work/test-zip-extract-repository/test-zip-extract-repository/workdir/tests/invenio-jobs/original/invenio_jobs/services/config.py,line=109::Link is deprecated and will be removed in v14.0. Use `ExternalLink` for third-party links and `EndpointLink` for InvenioRDM links.
::warning file=/home/runner/work/test-zip-extract-repository/test-zip-extract-repository/workdir/tests/invenio-jobs/original/invenio_jobs/services/config.py,line=110::Link is deprecated and will be removed in v14.0. Use `ExternalLink` for third-party links and `EndpointLink` for InvenioRDM links.
::warning file=/home/runner/work/test-zip-extract-repository/test-zip-extract-repository/workdir/tests/invenio-jobs/original/invenio_jobs/services/config.py,line=113::`pagination_links` is deprecated and will be removed in v14.0. Use `pagination_endpoint_links` instead.
::warning file=/home/runner/work/test-zip-extract-repository/test-zip-extract-repository/workdir/tests/invenio-jobs/original/.venv/lib/python3.14/site-packages/invenio_records_resources/services/records/links.py,line=57::Link is deprecated and will be removed in v14.0. Use `ExternalLink` for third-party links and `EndpointLink` for InvenioRDM links.
::warning file=/home/runner/work/test-zip-extract-repository/test-zip-extract-repository/workdir/tests/invenio-jobs/original/.venv/lib/python3.14/site-packages/invenio_records_resources/services/records/links.py,line=64::Link is deprecated and will be removed in v14.0. Use `ExternalLink` for third-party links and `EndpointLink` for InvenioRDM links.
::warning file=/home/runner/work/test-zip-extract-repository/test-zip-extract-repository/workdir/tests/invenio-jobs/original/.venv/lib/python3.14/site-packages/invenio_records_resources/services/records/links.py,line=65::Link is deprecated and will be removed in v14.0. Use `ExternalLink` for third-party links and `EndpointLink` for InvenioRDM links.
::warning file=/home/runner/work/test-zip-extract-repository/test-zip-extract-repository/workdir/tests/invenio-jobs/original/invenio_jobs/services/config.py,line=148::Link is deprecated and will be removed in v14.0. Use `ExternalLink` for third-party links and `EndpointLink` for InvenioRDM links.
::warning file=/home/runner/work/test-zip-extract-repository/test-zip-extract-repository/workdir/tests/invenio-jobs/original/invenio_jobs/services/config.py,line=149::Link is deprecated and will be removed in v14.0. Use `ExternalLink` for third-party links and `EndpointLink` for InvenioRDM links.
::warning file=/home/runner/work/test-zip-extract-repository/test-zip-extract-repository/workdir/tests/invenio-jobs/original/invenio_jobs/services/config.py,line=150::Link is deprecated and will be removed in v14.0. Use `ExternalLink` for third-party links and `EndpointLink` for InvenioRDM links.
::warning file=/home/runner/work/test-zip-extract-repository/test-zip-extract-repository/workdir/tests/invenio-jobs/original/invenio_jobs/services/config.py,line=153::`pagination_links` is deprecated and will be removed in v14.0. Use `pagination_endpoint_links` instead.
::warning file=/home/runner/work/test-zip-extract-repository/test-zip-extract-repository/workdir/tests/invenio-jobs/original/.venv/lib/python3.14/site-packages/invenio_records_resources/services/records/links.py,line=57::Link is deprecated and will be removed in v14.0. Use `ExternalLink` for third-party links and `EndpointLink` for InvenioRDM links.
::warning file=/home/runner/work/test-zip-extract-repository/test-zip-extract-repository/workdir/tests/invenio-jobs/original/.venv/lib/python3.14/site-packages/invenio_records_resources/services/records/links.py,line=64::Link is deprecated and will be removed in v14.0. Use `ExternalLink` for third-party links and `EndpointLink` for InvenioRDM links.
::warning file=/home/runner/work/test-zip-extract-repository/test-zip-extract-repository/workdir/tests/invenio-jobs/original/.venv/lib/python3.14/site-packages/invenio_records_resources/services/records/links.py,line=65::Link is deprecated and will be removed in v14.0. Use `ExternalLink` for third-party links and `EndpointLink` for InvenioRDM links.
============================= test session starts ==============================
platform linux -- Python 3.14.2, pytest-8.4.2, pluggy-1.6.0
rootdir: /home/runner/work/test-zip-extract-repository/test-zip-extract-repository/workdir/tests/invenio-jobs/original
configfile: setup.cfg
testpaths: docs, tests, invenio_jobs
plugins: isort-4.0.0, flask-1.3.0, black-ng-0.4.1, invenio-3.4.2, github-actions-annotate-failures-0.3.0, pydocstyle-2.4.0, cov-7.0.0, pycodestyle-2.5.0
collected 25 items

tests/resources/test_resources.py ::error file=workdir/tests/invenio-jobs/original/tests/resources/test_resources.py,line=115::test_simple_flow%0A%0AKeyError: 'identity'
Fs.::warning file=/home/runner/work/test-zip-extract-repository/test-zip-extract-repository/workdir/tests/invenio-jobs/original/.venv/lib/python3.14/site-packages/sqlalchemy/sql/schema.py,line=3624::datetime.datetime.utcnow() is deprecated and scheduled for removal in a future version. Use timezone-aware objects to represent datetimes in UTC: datetime.datetime.now(datetime.UTC).
::warning file=/home/runner/work/test-zip-extract-repository/test-zip-extract-repository/workdir/tests/invenio-jobs/original/.venv/lib/python3.14/site-packages/sqlalchemy/sql/schema.py,line=3624::datetime.datetime.utcnow() is deprecated and scheduled for removal in a future version. Use timezone-aware objects to represent datetimes in UTC: datetime.datetime.now(datetime.UTC).
::warning file=/home/runner/work/test-zip-extract-repository/test-zip-extract-repository/workdir/tests/invenio-jobs/original/.venv/lib/python3.14/site-packages/sqlalchemy/sql/schema.py,line=3624::datetime.datetime.utcnow() is deprecated and scheduled for removal in a future version. Use timezone-aware objects to represent datetimes in UTC: datetime.datetime.now(datetime.UTC).
::warning file=/home/runner/work/test-zip-extract-repository/test-zip-extract-repository/workdir/tests/invenio-jobs/original/.venv/lib/python3.14/site-packages/sqlalchemy/sql/schema.py,line=3624::datetime.datetime.utcnow() is deprecated and scheduled for removal in a future version. Use timezone-aware objects to represent datetimes in UTC: datetime.datetime.now(datetime.UTC).
.::warning file=/home/runner/work/test-zip-extract-repository/test-zip-extract-repository/workdir/tests/invenio-jobs/original/.venv/lib/python3.14/site-packages/pytest_invenio/user.py,line=36::datetime.datetime.utcnow() is deprecated and scheduled for removal in a future version. Use timezone-aware objects to represent datetimes in UTC: datetime.datetime.now(datetime.UTC).
::warning file=/home/runner/work/test-zip-extract-repository/test-zip-extract-repository/workdir/tests/invenio-jobs/original/.venv/lib/python3.14/site-packages/sqlalchemy/sql/schema.py,line=3624::datetime.datetime.utcnow() is deprecated and scheduled for removal in a future version. Use timezone-aware objects to represent datetimes in UTC: datetime.datetime.now(datetime.UTC).
::warning file=/home/runner/work/test-zip-extract-repository/test-zip-extract-repository/workdir/tests/invenio-jobs/original/.venv/lib/python3.14/site-packages/sqlalchemy/sql/schema.py,line=3624::datetime.datetime.utcnow() is deprecated and scheduled for removal in a future version. Use timezone-aware objects to represent datetimes in UTC: datetime.datetime.now(datetime.UTC).
::warning file=/home/runner/work/test-zip-extract-repository/test-zip-extract-repository/workdir/tests/invenio-jobs/original/.venv/lib/python3.14/site-packages/flask_security/datastore.py,line=235::The Query.get() method is considered legacy as of the 1.x series of SQLAlchemy and becomes a legacy construct in 2.0. The method is now available as Session.get() (deprecated since: 2.0)
::warning file=/home/runner/work/test-zip-extract-repository/test-zip-extract-repository/workdir/tests/invenio-jobs/original/.venv/lib/python3.14/site-packages/sqlalchemy/sql/schema.py,line=3624::datetime.datetime.utcnow() is deprecated and scheduled for removal in a future version. Use timezone-aware objects to represent datetimes in UTC: datetime.datetime.now(datetime.UTC).
::warning file=/home/runner/work/test-zip-extract-repository/test-zip-extract-repository/workdir/tests/invenio-jobs/original/.venv/lib/python3.14/site-packages/sqlalchemy/sql/schema.py,line=3624::datetime.datetime.utcnow() is deprecated and scheduled for removal in a future version. Use timezone-aware objects to represent datetimes in UTC: datetime.datetime.now(datetime.UTC).
::warning file=/home/runner/work/test-zip-extract-repository/test-zip-extract-repository/workdir/tests/invenio-jobs/original/.venv/lib/python3.14/site-packages/sqlalchemy/sql/schema.py,line=3624::datetime.datetime.utcnow() is deprecated and scheduled for removal in a future version. Use timezone-aware objects to represent datetimes in UTC: datetime.datetime.now(datetime.UTC).
::warning file=/home/runner/work/test-zip-extract-repository/test-zip-extract-repository/workdir/tests/invenio-jobs/original/.venv/lib/python3.14/site-packages/sqlalchemy/sql/schema.py,line=3624::datetime.datetime.utcnow() is deprecated and scheduled for removal in a future version. Use timezone-aware objects to represent datetimes in UTC: datetime.datetime.now(datetime.UTC).
::warning file=/home/runner/work/test-zip-extract-repository/test-zip-extract-repository/workdir/tests/invenio-jobs/original/.venv/lib/python3.14/site-packages/sqlalchemy/sql/schema.py,line=3624::datetime.datetime.utcnow() is deprecated and scheduled for removal in a future version. Use timezone-aware objects to represent datetimes in UTC: datetime.datetime.now(datetime.UTC).
::warning file=/home/runner/work/test-zip-extract-repository/test-zip-extract-repository/workdir/tests/invenio-jobs/original/.venv/lib/python3.14/site-packages/sqlalchemy/sql/schema.py,line=3624::datetime.datetime.utcnow() is deprecated and scheduled for removal in a future version. Use timezone-aware objects to represent datetimes in UTC: datetime.datetime.now(datetime.UTC).
::warning file=/home/runner/work/test-zip-extract-repository/test-zip-extract-repository/workdir/tests/invenio-jobs/original/.venv/lib/python3.14/site-packages/sqlalchemy_utils/models.py,line=33::datetime.datetime.utcnow() is deprecated and scheduled for removal in a future version. Use timezone-aware objects to represent datetimes in UTC: datetime.datetime.now(datetime.UTC).
.::warning file=/home/runner/work/test-zip-extract-repository/test-zip-extract-repository/workdir/tests/invenio-jobs/original/.venv/lib/python3.14/site-packages/pytest_invenio/user.py,line=36::datetime.datetime.utcnow() is deprecated and scheduled for removal in a future version. Use timezone-aware objects to represent datetimes in UTC: datetime.datetime.now(datetime.UTC).
::warning file=/home/runner/work/test-zip-extract-repository/test-zip-extract-repository/workdir/tests/invenio-jobs/original/.venv/lib/python3.14/site-packages/sqlalchemy/sql/schema.py,line=3624::datetime.datetime.utcnow() is deprecated and scheduled for removal in a future version. Use timezone-aware objects to represent datetimes in UTC: datetime.datetime.now(datetime.UTC).
::warning file=/home/runner/work/test-zip-extract-repository/test-zip-extract-repository/workdir/tests/invenio-jobs/original/.venv/lib/python3.14/site-packages/sqlalchemy/sql/schema.py,line=3624::datetime.datetime.utcnow() is deprecated and scheduled for removal in a future version. Use timezone-aware objects to represent datetimes in UTC: datetime.datetime.now(datetime.UTC).
::warning file=/home/runner/work/test-zip-extract-repository/test-zip-extract-repository/workdir/tests/invenio-jobs/original/.venv/lib/python3.14/site-packages/flask_security/datastore.py,line=235::The Query.get() method is considered legacy as of the 1.x series of SQLAlchemy and becomes a legacy construct in 2.0. The method is now available as Session.get() (deprecated since: 2.0)
::warning file=/home/runner/work/test-zip-extract-repository/test-zip-extract-repository/workdir/tests/invenio-jobs/original/.venv/lib/python3.14/site-packages/sqlalchemy/sql/schema.py,line=3624::datetime.datetime.utcnow() is deprecated and scheduled for removal in a future version. Use timezone-aware objects to represent datetimes in UTC: datetime.datetime.now(datetime.UTC).
::warning file=/home/runner/work/test-zip-extract-repository/test-zip-extract-repository/workdir/tests/invenio-jobs/original/.venv/lib/python3.14/site-packages/sqlalchemy/sql/schema.py,line=3624::datetime.datetime.utcnow() is deprecated and scheduled for removal in a future version. Use timezone-aware objects to represent datetimes in UTC: datetime.datetime.now(datetime.UTC).
::warning file=/home/runner/work/test-zip-extract-repository/test-zip-extract-repository/workdir/tests/invenio-jobs/original/.venv/lib/python3.14/site-packages/sqlalchemy/sql/schema.py,line=3624::datetime.datetime.utcnow() is deprecated and scheduled for removal in a future version. Use timezone-aware objects to represent datetimes in UTC: datetime.datetime.now(datetime.UTC).
::warning file=/home/runner/work/test-zip-extract-repository/test-zip-extract-repository/workdir/tests/invenio-jobs/original/.venv/lib/python3.14/site-packages/sqlalchemy/sql/schema.py,line=3624::datetime.datetime.utcnow() is deprecated and scheduled for removal in a future version. Use timezone-aware objects to represent datetimes in UTC: datetime.datetime.now(datetime.UTC).
::warning file=/home/runner/work/test-zip-extract-repository/test-zip-extract-repository/workdir/tests/invenio-jobs/original/.venv/lib/python3.14/site-packages/sqlalchemy/sql/schema.py,line=3624::datetime.datetime.utcnow() is deprecated and scheduled for removal in a future version. Use timezone-aware objects to represent datetimes in UTC: datetime.datetime.now(datetime.UTC).
::warning file=/home/runner/work/test-zip-extract-repository/test-zip-extract-repository/workdir/tests/invenio-jobs/original/.venv/lib/python3.14/site-packages/sqlalchemy/sql/schema.py,line=3624::datetime.datetime.utcnow() is deprecated and scheduled for removal in a future version. Use timezone-aware objects to represent datetimes in UTC: datetime.datetime.now(datetime.UTC).
.::warning file=/home/runner/work/test-zip-extract-repository/test-zip-extract-repository/workdir/tests/invenio-jobs/original/.venv/lib/python3.14/site-packages/pytest_invenio/user.py,line=36::datetime.datetime.utcnow() is deprecated and scheduled for removal in a future version. Use timezone-aware objects to represent datetimes in UTC: datetime.datetime.now(datetime.UTC).
::warning file=/home/runner/work/test-zip-extract-repository/test-zip-extract-repository/workdir/tests/invenio-jobs/original/.venv/lib/python3.14/site-packages/sqlalchemy/sql/schema.py,line=3624::datetime.datetime.utcnow() is deprecated and scheduled for removal in a future version. Use timezone-aware objects to represent datetimes in UTC: datetime.datetime.now(datetime.UTC).
::warning file=/home/runner/work/test-zip-extract-repository/test-zip-extract-repository/workdir/tests/invenio-jobs/original/.venv/lib/python3.14/site-packages/sqlalchemy/sql/schema.py,line=3624::datetime.datetime.utcnow() is deprecated and scheduled for removal in a future version. Use timezone-aware objects to represent datetimes in UTC: datetime.datetime.now(datetime.UTC).
::warning file=/home/runner/work/test-zip-extract-repository/test-zip-extract-repository/workdir/tests/invenio-jobs/original/.venv/lib/python3.14/site-packages/flask_security/datastore.py,line=235::The Query.get() method is considered legacy as of the 1.x series of SQLAlchemy and becomes a legacy construct in 2.0. The method is now available as Session.get() (deprecated since: 2.0)
::warning file=/home/runner/work/test-zip-extract-repository/test-zip-extract-repository/workdir/tests/invenio-jobs/original/.venv/lib/python3.14/site-packages/sqlalchemy/sql/schema.py,line=3624::datetime.datetime.utcnow() is deprecated and scheduled for removal in a future version. Use timezone-aware objects to represent datetimes in UTC: datetime.datetime.now(datetime.UTC).
::warning file=/home/runner/work/test-zip-extract-repository/test-zip-extract-repository/workdir/tests/invenio-jobs/original/.venv/lib/python3.14/site-packages/sqlalchemy/sql/schema.py,line=3624::datetime.datetime.utcnow() is deprecated and scheduled for removal in a future version. Use timezone-aware objects to represent datetimes in UTC: datetime.datetime.now(datetime.UTC).
::warning file=/home/runner/work/test-zip-extract-repository/test-zip-extract-repository/workdir/tests/invenio-jobs/original/.venv/lib/python3.14/site-packages/sqlalchemy/sql/schema.py,line=3624::datetime.datetime.utcnow() is deprecated and scheduled for removal in a future version. Use timezone-aware objects to represent datetimes in UTC: datetime.datetime.now(datetime.UTC).
::warning file=/home/runner/work/test-zip-extract-repository/test-zip-extract-repository/workdir/tests/invenio-jobs/original/.venv/lib/python3.14/site-packages/sqlalchemy/sql/schema.py,line=3624::datetime.datetime.utcnow() is deprecated and scheduled for removal in a future version. Use timezone-aware objects to represent datetimes in UTC: datetime.datetime.now(datetime.UTC).
::warning file=/home/runner/work/test-zip-extract-repository/test-zip-extract-repository/workdir/tests/invenio-jobs/original/.venv/lib/python3.14/site-packages/sqlalchemy/sql/schema.py,line=3624::datetime.datetime.utcnow() is deprecated and scheduled for removal in a future version. Use timezone-aware objects to represent datetimes in UTC: datetime.datetime.now(datetime.UTC).
::warning file=/home/runner/work/test-zip-extract-repository/test-zip-extract-repository/workdir/tests/invenio-jobs/original/.venv/lib/python3.14/site-packages/sqlalchemy/sql/schema.py,line=3624::datetime.datetime.utcnow() is deprecated and scheduled for removal in a future version. Use timezone-aware objects to represent datetimes in UTC: datetime.datetime.now(datetime.UTC).
s                                [ 28%]
tests/test_alembic.py s                                                  [ 32%]
tests/test_deprecated.py .                                               [ 36%]
tests/test_invenio_jobs.py ..                                            [ 44%]
tests/test_services_job_logs.py .::warning file=/home/runner/work/test-zip-extract-repository/test-zip-extract-repository/workdir/tests/invenio-jobs/original/.venv/lib/python3.14/site-packages/invenio_rest/ext.py,line=29::CSRF validation will be enabled by default in the version 1.3.x
::warning file=/home/runner/work/test-zip-extract-repository/test-zip-extract-repository/workdir/tests/invenio-jobs/original/.venv/lib/python3.14/site-packages/flask_caching/__init__.py,line=145::Using the initialization functions in flask_caching.backend is deprecated.  Use the a full path to backend classes directly.
::warning file=/home/runner/work/test-zip-extract-repository/test-zip-extract-repository/workdir/tests/invenio-jobs/original/.venv/lib/python3.14/site-packages/pytest_invenio/user.py,line=36::datetime.datetime.utcnow() is deprecated and scheduled for removal in a future version. Use timezone-aware objects to represent datetimes in UTC: datetime.datetime.now(datetime.UTC).
::warning file=/home/runner/work/test-zip-extract-repository/test-zip-extract-repository/workdir/tests/invenio-jobs/original/.venv/lib/python3.14/site-packages/sqlalchemy/sql/schema.py,line=3624::datetime.datetime.utcnow() is deprecated and scheduled for removal in a future version. Use timezone-aware objects to represent datetimes in UTC: datetime.datetime.now(datetime.UTC).
::warning file=/home/runner/work/test-zip-extract-repository/test-zip-extract-repository/workdir/tests/invenio-jobs/original/.venv/lib/python3.14/site-packages/flask_security/datastore.py,line=235::The Query.get() method is considered legacy as of the 1.x series of SQLAlchemy and becomes a legacy construct in 2.0. The method is now available as Session.get() (deprecated since: 2.0)
.::warning file=/home/runner/work/test-zip-extract-repository/test-zip-extract-repository/workdir/tests/invenio-jobs/original/.venv/lib/python3.14/site-packages/pytest_invenio/user.py,line=36::datetime.datetime.utcnow() is deprecated and scheduled for removal in a future version. Use timezone-aware objects to represent datetimes in UTC: datetime.datetime.now(datetime.UTC).
::warning file=/home/runner/work/test-zip-extract-repository/test-zip-extract-repository/workdir/tests/invenio-jobs/original/.venv/lib/python3.14/site-packages/sqlalchemy/sql/schema.py,line=3624::datetime.datetime.utcnow() is deprecated and scheduled for removal in a future version. Use timezone-aware objects to represent datetimes in UTC: datetime.datetime.now(datetime.UTC).
::warning file=/home/runner/work/test-zip-extract-repository/test-zip-extract-repository/workdir/tests/invenio-jobs/original/.venv/lib/python3.14/site-packages/sqlalchemy/sql/schema.py,line=3624::datetime.datetime.utcnow() is deprecated and scheduled for removal in a future version. Use timezone-aware objects to represent datetimes in UTC: datetime.datetime.now(datetime.UTC).
::warning file=/home/runner/work/test-zip-extract-repository/test-zip-extract-repository/workdir/tests/invenio-jobs/original/.venv/lib/python3.14/site-packages/flask_security/datastore.py,line=235::The Query.get() method is considered legacy as of the 1.x series of SQLAlchemy and becomes a legacy construct in 2.0. The method is now available as Session.get() (deprecated since: 2.0)
                                       [ 52%]
tests/test_services_subtasks.py ::error file=workdir/tests/invenio-jobs/original/tests/test_services_subtasks.py,line=39::test_create_subtask_run%0A%0AKeyError: 'identity'
F::warning file=/home/runner/work/test-zip-extract-repository/test-zip-extract-repository/workdir/tests/invenio-jobs/original/.venv/lib/python3.14/site-packages/invenio_rest/ext.py,line=29::CSRF validation will be enabled by default in the version 1.3.x
::warning file=/home/runner/work/test-zip-extract-repository/test-zip-extract-repository/workdir/tests/invenio-jobs/original/.venv/lib/python3.14/site-packages/flask_caching/__init__.py,line=145::Using the initialization functions in flask_caching.backend is deprecated.  Use the a full path to backend classes directly.
::warning file=/home/runner/work/test-zip-extract-repository/test-zip-extract-repository/workdir/tests/invenio-jobs/original/.venv/lib/python3.14/site-packages/pytest_invenio/user.py,line=36::datetime.datetime.utcnow() is deprecated and scheduled for removal in a future version. Use timezone-aware objects to represent datetimes in UTC: datetime.datetime.now(datetime.UTC).
::warning file=/home/runner/work/test-zip-extract-repository/test-zip-extract-repository/workdir/tests/invenio-jobs/original/.venv/lib/python3.14/site-packages/sqlalchemy/sql/schema.py,line=3624::datetime.datetime.utcnow() is deprecated and scheduled for removal in a future version. Use timezone-aware objects to represent datetimes in UTC: datetime.datetime.now(datetime.UTC).
::warning file=/home/runner/work/test-zip-extract-repository/test-zip-extract-repository/workdir/tests/invenio-jobs/original/.venv/lib/python3.14/site-packages/flask_security/datastore.py,line=235::The Query.get() method is considered legacy as of the 1.x series of SQLAlchemy and becomes a legacy construct in 2.0. The method is now available as Session.get() (deprecated since: 2.0)
::warning file=/home/runner/work/test-zip-extract-repository/test-zip-extract-repository/workdir/tests/invenio-jobs/original/.venv/lib/python3.14/site-packages/sqlalchemy_utils/models.py,line=33::datetime.datetime.utcnow() is deprecated and scheduled for removal in a future version. Use timezone-aware objects to represent datetimes in UTC: datetime.datetime.now(datetime.UTC).
::warning file=/home/runner/work/test-zip-extract-repository/test-zip-extract-repository/workdir/tests/invenio-jobs/original/invenio_jobs/tasks.py,line=61::datetime.datetime.utcnow() is deprecated and scheduled for removal in a future version. Use timezone-aware objects to represent datetimes in UTC: datetime.datetime.now(datetime.UTC).
::warning file=/home/runner/work/test-zip-extract-repository/test-zip-extract-repository/workdir/tests/invenio-jobs/original/invenio_jobs/tasks.py,line=121::datetime.datetime.utcnow() is deprecated and scheduled for removal in a future version. Use timezone-aware objects to represent datetimes in UTC: datetime.datetime.now(datetime.UTC).
.::warning file=/home/runner/work/test-zip-extract-repository/test-zip-extract-repository/workdir/tests/invenio-jobs/original/.venv/lib/python3.14/site-packages/pytest_invenio/user.py,line=36::datetime.datetime.utcnow() is deprecated and scheduled for removal in a future version. Use timezone-aware objects to represent datetimes in UTC: datetime.datetime.now(datetime.UTC).
::warning file=/home/runner/work/test-zip-extract-repository/test-zip-extract-repository/workdir/tests/invenio-jobs/original/.venv/lib/python3.14/site-packages/sqlalchemy/sql/schema.py,line=3624::datetime.datetime.utcnow() is deprecated and scheduled for removal in a future version. Use timezone-aware objects to represent datetimes in UTC: datetime.datetime.now(datetime.UTC).
::warning file=/home/runner/work/test-zip-extract-repository/test-zip-extract-repository/workdir/tests/invenio-jobs/original/.venv/lib/python3.14/site-packages/sqlalchemy/sql/schema.py,line=3624::datetime.datetime.utcnow() is deprecated and scheduled for removal in a future version. Use timezone-aware objects to represent datetimes in UTC: datetime.datetime.now(datetime.UTC).
::warning file=/home/runner/work/test-zip-extract-repository/test-zip-extract-repository/workdir/tests/invenio-jobs/original/.venv/lib/python3.14/site-packages/flask_security/datastore.py,line=235::The Query.get() method is considered legacy as of the 1.x series of SQLAlchemy and becomes a legacy construct in 2.0. The method is now available as Session.get() (deprecated since: 2.0)
::warning file=/home/runner/work/test-zip-extract-repository/test-zip-extract-repository/workdir/tests/invenio-jobs/original/.venv/lib/python3.14/site-packages/sqlalchemy/sql/schema.py,line=3624::datetime.datetime.utcnow() is deprecated and scheduled for removal in a future version. Use timezone-aware objects to represent datetimes in UTC: datetime.datetime.now(datetime.UTC).
::warning file=/home/runner/work/test-zip-extract-repository/test-zip-extract-repository/workdir/tests/invenio-jobs/original/.venv/lib/python3.14/site-packages/sqlalchemy/sql/schema.py,line=3624::datetime.datetime.utcnow() is deprecated and scheduled for removal in a future version. Use timezone-aware objects to represent datetimes in UTC: datetime.datetime.now(datetime.UTC).
::warning file=/home/runner/work/test-zip-extract-repository/test-zip-extract-repository/workdir/tests/invenio-jobs/original/.venv/lib/python3.14/site-packages/sqlalchemy/sql/schema.py,line=3624::datetime.datetime.utcnow() is deprecated and scheduled for removal in a future version. Use timezone-aware objects to represent datetimes in UTC: datetime.datetime.now(datetime.UTC).
::warning file=/home/runner/work/test-zip-extract-repository/test-zip-extract-repository/workdir/tests/invenio-jobs/original/.venv/lib/python3.14/site-packages/sqlalchemy/sql/schema.py,line=3624::datetime.datetime.utcnow() is deprecated and scheduled for removal in a future version. Use timezone-aware objects to represent datetimes in UTC: datetime.datetime.now(datetime.UTC).
::warning file=/home/runner/work/test-zip-extract-repository/test-zip-extract-repository/workdir/tests/invenio-jobs/original/.venv/lib/python3.14/site-packages/sqlalchemy/sql/schema.py,line=3624::datetime.datetime.utcnow() is deprecated and scheduled for removal in a future version. Use timezone-aware objects to represent datetimes in UTC: datetime.datetime.now(datetime.UTC).
::warning file=/home/runner/work/test-zip-extract-repository/test-zip-extract-repository/workdir/tests/invenio-jobs/original/.venv/lib/python3.14/site-packages/sqlalchemy/sql/schema.py,line=3624::datetime.datetime.utcnow() is deprecated and scheduled for removal in a future version. Use timezone-aware objects to represent datetimes in UTC: datetime.datetime.now(datetime.UTC).
::error file=workdir/tests/invenio-jobs/original/tests/test_services_subtasks.py,line=78::test_start_processing_subtask%0A%0AKeyError: 'identity'
F::warning file=/home/runner/work/test-zip-extract-repository/test-zip-extract-repository/workdir/tests/invenio-jobs/original/.venv/lib/python3.14/site-packages/pytest_invenio/user.py,line=36::datetime.datetime.utcnow() is deprecated and scheduled for removal in a future version. Use timezone-aware objects to represent datetimes in UTC: datetime.datetime.now(datetime.UTC).
::warning file=/home/runner/work/test-zip-extract-repository/test-zip-extract-repository/workdir/tests/invenio-jobs/original/.venv/lib/python3.14/site-packages/sqlalchemy/sql/schema.py,line=3624::datetime.datetime.utcnow() is deprecated and scheduled for removal in a future version. Use timezone-aware objects to represent datetimes in UTC: datetime.datetime.now(datetime.UTC).
::warning file=/home/runner/work/test-zip-extract-repository/test-zip-extract-repository/workdir/tests/invenio-jobs/original/.venv/lib/python3.14/site-packages/sqlalchemy/sql/schema.py,line=3624::datetime.datetime.utcnow() is deprecated and scheduled for removal in a future version. Use timezone-aware objects to represent datetimes in UTC: datetime.datetime.now(datetime.UTC).
::warning file=/home/runner/work/test-zip-extract-repository/test-zip-extract-repository/workdir/tests/invenio-jobs/original/.venv/lib/python3.14/site-packages/flask_security/datastore.py,line=235::The Query.get() method is considered legacy as of the 1.x series of SQLAlchemy and becomes a legacy construct in 2.0. The method is now available as Session.get() (deprecated since: 2.0)
::warning file=/home/runner/work/test-zip-extract-repository/test-zip-extract-repository/workdir/tests/invenio-jobs/original/.venv/lib/python3.14/site-packages/sqlalchemy/sql/schema.py,line=3624::datetime.datetime.utcnow() is deprecated and scheduled for removal in a future version. Use timezone-aware objects to represent datetimes in UTC: datetime.datetime.now(datetime.UTC).
::warning file=/home/runner/work/test-zip-extract-repository/test-zip-extract-repository/workdir/tests/invenio-jobs/original/.venv/lib/python3.14/site-packages/sqlalchemy/sql/schema.py,line=3624::datetime.datetime.utcnow() is deprecated and scheduled for removal in a future version. Use timezone-aware objects to represent datetimes in UTC: datetime.datetime.now(datetime.UTC).
::warning file=/home/runner/work/test-zip-extract-repository/test-zip-extract-repository/workdir/tests/invenio-jobs/original/.venv/lib/python3.14/site-packages/sqlalchemy/sql/schema.py,line=3624::datetime.datetime.utcnow() is deprecated and scheduled for removal in a future version. Use timezone-aware objects to represent datetimes in UTC: datetime.datetime.now(datetime.UTC).
::warning file=/home/runner/work/test-zip-extract-repository/test-zip-extract-repository/workdir/tests/invenio-jobs/original/.venv/lib/python3.14/site-packages/sqlalchemy/sql/schema.py,line=3624::datetime.datetime.utcnow() is deprecated and scheduled for removal in a future version. Use timezone-aware objects to represent datetimes in UTC: datetime.datetime.now(datetime.UTC).
::warning file=/home/runner/work/test-zip-extract-repository/test-zip-extract-repository/workdir/tests/invenio-jobs/original/.venv/lib/python3.14/site-packages/sqlalchemy/sql/schema.py,line=3624::datetime.datetime.utcnow() is deprecated and scheduled for removal in a future version. Use timezone-aware objects to represent datetimes in UTC: datetime.datetime.now(datetime.UTC).
::warning file=/home/runner/work/test-zip-extract-repository/test-zip-extract-repository/workdir/tests/invenio-jobs/original/.venv/lib/python3.14/site-packages/sqlalchemy/sql/schema.py,line=3624::datetime.datetime.utcnow() is deprecated and scheduled for removal in a future version. Use timezone-aware objects to represent datetimes in UTC: datetime.datetime.now(datetime.UTC).
::warning file=/home/runner/work/test-zip-extract-repository/test-zip-extract-repository/workdir/tests/invenio-jobs/original/.venv/lib/python3.14/site-packages/sqlalchemy_utils/models.py,line=33::datetime.datetime.utcnow() is deprecated and scheduled for removal in a future version. Use timezone-aware objects to represent datetimes in UTC: datetime.datetime.now(datetime.UTC).
::warning file=/home/runner/work/test-zip-extract-repository/test-zip-extract-repository/workdir/tests/invenio-jobs/original/.venv/lib/python3.14/site-packages/sqlalchemy/sql/schema.py,line=3624::datetime.datetime.utcnow() is deprecated and scheduled for removal in a future version. Use timezone-aware objects to represent datetimes in UTC: datetime.datetime.now(datetime.UTC).
::warning file=/home/runner/work/test-zip-extract-repository/test-zip-extract-repository/workdir/tests/invenio-jobs/original/.venv/lib/python3.14/site-packages/sqlalchemy/sql/schema.py,line=3624::datetime.datetime.utcnow() is deprecated and scheduled for removal in a future version. Use timezone-aware objects to represent datetimes in UTC: datetime.datetime.now(datetime.UTC).
::warning file=/home/runner/work/test-zip-extract-repository/test-zip-extract-repository/workdir/tests/invenio-jobs/original/invenio_jobs/tasks.py,line=61::datetime.datetime.utcnow() is deprecated and scheduled for removal in a future version. Use timezone-aware objects to represent datetimes in UTC: datetime.datetime.now(datetime.UTC).
::warning file=/home/runner/work/test-zip-extract-repository/test-zip-extract-repository/workdir/tests/invenio-jobs/original/.venv/lib/python3.14/site-packages/sqlalchemy_utils/models.py,line=33::datetime.datetime.utcnow() is deprecated and scheduled for removal in a future version. Use timezone-aware objects to represent datetimes in UTC: datetime.datetime.now(datetime.UTC).
::warning file=/home/runner/work/test-zip-extract-repository/test-zip-extract-repository/workdir/tests/invenio-jobs/original/invenio_jobs/tasks.py,line=121::datetime.datetime.utcnow() is deprecated and scheduled for removal in a future version. Use timezone-aware objects to represent datetimes in UTC: datetime.datetime.now(datetime.UTC).
::warning file=/home/runner/work/test-zip-extract-repository/test-zip-extract-repository/workdir/tests/invenio-jobs/original/.venv/lib/python3.14/site-packages/sqlalchemy_utils/models.py,line=33::datetime.datetime.utcnow() is deprecated and scheduled for removal in a future version. Use timezone-aware objects to represent datetimes in UTC: datetime.datetime.now(datetime.UTC).
::warning file=/home/runner/work/test-zip-extract-repository/test-zip-extract-repository/workdir/tests/invenio-jobs/original/.venv/lib/python3.14/site-packages/sqlalchemy_utils/models.py,line=33::datetime.datetime.utcnow() is deprecated and scheduled for removal in a future version. Use timezone-aware objects to represent datetimes in UTC: datetime.datetime.now(datetime.UTC).
::warning file=/home/runner/work/test-zip-extract-repository/test-zip-extract-repository/workdir/tests/invenio-jobs/original/.venv/lib/python3.14/site-packages/sqlalchemy_utils/models.py,line=33::datetime.datetime.utcnow() is deprecated and scheduled for removal in a future version. Use timezone-aware objects to represent datetimes in UTC: datetime.datetime.now(datetime.UTC).
::warning file=/home/runner/work/test-zip-extract-repository/test-zip-extract-repository/workdir/tests/invenio-jobs/original/.venv/lib/python3.14/site-packages/sqlalchemy/sql/schema.py,line=3624::datetime.datetime.utcnow() is deprecated and scheduled for removal in a future version. Use timezone-aware objects to represent datetimes in UTC: datetime.datetime.now(datetime.UTC).
::warning file=/home/runner/work/test-zip-extract-repository/test-zip-extract-repository/workdir/tests/invenio-jobs/original/.venv/lib/python3.14/site-packages/sqlalchemy/sql/schema.py,line=3624::datetime.datetime.utcnow() is deprecated and scheduled for removal in a future version. Use timezone-aware objects to represent datetimes in UTC: datetime.datetime.now(datetime.UTC).
::warning file=/home/runner/work/test-zip-extract-repository/test-zip-extract-repository/workdir/tests/invenio-jobs/original/invenio_jobs/services/services.py,line=354::datetime.datetime.utcnow() is deprecated and scheduled for removal in a future version. Use timezone-aware objects to represent datetimes in UTC: datetime.datetime.now(datetime.UTC).
::warning file=/home/runner/work/test-zip-extract-repository/test-zip-extract-repository/workdir/tests/invenio-jobs/original/.venv/lib/python3.14/site-packages/sqlalchemy_utils/models.py,line=33::datetime.datetime.utcnow() is deprecated and scheduled for removal in a future version. Use timezone-aware objects to represent datetimes in UTC: datetime.datetime.now(datetime.UTC).
.::warning file=/home/runner/work/test-zip-extract-repository/test-zip-extract-repository/workdir/tests/invenio-jobs/original/.venv/lib/python3.14/site-packages/pytest_invenio/user.py,line=36::datetime.datetime.utcnow() is deprecated and scheduled for removal in a future version. Use timezone-aware objects to represent datetimes in UTC: datetime.datetime.now(datetime.UTC).
::warning file=/home/runner/work/test-zip-extract-repository/test-zip-extract-repository/workdir/tests/invenio-jobs/original/.venv/lib/python3.14/site-packages/sqlalchemy/sql/schema.py,line=3624::datetime.datetime.utcnow() is deprecated and scheduled for removal in a future version. Use timezone-aware objects to represent datetimes in UTC: datetime.datetime.now(datetime.UTC).
::warning file=/home/runner/work/test-zip-extract-repository/test-zip-extract-repository/workdir/tests/invenio-jobs/original/.venv/lib/python3.14/site-packages/sqlalchemy/sql/schema.py,line=3624::datetime.datetime.utcnow() is deprecated and scheduled for removal in a future version. Use timezone-aware objects to represent datetimes in UTC: datetime.datetime.now(datetime.UTC).
::warning file=/home/runner/work/test-zip-extract-repository/test-zip-extract-repository/workdir/tests/invenio-jobs/original/.venv/lib/python3.14/site-packages/flask_security/datastore.py,line=235::The Query.get() method is considered legacy as of the 1.x series of SQLAlchemy and becomes a legacy construct in 2.0. The method is now available as Session.get() (deprecated since: 2.0)
::warning file=/home/runner/work/test-zip-extract-repository/test-zip-extract-repository/workdir/tests/invenio-jobs/original/.venv/lib/python3.14/site-packages/sqlalchemy/sql/schema.py,line=3624::datetime.datetime.utcnow() is deprecated and scheduled for removal in a future version. Use timezone-aware objects to represent datetimes in UTC: datetime.datetime.now(datetime.UTC).
::warning file=/home/runner/work/test-zip-extract-repository/test-zip-extract-repository/workdir/tests/invenio-jobs/original/.venv/lib/python3.14/site-packages/sqlalchemy/sql/schema.py,line=3624::datetime.datetime.utcnow() is deprecated and scheduled for removal in a future version. Use timezone-aware objects to represent datetimes in UTC: datetime.datetime.now(datetime.UTC).
::warning file=/home/runner/work/test-zip-extract-repository/test-zip-extract-repository/workdir/tests/invenio-jobs/original/.venv/lib/python3.14/site-packages/sqlalchemy/sql/schema.py,line=3624::datetime.datetime.utcnow() is deprecated and scheduled for removal in a future version. Use timezone-aware objects to represent datetimes in UTC: datetime.datetime.now(datetime.UTC).
::warning file=/home/runner/work/test-zip-extract-repository/test-zip-extract-repository/workdir/tests/invenio-jobs/original/.venv/lib/python3.14/site-packages/sqlalchemy/sql/schema.py,line=3624::datetime.datetime.utcnow() is deprecated and scheduled for removal in a future version. Use timezone-aware objects to represent datetimes in UTC: datetime.datetime.now(datetime.UTC).
::warning file=/home/runner/work/test-zip-extract-repository/test-zip-extract-repository/workdir/tests/invenio-jobs/original/.venv/lib/python3.14/site-packages/sqlalchemy/sql/schema.py,line=3624::datetime.datetime.utcnow() is deprecated and scheduled for removal in a future version. Use timezone-aware objects to represent datetimes in UTC: datetime.datetime.now(datetime.UTC).
::warning file=/home/runner/work/test-zip-extract-repository/test-zip-extract-repository/workdir/tests/invenio-jobs/original/.venv/lib/python3.14/site-packages/sqlalchemy/sql/schema.py,line=3624::datetime.datetime.utcnow() is deprecated and scheduled for removal in a future version. Use timezone-aware objects to represent datetimes in UTC: datetime.datetime.now(datetime.UTC).
::warning file=/home/runner/work/test-zip-extract-repository/test-zip-extract-repository/workdir/tests/invenio-jobs/original/.venv/lib/python3.14/site-packages/sqlalchemy_utils/models.py,line=33::datetime.datetime.utcnow() is deprecated and scheduled for removal in a future version. Use timezone-aware objects to represent datetimes in UTC: datetime.datetime.now(datetime.UTC).
::warning file=/home/runner/work/test-zip-extract-repository/test-zip-extract-repository/workdir/tests/invenio-jobs/original/.venv/lib/python3.14/site-packages/sqlalchemy/sql/schema.py,line=3624::datetime.datetime.utcnow() is deprecated and scheduled for removal in a future version. Use timezone-aware objects to represent datetimes in UTC: datetime.datetime.now(datetime.UTC).
::warning file=/home/runner/work/test-zip-extract-repository/test-zip-extract-repository/workdir/tests/invenio-jobs/original/.venv/lib/python3.14/site-packages/sqlalchemy/sql/schema.py,line=3624::datetime.datetime.utcnow() is deprecated and scheduled for removal in a future version. Use timezone-aware objects to represent datetimes in UTC: datetime.datetime.now(datetime.UTC).
::warning file=/home/runner/work/test-zip-extract-repository/test-zip-extract-repository/workdir/tests/invenio-jobs/original/invenio_jobs/tasks.py,line=61::datetime.datetime.utcnow() is deprecated and scheduled for removal in a future version. Use timezone-aware objects to represent datetimes in UTC: datetime.datetime.now(datetime.UTC).
::warning file=/home/runner/work/test-zip-extract-repository/test-zip-extract-repository/workdir/tests/invenio-jobs/original/.venv/lib/python3.14/site-packages/sqlalchemy_utils/models.py,line=33::datetime.datetime.utcnow() is deprecated and scheduled for removal in a future version. Use timezone-aware objects to represent datetimes in UTC: datetime.datetime.now(datetime.UTC).
::warning file=/home/runner/work/test-zip-extract-repository/test-zip-extract-repository/workdir/tests/invenio-jobs/original/invenio_jobs/tasks.py,line=121::datetime.datetime.utcnow() is deprecated and scheduled for removal in a future version. Use timezone-aware objects to represent datetimes in UTC: datetime.datetime.now(datetime.UTC).
::warning file=/home/runner/work/test-zip-extract-repository/test-zip-extract-repository/workdir/tests/invenio-jobs/original/.venv/lib/python3.14/site-packages/sqlalchemy_utils/models.py,line=33::datetime.datetime.utcnow() is deprecated and scheduled for removal in a future version. Use timezone-aware objects to represent datetimes in UTC: datetime.datetime.now(datetime.UTC).
::warning file=/home/runner/work/test-zip-extract-repository/test-zip-extract-repository/workdir/tests/invenio-jobs/original/.venv/lib/python3.14/site-packages/sqlalchemy_utils/models.py,line=33::datetime.datetime.utcnow() is deprecated and scheduled for removal in a future version. Use timezone-aware objects to represent datetimes in UTC: datetime.datetime.now(datetime.UTC).
::warning file=/home/runner/work/test-zip-extract-repository/test-zip-extract-repository/workdir/tests/invenio-jobs/original/.venv/lib/python3.14/site-packages/sqlalchemy_utils/models.py,line=33::datetime.datetime.utcnow() is deprecated and scheduled for removal in a future version. Use timezone-aware objects to represent datetimes in UTC: datetime.datetime.now(datetime.UTC).
::warning file=/home/runner/work/test-zip-extract-repository/test-zip-extract-repository/workdir/tests/invenio-jobs/original/.venv/lib/python3.14/site-packages/sqlalchemy/sql/schema.py,line=3624::datetime.datetime.utcnow() is deprecated and scheduled for removal in a future version. Use timezone-aware objects to represent datetimes in UTC: datetime.datetime.now(datetime.UTC).
::warning file=/home/runner/work/test-zip-extract-repository/test-zip-extract-repository/workdir/tests/invenio-jobs/original/.venv/lib/python3.14/site-packages/sqlalchemy/sql/schema.py,line=3624::datetime.datetime.utcnow() is deprecated and scheduled for removal in a future version. Use timezone-aware objects to represent datetimes in UTC: datetime.datetime.now(datetime.UTC).
::warning file=/home/runner/work/test-zip-extract-repository/test-zip-extract-repository/workdir/tests/invenio-jobs/original/.venv/lib/python3.14/site-packages/sqlalchemy_utils/models.py,line=33::datetime.datetime.utcnow() is deprecated and scheduled for removal in a future version. Use timezone-aware objects to represent datetimes in UTC: datetime.datetime.now(datetime.UTC).
::error file=workdir/tests/invenio-jobs/original/tests/test_services_subtasks.py,line=127::test_finalize_subtask_success%0A%0AKeyError: 'identity'
F::warning file=/home/runner/work/test-zip-extract-repository/test-zip-extract-repository/workdir/tests/invenio-jobs/original/.venv/lib/python3.14/site-packages/pytest_invenio/user.py,line=36::datetime.datetime.utcnow() is deprecated and scheduled for removal in a future version. Use timezone-aware objects to represent datetimes in UTC: datetime.datetime.now(datetime.UTC).
::warning file=/home/runner/work/test-zip-extract-repository/test-zip-extract-repository/workdir/tests/invenio-jobs/original/.venv/lib/python3.14/site-packages/sqlalchemy/sql/schema.py,line=3624::datetime.datetime.utcnow() is deprecated and scheduled for removal in a future version. Use timezone-aware objects to represent datetimes in UTC: datetime.datetime.now(datetime.UTC).
::warning file=/home/runner/work/test-zip-extract-repository/test-zip-extract-repository/workdir/tests/invenio-jobs/original/.venv/lib/python3.14/site-packages/sqlalchemy/sql/schema.py,line=3624::datetime.datetime.utcnow() is deprecated and scheduled for removal in a future version. Use timezone-aware objects to represent datetimes in UTC: datetime.datetime.now(datetime.UTC).
::warning file=/home/runner/work/test-zip-extract-repository/test-zip-extract-repository/workdir/tests/invenio-jobs/original/.venv/lib/python3.14/site-packages/flask_security/datastore.py,line=235::The Query.get() method is considered legacy as of the 1.x series of SQLAlchemy and becomes a legacy construct in 2.0. The method is now available as Session.get() (deprecated since: 2.0)
::warning file=/home/runner/work/test-zip-extract-repository/test-zip-extract-repository/workdir/tests/invenio-jobs/original/.venv/lib/python3.14/site-packages/sqlalchemy/sql/schema.py,line=3624::datetime.datetime.utcnow() is deprecated and scheduled for removal in a future version. Use timezone-aware objects to represent datetimes in UTC: datetime.datetime.now(datetime.UTC).
::warning file=/home/runner/work/test-zip-extract-repository/test-zip-extract-repository/workdir/tests/invenio-jobs/original/.venv/lib/python3.14/site-packages/sqlalchemy/sql/schema.py,line=3624::datetime.datetime.utcnow() is deprecated and scheduled for removal in a future version. Use timezone-aware objects to represent datetimes in UTC: datetime.datetime.now(datetime.UTC).
::warning file=/home/runner/work/test-zip-extract-repository/test-zip-extract-repository/workdir/tests/invenio-jobs/original/.venv/lib/python3.14/site-packages/sqlalchemy/sql/schema.py,line=3624::datetime.datetime.utcnow() is deprecated and scheduled for removal in a future version. Use timezone-aware objects to represent datetimes in UTC: datetime.datetime.now(datetime.UTC).
::warning file=/home/runner/work/test-zip-extract-repository/test-zip-extract-repository/workdir/tests/invenio-jobs/original/.venv/lib/python3.14/site-packages/sqlalchemy/sql/schema.py,line=3624::datetime.datetime.utcnow() is deprecated and scheduled for removal in a future version. Use timezone-aware objects to represent datetimes in UTC: datetime.datetime.now(datetime.UTC).
::warning file=/home/runner/work/test-zip-extract-repository/test-zip-extract-repository/workdir/tests/invenio-jobs/original/.venv/lib/python3.14/site-packages/sqlalchemy/sql/schema.py,line=3624::datetime.datetime.utcnow() is deprecated and scheduled for removal in a future version. Use timezone-aware objects to represent datetimes in UTC: datetime.datetime.now(datetime.UTC).
::warning file=/home/runner/work/test-zip-extract-repository/test-zip-extract-repository/workdir/tests/invenio-jobs/original/.venv/lib/python3.14/site-packages/sqlalchemy/sql/schema.py,line=3624::datetime.datetime.utcnow() is deprecated and scheduled for removal in a future version. Use timezone-aware objects to represent datetimes in UTC: datetime.datetime.now(datetime.UTC).
::warning file=/home/runner/work/test-zip-extract-repository/test-zip-extract-repository/workdir/tests/invenio-jobs/original/.venv/lib/python3.14/site-packages/sqlalchemy_utils/models.py,line=33::datetime.datetime.utcnow() is deprecated and scheduled for removal in a future version. Use timezone-aware objects to represent datetimes in UTC: datetime.datetime.now(datetime.UTC).
::warning file=/home/runner/work/test-zip-extract-repository/test-zip-extract-repository/workdir/tests/invenio-jobs/original/.venv/lib/python3.14/site-packages/sqlalchemy/sql/schema.py,line=3624::datetime.datetime.utcnow() is deprecated and scheduled for removal in a future version. Use timezone-aware objects to represent datetimes in UTC: datetime.datetime.now(datetime.UTC).
::warning file=/home/runner/work/test-zip-extract-repository/test-zip-extract-repository/workdir/tests/invenio-jobs/original/.venv/lib/python3.14/site-packages/sqlalchemy/sql/schema.py,line=3624::datetime.datetime.utcnow() is deprecated and scheduled for removal in a future version. Use timezone-aware objects to represent datetimes in UTC: datetime.datetime.now(datetime.UTC).
::warning file=/home/runner/work/test-zip-extract-repository/test-zip-extract-repository/workdir/tests/invenio-jobs/original/invenio_jobs/tasks.py,line=61::datetime.datetime.utcnow() is deprecated and scheduled for removal in a future version. Use timezone-aware objects to represent datetimes in UTC: datetime.datetime.now(datetime.UTC).
::warning file=/home/runner/work/test-zip-extract-repository/test-zip-extract-repository/workdir/tests/invenio-jobs/original/.venv/lib/python3.14/site-packages/sqlalchemy_utils/models.py,line=33::datetime.datetime.utcnow() is deprecated and scheduled for removal in a future version. Use timezone-aware objects to represent datetimes in UTC: datetime.datetime.now(datetime.UTC).
::warning file=/home/runner/work/test-zip-extract-repository/test-zip-extract-repository/workdir/tests/invenio-jobs/original/invenio_jobs/tasks.py,line=121::datetime.datetime.utcnow() is deprecated and scheduled for removal in a future version. Use timezone-aware objects to represent datetimes in UTC: datetime.datetime.now(datetime.UTC).
::warning file=/home/runner/work/test-zip-extract-repository/test-zip-extract-repository/workdir/tests/invenio-jobs/original/.venv/lib/python3.14/site-packages/sqlalchemy_utils/models.py,line=33::datetime.datetime.utcnow() is deprecated and scheduled for removal in a future version. Use timezone-aware objects to represent datetimes in UTC: datetime.datetime.now(datetime.UTC).
::warning file=/home/runner/work/test-zip-extract-repository/test-zip-extract-repository/workdir/tests/invenio-jobs/original/.venv/lib/python3.14/site-packages/sqlalchemy_utils/models.py,line=33::datetime.datetime.utcnow() is deprecated and scheduled for removal in a future version. Use timezone-aware objects to represent datetimes in UTC: datetime.datetime.now(datetime.UTC).
::warning file=/home/runner/work/test-zip-extract-repository/test-zip-extract-repository/workdir/tests/invenio-jobs/original/.venv/lib/python3.14/site-packages/sqlalchemy_utils/models.py,line=33::datetime.datetime.utcnow() is deprecated and scheduled for removal in a future version. Use timezone-aware objects to represent datetimes in UTC: datetime.datetime.now(datetime.UTC).
::warning file=/home/runner/work/test-zip-extract-repository/test-zip-extract-repository/workdir/tests/invenio-jobs/original/.venv/lib/python3.14/site-packages/sqlalchemy/sql/schema.py,line=3624::datetime.datetime.utcnow() is deprecated and scheduled for removal in a future version. Use timezone-aware objects to represent datetimes in UTC: datetime.datetime.now(datetime.UTC).
::warning file=/home/runner/work/test-zip-extract-repository/test-zip-extract-repository/workdir/tests/invenio-jobs/original/.venv/lib/python3.14/site-packages/sqlalchemy/sql/schema.py,line=3624::datetime.datetime.utcnow() is deprecated and scheduled for removal in a future version. Use timezone-aware objects to represent datetimes in UTC: datetime.datetime.now(datetime.UTC).
::warning file=/home/runner/work/test-zip-extract-repository/test-zip-extract-repository/workdir/tests/invenio-jobs/original/invenio_jobs/services/services.py,line=354::datetime.datetime.utcnow() is deprecated and scheduled for removal in a future version. Use timezone-aware objects to represent datetimes in UTC: datetime.datetime.now(datetime.UTC).
::warning file=/home/runner/work/test-zip-extract-repository/test-zip-extract-repository/workdir/tests/invenio-jobs/original/.venv/lib/python3.14/site-packages/sqlalchemy_utils/models.py,line=33::datetime.datetime.utcnow() is deprecated and scheduled for removal in a future version. Use timezone-aware objects to represent datetimes in UTC: datetime.datetime.now(datetime.UTC).
::warning file=/home/runner/work/test-zip-extract-repository/test-zip-extract-repository/workdir/tests/invenio-jobs/original/.venv/lib/python3.14/site-packages/sqlalchemy_utils/models.py,line=33::datetime.datetime.utcnow() is deprecated and scheduled for removal in a future version. Use timezone-aware objects to represent datetimes in UTC: datetime.datetime.now(datetime.UTC).
::warning file=/home/runner/work/test-zip-extract-repository/test-zip-extract-repository/workdir/tests/invenio-jobs/original/invenio_jobs/services/services.py,line=451::datetime.datetime.utcnow() is deprecated and scheduled for removal in a future version. Use timezone-aware objects to represent datetimes in UTC: datetime.datetime.now(datetime.UTC).
::error file=workdir/tests/invenio-jobs/original/tests/test_services_subtasks.py,line=166::test_finalize_subtask_failure%0A%0AKeyError: 'identity'
F::warning file=/home/runner/work/test-zip-extract-repository/test-zip-extract-repository/workdir/tests/invenio-jobs/original/.venv/lib/python3.14/site-packages/pytest_invenio/user.py,line=36::datetime.datetime.utcnow() is deprecated and scheduled for removal in a future version. Use timezone-aware objects to represent datetimes in UTC: datetime.datetime.now(datetime.UTC).
::warning file=/home/runner/work/test-zip-extract-repository/test-zip-extract-repository/workdir/tests/invenio-jobs/original/.venv/lib/python3.14/site-packages/sqlalchemy/sql/schema.py,line=3624::datetime.datetime.utcnow() is deprecated and scheduled for removal in a future version. Use timezone-aware objects to represent datetimes in UTC: datetime.datetime.now(datetime.UTC).
::warning file=/home/runner/work/test-zip-extract-repository/test-zip-extract-repository/workdir/tests/invenio-jobs/original/.venv/lib/python3.14/site-packages/sqlalchemy/sql/schema.py,line=3624::datetime.datetime.utcnow() is deprecated and scheduled for removal in a future version. Use timezone-aware objects to represent datetimes in UTC: datetime.datetime.now(datetime.UTC).
::warning file=/home/runner/work/test-zip-extract-repository/test-zip-extract-repository/workdir/tests/invenio-jobs/original/.venv/lib/python3.14/site-packages/flask_security/datastore.py,line=235::The Query.get() method is considered legacy as of the 1.x series of SQLAlchemy and becomes a legacy construct in 2.0. The method is now available as Session.get() (deprecated since: 2.0)
::warning file=/home/runner/work/test-zip-extract-repository/test-zip-extract-repository/workdir/tests/invenio-jobs/original/.venv/lib/python3.14/site-packages/sqlalchemy/sql/schema.py,line=3624::datetime.datetime.utcnow() is deprecated and scheduled for removal in a future version. Use timezone-aware objects to represent datetimes in UTC: datetime.datetime.now(datetime.UTC).
::warning file=/home/runner/work/test-zip-extract-repository/test-zip-extract-repository/workdir/tests/invenio-jobs/original/.venv/lib/python3.14/site-packages/sqlalchemy/sql/schema.py,line=3624::datetime.datetime.utcnow() is deprecated and scheduled for removal in a future version. Use timezone-aware objects to represent datetimes in UTC: datetime.datetime.now(datetime.UTC).
::warning file=/home/runner/work/test-zip-extract-repository/test-zip-extract-repository/workdir/tests/invenio-jobs/original/.venv/lib/python3.14/site-packages/sqlalchemy/sql/schema.py,line=3624::datetime.datetime.utcnow() is deprecated and scheduled for removal in a future version. Use timezone-aware objects to represent datetimes in UTC: datetime.datetime.now(datetime.UTC).
::warning file=/home/runner/work/test-zip-extract-repository/test-zip-extract-repository/workdir/tests/invenio-jobs/original/.venv/lib/python3.14/site-packages/sqlalchemy/sql/schema.py,line=3624::datetime.datetime.utcnow() is deprecated and scheduled for removal in a future version. Use timezone-aware objects to represent datetimes in UTC: datetime.datetime.now(datetime.UTC).
::warning file=/home/runner/work/test-zip-extract-repository/test-zip-extract-repository/workdir/tests/invenio-jobs/original/.venv/lib/python3.14/site-packages/sqlalchemy/sql/schema.py,line=3624::datetime.datetime.utcnow() is deprecated and scheduled for removal in a future version. Use timezone-aware objects to represent datetimes in UTC: datetime.datetime.now(datetime.UTC).
::warning file=/home/runner/work/test-zip-extract-repository/test-zip-extract-repository/workdir/tests/invenio-jobs/original/.venv/lib/python3.14/site-packages/sqlalchemy/sql/schema.py,line=3624::datetime.datetime.utcnow() is deprecated and scheduled for removal in a future version. Use timezone-aware objects to represent datetimes in UTC: datetime.datetime.now(datetime.UTC).
::warning file=/home/runner/work/test-zip-extract-repository/test-zip-extract-repository/workdir/tests/invenio-jobs/original/.venv/lib/python3.14/site-packages/sqlalchemy_utils/models.py,line=33::datetime.datetime.utcnow() is deprecated and scheduled for removal in a future version. Use timezone-aware objects to represent datetimes in UTC: datetime.datetime.now(datetime.UTC).
::warning file=/home/runner/work/test-zip-extract-repository/test-zip-extract-repository/workdir/tests/invenio-jobs/original/.venv/lib/python3.14/site-packages/sqlalchemy/sql/schema.py,line=3624::datetime.datetime.utcnow() is deprecated and scheduled for removal in a future version. Use timezone-aware objects to represent datetimes in UTC: datetime.datetime.now(datetime.UTC).
::warning file=/home/runner/work/test-zip-extract-repository/test-zip-extract-repository/workdir/tests/invenio-jobs/original/.venv/lib/python3.14/site-packages/sqlalchemy/sql/schema.py,line=3624::datetime.datetime.utcnow() is deprecated and scheduled for removal in a future version. Use timezone-aware objects to represent datetimes in UTC: datetime.datetime.now(datetime.UTC).
::warning file=/home/runner/work/test-zip-extract-repository/test-zip-extract-repository/workdir/tests/invenio-jobs/original/invenio_jobs/tasks.py,line=61::datetime.datetime.utcnow() is deprecated and scheduled for removal in a future version. Use timezone-aware objects to represent datetimes in UTC: datetime.datetime.now(datetime.UTC).
::warning file=/home/runner/work/test-zip-extract-repository/test-zip-extract-repository/workdir/tests/invenio-jobs/original/.venv/lib/python3.14/site-packages/sqlalchemy_utils/models.py,line=33::datetime.datetime.utcnow() is deprecated and scheduled for removal in a future version. Use timezone-aware objects to represent datetimes in UTC: datetime.datetime.now(datetime.UTC).
::warning file=/home/runner/work/test-zip-extract-repository/test-zip-extract-repository/workdir/tests/invenio-jobs/original/invenio_jobs/tasks.py,line=121::datetime.datetime.utcnow() is deprecated and scheduled for removal in a future version. Use timezone-aware objects to represent datetimes in UTC: datetime.datetime.now(datetime.UTC).
::warning file=/home/runner/work/test-zip-extract-repository/test-zip-extract-repository/workdir/tests/invenio-jobs/original/.venv/lib/python3.14/site-packages/sqlalchemy_utils/models.py,line=33::datetime.datetime.utcnow() is deprecated and scheduled for removal in a future version. Use timezone-aware objects to represent datetimes in UTC: datetime.datetime.now(datetime.UTC).
::warning file=/home/runner/work/test-zip-extract-repository/test-zip-extract-repository/workdir/tests/invenio-jobs/original/.venv/lib/python3.14/site-packages/sqlalchemy_utils/models.py,line=33::datetime.datetime.utcnow() is deprecated and scheduled for removal in a future version. Use timezone-aware objects to represent datetimes in UTC: datetime.datetime.now(datetime.UTC).
::warning file=/home/runner/work/test-zip-extract-repository/test-zip-extract-repository/workdir/tests/invenio-jobs/original/.venv/lib/python3.14/site-packages/sqlalchemy_utils/models.py,line=33::datetime.datetime.utcnow() is deprecated and scheduled for removal in a future version. Use timezone-aware objects to represent datetimes in UTC: datetime.datetime.now(datetime.UTC).
::warning file=/home/runner/work/test-zip-extract-repository/test-zip-extract-repository/workdir/tests/invenio-jobs/original/.venv/lib/python3.14/site-packages/sqlalchemy/sql/schema.py,line=3624::datetime.datetime.utcnow() is deprecated and scheduled for removal in a future version. Use timezone-aware objects to represent datetimes in UTC: datetime.datetime.now(datetime.UTC).
::warning file=/home/runner/work/test-zip-extract-repository/test-zip-extract-repository/workdir/tests/invenio-jobs/original/.venv/lib/python3.14/site-packages/sqlalchemy/sql/schema.py,line=3624::datetime.datetime.utcnow() is deprecated and scheduled for removal in a future version. Use timezone-aware objects to represent datetimes in UTC: datetime.datetime.now(datetime.UTC).
::warning file=/home/runner/work/test-zip-extract-repository/test-zip-extract-repository/workdir/tests/invenio-jobs/original/invenio_jobs/services/services.py,line=354::datetime.datetime.utcnow() is deprecated and scheduled for removal in a future version. Use timezone-aware objects to represent datetimes in UTC: datetime.datetime.now(datetime.UTC).
::warning file=/home/runner/work/test-zip-extract-repository/test-zip-extract-repository/workdir/tests/invenio-jobs/original/.venv/lib/python3.14/site-packages/sqlalchemy_utils/models.py,line=33::datetime.datetime.utcnow() is deprecated and scheduled for removal in a future version. Use timezone-aware objects to represent datetimes in UTC: datetime.datetime.now(datetime.UTC).
::warning file=/home/runner/work/test-zip-extract-repository/test-zip-extract-repository/workdir/tests/invenio-jobs/original/.venv/lib/python3.14/site-packages/sqlalchemy_utils/models.py,line=33::datetime.datetime.utcnow() is deprecated and scheduled for removal in a future version. Use timezone-aware objects to represent datetimes in UTC: datetime.datetime.now(datetime.UTC).
::warning file=/home/runner/work/test-zip-extract-repository/test-zip-extract-repository/workdir/tests/invenio-jobs/original/invenio_jobs/services/services.py,line=451::datetime.datetime.utcnow() is deprecated and scheduled for removal in a future version. Use timezone-aware objects to represent datetimes in UTC: datetime.datetime.now(datetime.UTC).
.::warning file=/home/runner/work/test-zip-extract-repository/test-zip-extract-repository/workdir/tests/invenio-jobs/original/.venv/lib/python3.14/site-packages/pytest_invenio/user.py,line=36::datetime.datetime.utcnow() is deprecated and scheduled for removal in a future version. Use timezone-aware objects to represent datetimes in UTC: datetime.datetime.now(datetime.UTC).
::warning file=/home/runner/work/test-zip-extract-repository/test-zip-extract-repository/workdir/tests/invenio-jobs/original/.venv/lib/python3.14/site-packages/sqlalchemy/sql/schema.py,line=3624::datetime.datetime.utcnow() is deprecated and scheduled for removal in a future version. Use timezone-aware objects to represent datetimes in UTC: datetime.datetime.now(datetime.UTC).
::warning file=/home/runner/work/test-zip-extract-repository/test-zip-extract-repository/workdir/tests/invenio-jobs/original/.venv/lib/python3.14/site-packages/sqlalchemy/sql/schema.py,line=3624::datetime.datetime.utcnow() is deprecated and scheduled for removal in a future version. Use timezone-aware objects to represent datetimes in UTC: datetime.datetime.now(datetime.UTC).
::warning file=/home/runner/work/test-zip-extract-repository/test-zip-extract-repository/workdir/tests/invenio-jobs/original/.venv/lib/python3.14/site-packages/flask_security/datastore.py,line=235::The Query.get() method is considered legacy as of the 1.x series of SQLAlchemy and becomes a legacy construct in 2.0. The method is now available as Session.get() (deprecated since: 2.0)
::warning file=/home/runner/work/test-zip-extract-repository/test-zip-extract-repository/workdir/tests/invenio-jobs/original/.venv/lib/python3.14/site-packages/sqlalchemy/sql/schema.py,line=3624::datetime.datetime.utcnow() is deprecated and scheduled for removal in a future version. Use timezone-aware objects to represent datetimes in UTC: datetime.datetime.now(datetime.UTC).
::warning file=/home/runner/work/test-zip-extract-repository/test-zip-extract-repository/workdir/tests/invenio-jobs/original/.venv/lib/python3.14/site-packages/sqlalchemy/sql/schema.py,line=3624::datetime.datetime.utcnow() is deprecated and scheduled for removal in a future version. Use timezone-aware objects to represent datetimes in UTC: datetime.datetime.now(datetime.UTC).
::warning file=/home/runner/work/test-zip-extract-repository/test-zip-extract-repository/workdir/tests/invenio-jobs/original/.venv/lib/python3.14/site-packages/sqlalchemy/sql/schema.py,line=3624::datetime.datetime.utcnow() is deprecated and scheduled for removal in a future version. Use timezone-aware objects to represent datetimes in UTC: datetime.datetime.now(datetime.UTC).
::warning file=/home/runner/work/test-zip-extract-repository/test-zip-extract-repository/workdir/tests/invenio-jobs/original/.venv/lib/python3.14/site-packages/sqlalchemy/sql/schema.py,line=3624::datetime.datetime.utcnow() is deprecated and scheduled for removal in a future version. Use timezone-aware objects to represent datetimes in UTC: datetime.datetime.now(datetime.UTC).
::warning file=/home/runner/work/test-zip-extract-repository/test-zip-extract-repository/workdir/tests/invenio-jobs/original/.venv/lib/python3.14/site-packages/sqlalchemy/sql/schema.py,line=3624::datetime.datetime.utcnow() is deprecated and scheduled for removal in a future version. Use timezone-aware objects to represent datetimes in UTC: datetime.datetime.now(datetime.UTC).
::warning file=/home/runner/work/test-zip-extract-repository/test-zip-extract-repository/workdir/tests/invenio-jobs/original/.venv/lib/python3.14/site-packages/sqlalchemy/sql/schema.py,line=3624::datetime.datetime.utcnow() is deprecated and scheduled for removal in a future version. Use timezone-aware objects to represent datetimes in UTC: datetime.datetime.now(datetime.UTC).
::warning file=/home/runner/work/test-zip-extract-repository/test-zip-extract-repository/workdir/tests/invenio-jobs/original/.venv/lib/python3.14/site-packages/sqlalchemy_utils/models.py,line=33::datetime.datetime.utcnow() is deprecated and scheduled for removal in a future version. Use timezone-aware objects to represent datetimes in UTC: datetime.datetime.now(datetime.UTC).
::warning file=/home/runner/work/test-zip-extract-repository/test-zip-extract-repository/workdir/tests/invenio-jobs/original/.venv/lib/python3.14/site-packages/sqlalchemy/sql/schema.py,line=3624::datetime.datetime.utcnow() is deprecated and scheduled for removal in a future version. Use timezone-aware objects to represent datetimes in UTC: datetime.datetime.now(datetime.UTC).
::warning file=/home/runner/work/test-zip-extract-repository/test-zip-extract-repository/workdir/tests/invenio-jobs/original/.venv/lib/python3.14/site-packages/sqlalchemy/sql/schema.py,line=3624::datetime.datetime.utcnow() is deprecated and scheduled for removal in a future version. Use timezone-aware objects to represent datetimes in UTC: datetime.datetime.now(datetime.UTC).
::warning file=/home/runner/work/test-zip-extract-repository/test-zip-extract-repository/workdir/tests/invenio-jobs/original/invenio_jobs/tasks.py,line=61::datetime.datetime.utcnow() is deprecated and scheduled for removal in a future version. Use timezone-aware objects to represent datetimes in UTC: datetime.datetime.now(datetime.UTC).
::warning file=/home/runner/work/test-zip-extract-repository/test-zip-extract-repository/workdir/tests/invenio-jobs/original/.venv/lib/python3.14/site-packages/sqlalchemy_utils/models.py,line=33::datetime.datetime.utcnow() is deprecated and scheduled for removal in a future version. Use timezone-aware objects to represent datetimes in UTC: datetime.datetime.now(datetime.UTC).
::warning file=/home/runner/work/test-zip-extract-repository/test-zip-extract-repository/workdir/tests/invenio-jobs/original/invenio_jobs/tasks.py,line=121::datetime.datetime.utcnow() is deprecated and scheduled for removal in a future version. Use timezone-aware objects to represent datetimes in UTC: datetime.datetime.now(datetime.UTC).
::warning file=/home/runner/work/test-zip-extract-repository/test-zip-extract-repository/workdir/tests/invenio-jobs/original/.venv/lib/python3.14/site-packages/sqlalchemy_utils/models.py,line=33::datetime.datetime.utcnow() is deprecated and scheduled for removal in a future version. Use timezone-aware objects to represent datetimes in UTC: datetime.datetime.now(datetime.UTC).
::warning file=/home/runner/work/test-zip-extract-repository/test-zip-extract-repository/workdir/tests/invenio-jobs/original/.venv/lib/python3.14/site-packages/sqlalchemy_utils/models.py,line=33::datetime.datetime.utcnow() is deprecated and scheduled for removal in a future version. Use timezone-aware objects to represent datetimes in UTC: datetime.datetime.now(datetime.UTC).
::warning file=/home/runner/work/test-zip-extract-repository/test-zip-extract-repository/workdir/tests/invenio-jobs/original/.venv/lib/python3.14/site-packages/sqlalchemy_utils/models.py,line=33::datetime.datetime.utcnow() is deprecated and scheduled for removal in a future version. Use timezone-aware objects to represent datetimes in UTC: datetime.datetime.now(datetime.UTC).
::warning file=/home/runner/work/test-zip-extract-repository/test-zip-extract-repository/workdir/tests/invenio-jobs/original/.venv/lib/python3.14/site-packages/sqlalchemy/sql/schema.py,line=3624::datetime.datetime.utcnow() is deprecated and scheduled for removal in a future version. Use timezone-aware objects to represent datetimes in UTC: datetime.datetime.now(datetime.UTC).
::warning file=/home/runner/work/test-zip-extract-repository/test-zip-extract-repository/workdir/tests/invenio-jobs/original/.venv/lib/python3.14/site-packages/sqlalchemy/sql/schema.py,line=3624::datetime.datetime.utcnow() is deprecated and scheduled for removal in a future version. Use timezone-aware objects to represent datetimes in UTC: datetime.datetime.now(datetime.UTC).
::warning file=/home/runner/work/test-zip-extract-repository/test-zip-extract-repository/workdir/tests/invenio-jobs/original/.venv/lib/python3.14/site-packages/sqlalchemy_utils/models.py,line=33::datetime.datetime.utcnow() is deprecated and scheduled for removal in a future version. Use timezone-aware objects to represent datetimes in UTC: datetime.datetime.now(datetime.UTC).
::warning file=/home/runner/work/test-zip-extract-repository/test-zip-extract-repository/workdir/tests/invenio-jobs/original/.venv/lib/python3.14/site-packages/sqlalchemy_utils/models.py,line=33::datetime.datetime.utcnow() is deprecated and scheduled for removal in a future version. Use timezone-aware objects to represent datetimes in UTC: datetime.datetime.now(datetime.UTC).
::warning file=/home/runner/work/test-zip-extract-repository/test-zip-extract-repository/workdir/tests/invenio-jobs/original/.venv/lib/python3.14/site-packages/sqlalchemy/sql/schema.py,line=3624::datetime.datetime.utcnow() is deprecated and scheduled for removal in a future version. Use timezone-aware objects to represent datetimes in UTC: datetime.datetime.now(datetime.UTC).
::warning file=/home/runner/work/test-zip-extract-repository/test-zip-extract-repository/workdir/tests/invenio-jobs/original/.venv/lib/python3.14/site-packages/sqlalchemy/sql/schema.py,line=3624::datetime.datetime.utcnow() is deprecated and scheduled for removal in a future version. Use timezone-aware objects to represent datetimes in UTC: datetime.datetime.now(datetime.UTC).
::warning file=/home/runner/work/test-zip-extract-repository/test-zip-extract-repository/workdir/tests/invenio-jobs/original/invenio_jobs/services/services.py,line=354::datetime.datetime.utcnow() is deprecated and scheduled for removal in a future version. Use timezone-aware objects to represent datetimes in UTC: datetime.datetime.now(datetime.UTC).
::warning file=/home/runner/work/test-zip-extract-repository/test-zip-extract-repository/workdir/tests/invenio-jobs/original/.venv/lib/python3.14/site-packages/sqlalchemy_utils/models.py,line=33::datetime.datetime.utcnow() is deprecated and scheduled for removal in a future version. Use timezone-aware objects to represent datetimes in UTC: datetime.datetime.now(datetime.UTC).
::warning file=/home/runner/work/test-zip-extract-repository/test-zip-extract-repository/workdir/tests/invenio-jobs/original/invenio_jobs/services/services.py,line=354::datetime.datetime.utcnow() is deprecated and scheduled for removal in a future version. Use timezone-aware objects to represent datetimes in UTC: datetime.datetime.now(datetime.UTC).
::warning file=/home/runner/work/test-zip-extract-repository/test-zip-extract-repository/workdir/tests/invenio-jobs/original/.venv/lib/python3.14/site-packages/sqlalchemy_utils/models.py,line=33::datetime.datetime.utcnow() is deprecated and scheduled for removal in a future version. Use timezone-aware objects to represent datetimes in UTC: datetime.datetime.now(datetime.UTC).
::warning file=/home/runner/work/test-zip-extract-repository/test-zip-extract-repository/workdir/tests/invenio-jobs/original/.venv/lib/python3.14/site-packages/sqlalchemy_utils/models.py,line=33::datetime.datetime.utcnow() is deprecated and scheduled for removal in a future version. Use timezone-aware objects to represent datetimes in UTC: datetime.datetime.now(datetime.UTC).
::warning file=/home/runner/work/test-zip-extract-repository/test-zip-extract-repository/workdir/tests/invenio-jobs/original/.venv/lib/python3.14/site-packages/sqlalchemy_utils/models.py,line=33::datetime.datetime.utcnow() is deprecated and scheduled for removal in a future version. Use timezone-aware objects to represent datetimes in UTC: datetime.datetime.now(datetime.UTC).
::warning file=/home/runner/work/test-zip-extract-repository/test-zip-extract-repository/workdir/tests/invenio-jobs/original/invenio_jobs/services/services.py,line=451::datetime.datetime.utcnow() is deprecated and scheduled for removal in a future version. Use timezone-aware objects to represent datetimes in UTC: datetime.datetime.now(datetime.UTC).
::error file=workdir/tests/invenio-jobs/original/tests/test_services_subtasks.py,line=246::test_add_total_entries%0A%0AKeyError: 'identity'
F::warning file=/home/runner/work/test-zip-extract-repository/test-zip-extract-repository/workdir/tests/invenio-jobs/original/.venv/lib/python3.14/site-packages/pytest_invenio/user.py,line=36::datetime.datetime.utcnow() is deprecated and scheduled for removal in a future version. Use timezone-aware objects to represent datetimes in UTC: datetime.datetime.now(datetime.UTC).
::warning file=/home/runner/work/test-zip-extract-repository/test-zip-extract-repository/workdir/tests/invenio-jobs/original/.venv/lib/python3.14/site-packages/sqlalchemy/sql/schema.py,line=3624::datetime.datetime.utcnow() is deprecated and scheduled for removal in a future version. Use timezone-aware objects to represent datetimes in UTC: datetime.datetime.now(datetime.UTC).
::warning file=/home/runner/work/test-zip-extract-repository/test-zip-extract-repository/workdir/tests/invenio-jobs/original/.venv/lib/python3.14/site-packages/sqlalchemy/sql/schema.py,line=3624::datetime.datetime.utcnow() is deprecated and scheduled for removal in a future version. Use timezone-aware objects to represent datetimes in UTC: datetime.datetime.now(datetime.UTC).
::warning file=/home/runner/work/test-zip-extract-repository/test-zip-extract-repository/workdir/tests/invenio-jobs/original/.venv/lib/python3.14/site-packages/flask_security/datastore.py,line=235::The Query.get() method is considered legacy as of the 1.x series of SQLAlchemy and becomes a legacy construct in 2.0. The method is now available as Session.get() (deprecated since: 2.0)
::warning file=/home/runner/work/test-zip-extract-repository/test-zip-extract-repository/workdir/tests/invenio-jobs/original/.venv/lib/python3.14/site-packages/sqlalchemy/sql/schema.py,line=3624::datetime.datetime.utcnow() is deprecated and scheduled for removal in a future version. Use timezone-aware objects to represent datetimes in UTC: datetime.datetime.now(datetime.UTC).
::warning file=/home/runner/work/test-zip-extract-repository/test-zip-extract-repository/workdir/tests/invenio-jobs/original/.venv/lib/python3.14/site-packages/sqlalchemy/sql/schema.py,line=3624::datetime.datetime.utcnow() is deprecated and scheduled for removal in a future version. Use timezone-aware objects to represent datetimes in UTC: datetime.datetime.now(datetime.UTC).
::warning file=/home/runner/work/test-zip-extract-repository/test-zip-extract-repository/workdir/tests/invenio-jobs/original/.venv/lib/python3.14/site-packages/sqlalchemy/sql/schema.py,line=3624::datetime.datetime.utcnow() is deprecated and scheduled for removal in a future version. Use timezone-aware objects to represent datetimes in UTC: datetime.datetime.now(datetime.UTC).
::warning file=/home/runner/work/test-zip-extract-repository/test-zip-extract-repository/workdir/tests/invenio-jobs/original/.venv/lib/python3.14/site-packages/sqlalchemy/sql/schema.py,line=3624::datetime.datetime.utcnow() is deprecated and scheduled for removal in a future version. Use timezone-aware objects to represent datetimes in UTC: datetime.datetime.now(datetime.UTC).
::warning file=/home/runner/work/test-zip-extract-repository/test-zip-extract-repository/workdir/tests/invenio-jobs/original/.venv/lib/python3.14/site-packages/sqlalchemy/sql/schema.py,line=3624::datetime.datetime.utcnow() is deprecated and scheduled for removal in a future version. Use timezone-aware objects to represent datetimes in UTC: datetime.datetime.now(datetime.UTC).
::warning file=/home/runner/work/test-zip-extract-repository/test-zip-extract-repository/workdir/tests/invenio-jobs/original/.venv/lib/python3.14/site-packages/sqlalchemy/sql/schema.py,line=3624::datetime.datetime.utcnow() is deprecated and scheduled for removal in a future version. Use timezone-aware objects to represent datetimes in UTC: datetime.datetime.now(datetime.UTC).
::warning file=/home/runner/work/test-zip-extract-repository/test-zip-extract-repository/workdir/tests/invenio-jobs/original/.venv/lib/python3.14/site-packages/sqlalchemy_utils/models.py,line=33::datetime.datetime.utcnow() is deprecated and scheduled for removal in a future version. Use timezone-aware objects to represent datetimes in UTC: datetime.datetime.now(datetime.UTC).
::warning file=/home/runner/work/test-zip-extract-repository/test-zip-extract-repository/workdir/tests/invenio-jobs/original/.venv/lib/python3.14/site-packages/sqlalchemy/sql/schema.py,line=3624::datetime.datetime.utcnow() is deprecated and scheduled for removal in a future version. Use timezone-aware objects to represent datetimes in UTC: datetime.datetime.now(datetime.UTC).
::warning file=/home/runner/work/test-zip-extract-repository/test-zip-extract-repository/workdir/tests/invenio-jobs/original/.venv/lib/python3.14/site-packages/sqlalchemy/sql/schema.py,line=3624::datetime.datetime.utcnow() is deprecated and scheduled for removal in a future version. Use timezone-aware objects to represent datetimes in UTC: datetime.datetime.now(datetime.UTC).
::warning file=/home/runner/work/test-zip-extract-repository/test-zip-extract-repository/workdir/tests/invenio-jobs/original/invenio_jobs/tasks.py,line=61::datetime.datetime.utcnow() is deprecated and scheduled for removal in a future version. Use timezone-aware objects to represent datetimes in UTC: datetime.datetime.now(datetime.UTC).
::warning file=/home/runner/work/test-zip-extract-repository/test-zip-extract-repository/workdir/tests/invenio-jobs/original/.venv/lib/python3.14/site-packages/sqlalchemy_utils/models.py,line=33::datetime.datetime.utcnow() is deprecated and scheduled for removal in a future version. Use timezone-aware objects to represent datetimes in UTC: datetime.datetime.now(datetime.UTC).
::warning file=/home/runner/work/test-zip-extract-repository/test-zip-extract-repository/workdir/tests/invenio-jobs/original/invenio_jobs/tasks.py,line=121::datetime.datetime.utcnow() is deprecated and scheduled for removal in a future version. Use timezone-aware objects to represent datetimes in UTC: datetime.datetime.now(datetime.UTC).
::warning file=/home/runner/work/test-zip-extract-repository/test-zip-extract-repository/workdir/tests/invenio-jobs/original/.venv/lib/python3.14/site-packages/sqlalchemy_utils/models.py,line=33::datetime.datetime.utcnow() is deprecated and scheduled for removal in a future version. Use timezone-aware objects to represent datetimes in UTC: datetime.datetime.now(datetime.UTC).
.::warning file=/home/runner/work/test-zip-extract-repository/test-zip-extract-repository/workdir/tests/invenio-jobs/original/.venv/lib/python3.14/site-packages/pytest_invenio/user.py,line=36::datetime.datetime.utcnow() is deprecated and scheduled for removal in a future version. Use timezone-aware objects to represent datetimes in UTC: datetime.datetime.now(datetime.UTC).
::warning file=/home/runner/work/test-zip-extract-repository/test-zip-extract-repository/workdir/tests/invenio-jobs/original/.venv/lib/python3.14/site-packages/sqlalchemy/sql/schema.py,line=3624::datetime.datetime.utcnow() is deprecated and scheduled for removal in a future version. Use timezone-aware objects to represent datetimes in UTC: datetime.datetime.now(datetime.UTC).
::warning file=/home/runner/work/test-zip-extract-repository/test-zip-extract-repository/workdir/tests/invenio-jobs/original/.venv/lib/python3.14/site-packages/sqlalchemy/sql/schema.py,line=3624::datetime.datetime.utcnow() is deprecated and scheduled for removal in a future version. Use timezone-aware objects to represent datetimes in UTC: datetime.datetime.now(datetime.UTC).
::warning file=/home/runner/work/test-zip-extract-repository/test-zip-extract-repository/workdir/tests/invenio-jobs/original/.venv/lib/python3.14/site-packages/flask_security/datastore.py,line=235::The Query.get() method is considered legacy as of the 1.x series of SQLAlchemy and becomes a legacy construct in 2.0. The method is now available as Session.get() (deprecated since: 2.0)
::warning file=/home/runner/work/test-zip-extract-repository/test-zip-extract-repository/workdir/tests/invenio-jobs/original/.venv/lib/python3.14/site-packages/sqlalchemy/sql/schema.py,line=3624::datetime.datetime.utcnow() is deprecated and scheduled for removal in a future version. Use timezone-aware objects to represent datetimes in UTC: datetime.datetime.now(datetime.UTC).
::warning file=/home/runner/work/test-zip-extract-repository/test-zip-extract-repository/workdir/tests/invenio-jobs/original/.venv/lib/python3.14/site-packages/sqlalchemy/sql/schema.py,line=3624::datetime.datetime.utcnow() is deprecated and scheduled for removal in a future version. Use timezone-aware objects to represent datetimes in UTC: datetime.datetime.now(datetime.UTC).
::warning file=/home/runner/work/test-zip-extract-repository/test-zip-extract-repository/workdir/tests/invenio-jobs/original/.venv/lib/python3.14/site-packages/sqlalchemy/sql/schema.py,line=3624::datetime.datetime.utcnow() is deprecated and scheduled for removal in a future version. Use timezone-aware objects to represent datetimes in UTC: datetime.datetime.now(datetime.UTC).
::warning file=/home/runner/work/test-zip-extract-repository/test-zip-extract-repository/workdir/tests/invenio-jobs/original/.venv/lib/python3.14/site-packages/sqlalchemy/sql/schema.py,line=3624::datetime.datetime.utcnow() is deprecated and scheduled for removal in a future version. Use timezone-aware objects to represent datetimes in UTC: datetime.datetime.now(datetime.UTC).
::warning file=/home/runner/work/test-zip-extract-repository/test-zip-extract-repository/workdir/tests/invenio-jobs/original/.venv/lib/python3.14/site-packages/sqlalchemy/sql/schema.py,line=3624::datetime.datetime.utcnow() is deprecated and scheduled for removal in a future version. Use timezone-aware objects to represent datetimes in UTC: datetime.datetime.now(datetime.UTC).
::warning file=/home/runner/work/test-zip-extract-repository/test-zip-extract-repository/workdir/tests/invenio-jobs/original/.venv/lib/python3.14/site-packages/sqlalchemy/sql/schema.py,line=3624::datetime.datetime.utcnow() is deprecated and scheduled for removal in a future version. Use timezone-aware objects to represent datetimes in UTC: datetime.datetime.now(datetime.UTC).
::warning file=/home/runner/work/test-zip-extract-repository/test-zip-extract-repository/workdir/tests/invenio-jobs/original/.venv/lib/python3.14/site-packages/sqlalchemy_utils/models.py,line=33::datetime.datetime.utcnow() is deprecated and scheduled for removal in a future version. Use timezone-aware objects to represent datetimes in UTC: datetime.datetime.now(datetime.UTC).
::warning file=/home/runner/work/test-zip-extract-repository/test-zip-extract-repository/workdir/tests/invenio-jobs/original/.venv/lib/python3.14/site-packages/sqlalchemy/sql/schema.py,line=3624::datetime.datetime.utcnow() is deprecated and scheduled for removal in a future version. Use timezone-aware objects to represent datetimes in UTC: datetime.datetime.now(datetime.UTC).
::warning file=/home/runner/work/test-zip-extract-repository/test-zip-extract-repository/workdir/tests/invenio-jobs/original/.venv/lib/python3.14/site-packages/sqlalchemy/sql/schema.py,line=3624::datetime.datetime.utcnow() is deprecated and scheduled for removal in a future version. Use timezone-aware objects to represent datetimes in UTC: datetime.datetime.now(datetime.UTC).
::warning file=/home/runner/work/test-zip-extract-repository/test-zip-extract-repository/workdir/tests/invenio-jobs/original/invenio_jobs/tasks.py,line=61::datetime.datetime.utcnow() is deprecated and scheduled for removal in a future version. Use timezone-aware objects to represent datetimes in UTC: datetime.datetime.now(datetime.UTC).
::warning file=/home/runner/work/test-zip-extract-repository/test-zip-extract-repository/workdir/tests/invenio-jobs/original/.venv/lib/python3.14/site-packages/sqlalchemy_utils/models.py,line=33::datetime.datetime.utcnow() is deprecated and scheduled for removal in a future version. Use timezone-aware objects to represent datetimes in UTC: datetime.datetime.now(datetime.UTC).
::warning file=/home/runner/work/test-zip-extract-repository/test-zip-extract-repository/workdir/tests/invenio-jobs/original/invenio_jobs/tasks.py,line=121::datetime.datetime.utcnow() is deprecated and scheduled for removal in a future version. Use timezone-aware objects to represent datetimes in UTC: datetime.datetime.now(datetime.UTC).
::warning file=/home/runner/work/test-zip-extract-repository/test-zip-extract-repository/workdir/tests/invenio-jobs/original/.venv/lib/python3.14/site-packages/sqlalchemy_utils/models.py,line=33::datetime.datetime.utcnow() is deprecated and scheduled for removal in a future version. Use timezone-aware objects to represent datetimes in UTC: datetime.datetime.now(datetime.UTC).
.::warning file=/home/runner/work/test-zip-extract-repository/test-zip-extract-repository/workdir/tests/invenio-jobs/original/.venv/lib/python3.14/site-packages/pytest_invenio/user.py,line=36::datetime.datetime.utcnow() is deprecated and scheduled for removal in a future version. Use timezone-aware objects to represent datetimes in UTC: datetime.datetime.now(datetime.UTC).
::warning file=/home/runner/work/test-zip-extract-repository/test-zip-extract-repository/workdir/tests/invenio-jobs/original/.venv/lib/python3.14/site-packages/sqlalchemy/sql/schema.py,line=3624::datetime.datetime.utcnow() is deprecated and scheduled for removal in a future version. Use timezone-aware objects to represent datetimes in UTC: datetime.datetime.now(datetime.UTC).
::warning file=/home/runner/work/test-zip-extract-repository/test-zip-extract-repository/workdir/tests/invenio-jobs/original/.venv/lib/python3.14/site-packages/sqlalchemy/sql/schema.py,line=3624::datetime.datetime.utcnow() is deprecated and scheduled for removal in a future version. Use timezone-aware objects to represent datetimes in UTC: datetime.datetime.now(datetime.UTC).
::warning file=/home/runner/work/test-zip-extract-repository/test-zip-extract-repository/workdir/tests/invenio-jobs/original/.venv/lib/python3.14/site-packages/flask_security/datastore.py,line=235::The Query.get() method is considered legacy as of the 1.x series of SQLAlchemy and becomes a legacy construct in 2.0. The method is now available as Session.get() (deprecated since: 2.0)
::warning file=/home/runner/work/test-zip-extract-repository/test-zip-extract-repository/workdir/tests/invenio-jobs/original/.venv/lib/python3.14/site-packages/sqlalchemy/sql/schema.py,line=3624::datetime.datetime.utcnow() is deprecated and scheduled for removal in a future version. Use timezone-aware objects to represent datetimes in UTC: datetime.datetime.now(datetime.UTC).
::warning file=/home/runner/work/test-zip-extract-repository/test-zip-extract-repository/workdir/tests/invenio-jobs/original/.venv/lib/python3.14/site-packages/sqlalchemy/sql/schema.py,line=3624::datetime.datetime.utcnow() is deprecated and scheduled for removal in a future version. Use timezone-aware objects to represent datetimes in UTC: datetime.datetime.now(datetime.UTC).
::warning file=/home/runner/work/test-zip-extract-repository/test-zip-extract-repository/workdir/tests/invenio-jobs/original/.venv/lib/python3.14/site-packages/sqlalchemy/sql/schema.py,line=3624::datetime.datetime.utcnow() is deprecated and scheduled for removal in a future version. Use timezone-aware objects to represent datetimes in UTC: datetime.datetime.now(datetime.UTC).
::warning file=/home/runner/work/test-zip-extract-repository/test-zip-extract-repository/workdir/tests/invenio-jobs/original/.venv/lib/python3.14/site-packages/sqlalchemy/sql/schema.py,line=3624::datetime.datetime.utcnow() is deprecated and scheduled for removal in a future version. Use timezone-aware objects to represent datetimes in UTC: datetime.datetime.now(datetime.UTC).
::warning file=/home/runner/work/test-zip-extract-repository/test-zip-extract-repository/workdir/tests/invenio-jobs/original/.venv/lib/python3.14/site-packages/sqlalchemy/sql/schema.py,line=3624::datetime.datetime.utcnow() is deprecated and scheduled for removal in a future version. Use timezone-aware objects to represent datetimes in UTC: datetime.datetime.now(datetime.UTC).
::warning file=/home/runner/work/test-zip-extract-repository/test-zip-extract-repository/workdir/tests/invenio-jobs/original/.venv/lib/python3.14/site-packages/sqlalchemy/sql/schema.py,line=3624::datetime.datetime.utcnow() is deprecated and scheduled for removal in a future version. Use timezone-aware objects to represent datetimes in UTC: datetime.datetime.now(datetime.UTC).
::warning file=/home/runner/work/test-zip-extract-repository/test-zip-extract-repository/workdir/tests/invenio-jobs/original/.venv/lib/python3.14/site-packages/sqlalchemy_utils/models.py,line=33::datetime.datetime.utcnow() is deprecated and scheduled for removal in a future version. Use timezone-aware objects to represent datetimes in UTC: datetime.datetime.now(datetime.UTC).
::warning file=/home/runner/work/test-zip-extract-repository/test-zip-extract-repository/workdir/tests/invenio-jobs/original/.venv/lib/python3.14/site-packages/sqlalchemy/sql/schema.py,line=3624::datetime.datetime.utcnow() is deprecated and scheduled for removal in a future version. Use timezone-aware objects to represent datetimes in UTC: datetime.datetime.now(datetime.UTC).
::warning file=/home/runner/work/test-zip-extract-repository/test-zip-extract-repository/workdir/tests/invenio-jobs/original/.venv/lib/python3.14/site-packages/sqlalchemy/sql/schema.py,line=3624::datetime.datetime.utcnow() is deprecated and scheduled for removal in a future version. Use timezone-aware objects to represent datetimes in UTC: datetime.datetime.now(datetime.UTC).
::warning file=/home/runner/work/test-zip-extract-repository/test-zip-extract-repository/workdir/tests/invenio-jobs/original/invenio_jobs/tasks.py,line=61::datetime.datetime.utcnow() is deprecated and scheduled for removal in a future version. Use timezone-aware objects to represent datetimes in UTC: datetime.datetime.now(datetime.UTC).
::warning file=/home/runner/work/test-zip-extract-repository/test-zip-extract-repository/workdir/tests/invenio-jobs/original/.venv/lib/python3.14/site-packages/sqlalchemy_utils/models.py,line=33::datetime.datetime.utcnow() is deprecated and scheduled for removal in a future version. Use timezone-aware objects to represent datetimes in UTC: datetime.datetime.now(datetime.UTC).
::warning file=/home/runner/work/test-zip-extract-repository/test-zip-extract-repository/workdir/tests/invenio-jobs/original/invenio_jobs/tasks.py,line=121::datetime.datetime.utcnow() is deprecated and scheduled for removal in a future version. Use timezone-aware objects to represent datetimes in UTC: datetime.datetime.now(datetime.UTC).
::warning file=/home/runner/work/test-zip-extract-repository/test-zip-extract-repository/workdir/tests/invenio-jobs/original/.venv/lib/python3.14/site-packages/sqlalchemy_utils/models.py,line=33::datetime.datetime.utcnow() is deprecated and scheduled for removal in a future version. Use timezone-aware objects to represent datetimes in UTC: datetime.datetime.now(datetime.UTC).
::warning file=/home/runner/work/test-zip-extract-repository/test-zip-extract-repository/workdir/tests/invenio-jobs/original/.venv/lib/python3.14/site-packages/sqlalchemy_utils/models.py,line=33::datetime.datetime.utcnow() is deprecated and scheduled for removal in a future version. Use timezone-aware objects to represent datetimes in UTC: datetime.datetime.now(datetime.UTC).
::warning file=/home/runner/work/test-zip-extract-repository/test-zip-extract-repository/workdir/tests/invenio-jobs/original/.venv/lib/python3.14/site-packages/sqlalchemy_utils/models.py,line=33::datetime.datetime.utcnow() is deprecated and scheduled for removal in a future version. Use timezone-aware objects to represent datetimes in UTC: datetime.datetime.now(datetime.UTC).
::warning file=/home/runner/work/test-zip-extract-repository/test-zip-extract-repository/workdir/tests/invenio-jobs/original/.venv/lib/python3.14/site-packages/sqlalchemy/sql/schema.py,line=3624::datetime.datetime.utcnow() is deprecated and scheduled for removal in a future version. Use timezone-aware objects to represent datetimes in UTC: datetime.datetime.now(datetime.UTC).
::warning file=/home/runner/work/test-zip-extract-repository/test-zip-extract-repository/workdir/tests/invenio-jobs/original/.venv/lib/python3.14/site-packages/sqlalchemy/sql/schema.py,line=3624::datetime.datetime.utcnow() is deprecated and scheduled for removal in a future version. Use timezone-aware objects to represent datetimes in UTC: datetime.datetime.now(datetime.UTC).
::warning file=/home/runner/work/test-zip-extract-repository/test-zip-extract-repository/workdir/tests/invenio-jobs/original/invenio_jobs/services/services.py,line=354::datetime.datetime.utcnow() is deprecated and scheduled for removal in a future version. Use timezone-aware objects to represent datetimes in UTC: datetime.datetime.now(datetime.UTC).
::warning file=/home/runner/work/test-zip-extract-repository/test-zip-extract-repository/workdir/tests/invenio-jobs/original/.venv/lib/python3.14/site-packages/sqlalchemy_utils/models.py,line=33::datetime.datetime.utcnow() is deprecated and scheduled for removal in a future version. Use timezone-aware objects to represent datetimes in UTC: datetime.datetime.now(datetime.UTC).
::warning file=/home/runner/work/test-zip-extract-repository/test-zip-extract-repository/workdir/tests/invenio-jobs/original/.venv/lib/python3.14/site-packages/sqlalchemy_utils/models.py,line=33::datetime.datetime.utcnow() is deprecated and scheduled for removal in a future version. Use timezone-aware objects to represent datetimes in UTC: datetime.datetime.now(datetime.UTC).
::warning file=/home/runner/work/test-zip-extract-repository/test-zip-extract-repository/workdir/tests/invenio-jobs/original/invenio_jobs/services/services.py,line=451::datetime.datetime.utcnow() is deprecated and scheduled for removal in a future version. Use timezone-aware objects to represent datetimes in UTC: datetime.datetime.now(datetime.UTC).
.::warning file=/home/runner/work/test-zip-extract-repository/test-zip-extract-repository/workdir/tests/invenio-jobs/original/.venv/lib/python3.14/site-packages/pytest_invenio/user.py,line=36::datetime.datetime.utcnow() is deprecated and scheduled for removal in a future version. Use timezone-aware objects to represent datetimes in UTC: datetime.datetime.now(datetime.UTC).
::warning file=/home/runner/work/test-zip-extract-repository/test-zip-extract-repository/workdir/tests/invenio-jobs/original/.venv/lib/python3.14/site-packages/sqlalchemy/sql/schema.py,line=3624::datetime.datetime.utcnow() is deprecated and scheduled for removal in a future version. Use timezone-aware objects to represent datetimes in UTC: datetime.datetime.now(datetime.UTC).
::warning file=/home/runner/work/test-zip-extract-repository/test-zip-extract-repository/workdir/tests/invenio-jobs/original/.venv/lib/python3.14/site-packages/sqlalchemy/sql/schema.py,line=3624::datetime.datetime.utcnow() is deprecated and scheduled for removal in a future version. Use timezone-aware objects to represent datetimes in UTC: datetime.datetime.now(datetime.UTC).
::warning file=/home/runner/work/test-zip-extract-repository/test-zip-extract-repository/workdir/tests/invenio-jobs/original/.venv/lib/python3.14/site-packages/flask_security/datastore.py,line=235::The Query.get() method is considered legacy as of the 1.x series of SQLAlchemy and becomes a legacy construct in 2.0. The method is now available as Session.get() (deprecated since: 2.0)
::warning file=/home/runner/work/test-zip-extract-repository/test-zip-extract-repository/workdir/tests/invenio-jobs/original/.venv/lib/python3.14/site-packages/sqlalchemy/sql/schema.py,line=3624::datetime.datetime.utcnow() is deprecated and scheduled for removal in a future version. Use timezone-aware objects to represent datetimes in UTC: datetime.datetime.now(datetime.UTC).
::warning file=/home/runner/work/test-zip-extract-repository/test-zip-extract-repository/workdir/tests/invenio-jobs/original/.venv/lib/python3.14/site-packages/sqlalchemy/sql/schema.py,line=3624::datetime.datetime.utcnow() is deprecated and scheduled for removal in a future version. Use timezone-aware objects to represent datetimes in UTC: datetime.datetime.now(datetime.UTC).
::warning file=/home/runner/work/test-zip-extract-repository/test-zip-extract-repository/workdir/tests/invenio-jobs/original/.venv/lib/python3.14/site-packages/sqlalchemy/sql/schema.py,line=3624::datetime.datetime.utcnow() is deprecated and scheduled for removal in a future version. Use timezone-aware objects to represent datetimes in UTC: datetime.datetime.now(datetime.UTC).
::warning file=/home/runner/work/test-zip-extract-repository/test-zip-extract-repository/workdir/tests/invenio-jobs/original/.venv/lib/python3.14/site-packages/sqlalchemy/sql/schema.py,line=3624::datetime.datetime.utcnow() is deprecated and scheduled for removal in a future version. Use timezone-aware objects to represent datetimes in UTC: datetime.datetime.now(datetime.UTC).
::warning file=/home/runner/work/test-zip-extract-repository/test-zip-extract-repository/workdir/tests/invenio-jobs/original/.venv/lib/python3.14/site-packages/sqlalchemy/sql/schema.py,line=3624::datetime.datetime.utcnow() is deprecated and scheduled for removal in a future version. Use timezone-aware objects to represent datetimes in UTC: datetime.datetime.now(datetime.UTC).
::warning file=/home/runner/work/test-zip-extract-repository/test-zip-extract-repository/workdir/tests/invenio-jobs/original/.venv/lib/python3.14/site-packages/sqlalchemy/sql/schema.py,line=3624::datetime.datetime.utcnow() is deprecated and scheduled for removal in a future version. Use timezone-aware objects to represent datetimes in UTC: datetime.datetime.now(datetime.UTC).
                              [ 96%]
tests/test_utils.py .                                                    [100%]

=================================== FAILURES ===================================
_______________________________ test_simple_flow _______________________________

mock_apply_async = <MagicMock name='apply_async' id='140665028115632'>
app = <Flask 'invenio'>
db = <SQLAlchemy postgresql+psycopg2://invenio:***@localhost:5432/invenio>
client = <FlaskClient <Flask 'invenio'>>
user = <pytest_invenio.user.UserFixtureBase object at 0x7fef21101400>

    @patch.object(execute_run, "apply_async")
    def test_simple_flow(mock_apply_async, app, db, client, user):
        """Test simple flow."""
        client = user.login(client)
        job_payload = {
            "title": "Test job",
            "task": "update_expired_embargos",
            "description": "Test description",
            "active": False,
            "default_queue": "low",
            "schedule": {"type": "interval", "hours": 4},
        }
    
        # Create a job
        res = client.post("/jobs", json=job_payload)
        assert res.status_code == 201
        job_id = res.json["id"]
        expected_job = {
            "id": job_id,
            "title": "Test job",
            "description": "Test description",
            "active": False,
            "task": "update_expired_embargos",
            "default_queue": "low",
            "default_args": '{"since": null}',
            "schedule": {"type": "interval", "hours": 4},
            "created": res.json["created"],
            "updated": res.json["updated"],
            "links": {
                "self": f"https://127.0.0.1:5000/api/jobs/{job_id}",
                "runs": f"https://127.0.0.1:5000/api/jobs/{job_id}/runs",
                "self_admin_html": f"https://127.0.0.1:5000/administration/jobs/{job_id}",
            },
        }
    
        assert res.json == expected_job
    
        # Activate the job (i.e. update)
        res = client.put(f"/jobs/{job_id}", json={**job_payload, "active": True})
        assert res.status_code == 200
        expected_job["active"] = True
        expected_job["updated"] = res.json["updated"]
        assert res.json == expected_job
    
        list_repr = deepcopy(expected_job)
        list_repr.update(
            {
                "last_run": {
                    "title": "Manual run",
                    "total_subtasks": 0,
                    "completed_subtasks": 0,
                    "failed_subtasks": 0,
                    "errored_entries": 0,
                    "total_entries": 0,
                },
                "last_runs": {
                    "cancelled": {},
                    "cancelling": {},
                    "failed": {},
                    "partial_success": {},
                    "queued": {},
                    "running": {},
                    "success": {},
                    "warning": {},
                },
            }
        )
    
        # List jobs
        res = client.get("/jobs")
        assert res.status_code == 200
        assert res.json["hits"]["total"] == 1
        assert res.json["hits"]["hits"][0] == list_repr
    
        # Get job
        res = client.get(f"/jobs/{job_id}")
        assert res.status_code == 200
        assert res.json == expected_job
    
        # Create/trigger a run with invalid `since` to test correct failure
        invalid_since_arg = "2025-05-20T00:00:00+aa:bb"  # slightly invalid ISO timestamp
        res = client.post(
            f"/jobs/{job_id}/runs",
            json={
                "title": "Manually triggered run",
                "args": {
                    "since": invalid_since_arg,
                    "job_arg_schema": "PredefinedArgsSchema",
                },
                "queue": "celery",
            },
        )
        assert res.status_code == 400
    
        # Create/trigger a run with no inputs, expecting it to rely on a default value for `since`
>       res = client.post(
            f"/jobs/{job_id}/runs",
            json={
                "title": "Manually triggered run",
                "args": {},
                "queue": "celery",
            },
        )

tests/resources/test_resources.py:115: 
_ _ _ _ _ _ _ _ _ _ _ _ _ _ _ _ _ _ _ _ _ _ _ _ _ _ _ _ _ _ _ _ _ _ _ _ _ _ _ _ 
.venv/lib/python3.14/site-packages/werkzeug/test.py:1167: in post
    return self.open(*args, **kw)
           ^^^^^^^^^^^^^^^^^^^^^^
.venv/lib/python3.14/site-packages/flask/testing.py:235: in open
    response = super().open(
.venv/lib/python3.14/site-packages/werkzeug/test.py:1116: in open
    response_parts = self.run_wsgi_app(request.environ, buffered=buffered)
                     ^^^^^^^^^^^^^^^^^^^^^^^^^^^^^^^^^^^^^^^^^^^^^^^^^^^^^
.venv/lib/python3.14/site-packages/werkzeug/test.py:988: in run_wsgi_app
    rv = run_wsgi_app(self.application, environ, buffered=buffered)
         ^^^^^^^^^^^^^^^^^^^^^^^^^^^^^^^^^^^^^^^^^^^^^^^^^^^^^^^^^^
.venv/lib/python3.14/site-packages/werkzeug/test.py:1264: in run_wsgi_app
    app_rv = app(environ, start_response)
             ^^^^^^^^^^^^^^^^^^^^^^^^^^^^
.venv/lib/python3.14/site-packages/flask/app.py:1536: in __call__
    return self.wsgi_app(environ, start_response)
           ^^^^^^^^^^^^^^^^^^^^^^^^^^^^^^^^^^^^^^
.venv/lib/python3.14/site-packages/flask/app.py:1514: in wsgi_app
    response = self.handle_exception(e)
               ^^^^^^^^^^^^^^^^^^^^^^^^
.venv/lib/python3.14/site-packages/flask/app.py:1511: in wsgi_app
    response = self.full_dispatch_request()
               ^^^^^^^^^^^^^^^^^^^^^^^^^^^^
.venv/lib/python3.14/site-packages/flask/app.py:919: in full_dispatch_request
    rv = self.handle_user_exception(e)
         ^^^^^^^^^^^^^^^^^^^^^^^^^^^^^
.venv/lib/python3.14/site-packages/flask/app.py:917: in full_dispatch_request
    rv = self.dispatch_request()
         ^^^^^^^^^^^^^^^^^^^^^^^
.venv/lib/python3.14/site-packages/flask/app.py:902: in dispatch_request
    return self.ensure_sync(self.view_functions[rule.endpoint])(**view_args)  # type: ignore[no-any-return]
           ^^^^^^^^^^^^^^^^^^^^^^^^^^^^^^^^^^^^^^^^^^^^^^^^^^^^^^^^^^^^^^^^^
.venv/lib/python3.14/site-packages/flask_resources/resources.py:65: in view
    return view_meth()
           ^^^^^^^^^^^
.venv/lib/python3.14/site-packages/flask_resources/content_negotiation.py:116: in inner_content_negotiation
    return f(*args, **kwargs)
           ^^^^^^^^^^^^^^^^^^
.venv/lib/python3.14/site-packages/flask_resources/parsers/decorators.py:90: in inner
    return f(self, *args, **kwargs)
           ^^^^^^^^^^^^^^^^^^^^^^^^
.venv/lib/python3.14/site-packages/flask_resources/parsers/decorators.py:51: in inner
    return f(self, *args, **kwargs)
           ^^^^^^^^^^^^^^^^^^^^^^^^
.venv/lib/python3.14/site-packages/flask_resources/responses.py:39: in inner
    res = f(*args, **kwargs)
          ^^^^^^^^^^^^^^^^^^
invenio_jobs/resources/resources.py:193: in create
    return item.to_dict(), 201
           ^^^^^^^^^^^^^^
.venv/lib/python3.14/site-packages/invenio_records_resources/services/records/results.py:106: in to_dict
    res = self.data
          ^^^^^^^^^
.venv/lib/python3.14/site-packages/invenio_records_resources/services/records/results.py:78: in data
    self._data = self._schema.dump(
.venv/lib/python3.14/site-packages/invenio_records_resources/services/records/schema.py:118: in dump
    return self.schema(**schema_args).dump(data)
           ^^^^^^^^^^^^^^^^^^^^^^^^^^^^^^^^^^^^^
.venv/lib/python3.14/site-packages/marshmallow/schema.py:621: in dump
    result = self._serialize(processed_obj, many=many)
             ^^^^^^^^^^^^^^^^^^^^^^^^^^^^^^^^^^^^^^^^^
.venv/lib/python3.14/site-packages/marshmallow/schema.py:589: in _serialize
    value = field_obj.serialize(attr_name, obj, accessor=self.get_attribute)
            ^^^^^^^^^^^^^^^^^^^^^^^^^^^^^^^^^^^^^^^^^^^^^^^^^^^^^^^^^^^^^^^^
.venv/lib/python3.14/site-packages/marshmallow/fields.py:348: in serialize
    return self._serialize(value, attr, obj, **kwargs)
           ^^^^^^^^^^^^^^^^^^^^^^^^^^^^^^^^^^^^^^^^^^^
.venv/lib/python3.14/site-packages/marshmallow/fields.py:656: in _serialize
    return schema.dump(nested_obj, many=many)
           ^^^^^^^^^^^^^^^^^^^^^^^^^^^^^^^^^^
.venv/lib/python3.14/site-packages/marshmallow_oneofschema/one_of_schema.py:85: in dump
    result = result_data = self._dump(obj, **kwargs)
                           ^^^^^^^^^^^^^^^^^^^^^^^^^
.venv/lib/python3.14/site-packages/marshmallow_oneofschema/one_of_schema.py:122: in _dump
    result = schema.dump(obj, many=False, **kwargs)
             ^^^^^^^^^^^^^^^^^^^^^^^^^^^^^^^^^^^^^^
.venv/lib/python3.14/site-packages/marshmallow/schema.py:621: in dump
    result = self._serialize(processed_obj, many=many)
             ^^^^^^^^^^^^^^^^^^^^^^^^^^^^^^^^^^^^^^^^^
.venv/lib/python3.14/site-packages/marshmallow/schema.py:589: in _serialize
    value = field_obj.serialize(attr_name, obj, accessor=self.get_attribute)
            ^^^^^^^^^^^^^^^^^^^^^^^^^^^^^^^^^^^^^^^^^^^^^^^^^^^^^^^^^^^^^^^^
.venv/lib/python3.14/site-packages/marshmallow/fields.py:348: in serialize
    return self._serialize(value, attr, obj, **kwargs)
           ^^^^^^^^^^^^^^^^^^^^^^^^^^^^^^^^^^^^^^^^^^^
.venv/lib/python3.14/site-packages/marshmallow/fields.py:2026: in _serialize
    return self._serialize_method(obj)
           ^^^^^^^^^^^^^^^^^^^^^^^^^^^
_ _ _ _ _ _ _ _ _ _ _ _ _ _ _ _ _ _ _ _ _ _ _ _ _ _ _ _ _ _ _ _ _ _ _ _ _ _ _ _ 

self = <UserSchema(many=False)>
obj = <UserAggregate: {'id': 1, 'version_id': 2, 'email': 'user@inveniosoftware.org', 'domain': 'inveniosoftware.org', 'user...atetime.datetime(2026, 2, 17, 10, 1, 3, 697900), 'current_login_at': datetime.datetime(2026, 2, 17, 10, 1, 3, 696064)}>

    def is_self(self, obj):
        """Determine if identity is the current identity."""
>       current_identity = self.context["identity"]
                           ^^^^^^^^^^^^^^^^^^^^^^^^
E       KeyError: 'identity'

.venv/lib/python3.14/site-packages/invenio_users_resources/services/schemas.py:130: KeyError
---------------------------- Captured stderr setup -----------------------------
JSONSCHEMAS_HOST is set to localhost
Flask-DebugToolbar extension not installed.
------------------------------ Captured log setup ------------------------------
WARNING  py.warnings:_py_warnings.py:230 /home/runner/work/test-zip-extract-repository/test-zip-extract-repository/workdir/tests/invenio-jobs/original/.venv/lib/python3.14/site-packages/invenio_rest/ext.py:29: FutureWarning: CSRF validation will be enabled by default in the version 1.3.x
  self.init_app(app)

WARNING  py.warnings:_py_warnings.py:230 /home/runner/work/test-zip-extract-repository/test-zip-extract-repository/workdir/tests/invenio-jobs/original/.venv/lib/python3.14/site-packages/flask_caching/__init__.py:145: DeprecationWarning: Using the initialization functions in flask_caching.backend is deprecated.  Use the a full path to backend classes directly.
  self._set_cache(app, config)

WARNING  invenio:ext.py:291 JSONSCHEMAS_HOST is set to localhost
DEBUG    invenio:ext.py:99 Flask-DebugToolbar extension not installed.
WARNING  py.warnings:_py_warnings.py:230 /home/runner/work/test-zip-extract-repository/test-zip-extract-repository/workdir/tests/invenio-jobs/original/.venv/lib/python3.14/site-packages/webargs/compat.py:8: DeprecationWarning: The '__version__' attribute is deprecated and will be removed in in a future version. Use feature detection or 'importlib.metadata.version("marshmallow")' instead.
  MARSHMALLOW_VERSION_INFO = tuple(LooseVersion(ma.__version__).version)  # type: tuple

WARNING  py.warnings:_py_warnings.py:230 /home/runner/work/test-zip-extract-repository/test-zip-extract-repository/workdir/tests/invenio-jobs/original/.venv/lib/python3.14/site-packages/webargs/compat.py:8: DeprecationWarning: distutils Version classes are deprecated. Use packaging.version instead.
  MARSHMALLOW_VERSION_INFO = tuple(LooseVersion(ma.__version__).version)  # type: tuple

WARNING  py.warnings:_py_warnings.py:230 /home/runner/work/test-zip-extract-repository/test-zip-extract-repository/workdir/tests/invenio-jobs/original/.venv/lib/python3.14/site-packages/webargs/__init__.py:13: DeprecationWarning: distutils Version classes are deprecated. Use packaging.version instead.
  __version_info__ = tuple(LooseVersion(__version__).version)

WARNING  py.warnings:_py_warnings.py:230 /home/runner/work/test-zip-extract-repository/test-zip-extract-repository/workdir/tests/invenio-jobs/original/.venv/lib/python3.14/site-packages/pytest_invenio/user.py:36: DeprecationWarning: datetime.datetime.utcnow() is deprecated and scheduled for removal in a future version. Use timezone-aware objects to represent datetimes in UTC: datetime.datetime.now(datetime.UTC).
  self._confirmed = datetime.utcnow() if confirmed else None

WARNING  py.warnings:_py_warnings.py:230 /home/runner/work/test-zip-extract-repository/test-zip-extract-repository/workdir/tests/invenio-jobs/original/.venv/lib/python3.14/site-packages/sqlalchemy/sql/schema.py:3624: DeprecationWarning: datetime.datetime.utcnow() is deprecated and scheduled for removal in a future version. Use timezone-aware objects to represent datetimes in UTC: datetime.datetime.now(datetime.UTC).
  return util.wrap_callable(lambda ctx: fn(), fn)  # type: ignore

WARNING  py.warnings:_py_warnings.py:230 /home/runner/work/test-zip-extract-repository/test-zip-extract-repository/workdir/tests/invenio-jobs/original/.venv/lib/python3.14/site-packages/flask_security/datastore.py:235: LegacyAPIWarning: The Query.get() method is considered legacy as of the 1.x series of SQLAlchemy and becomes a legacy construct in 2.0. The method is now available as Session.get() (deprecated since: 2.0) (Background on SQLAlchemy 2.0 at: https://sqlalche.me/e/b8d9)
  return self.user_model.query.get(identifier)
----------------------------- Captured stderr call -----------------------------
A resource error handler caught the following exception:
Traceback (most recent call last):
  File "/home/runner/work/test-zip-extract-repository/test-zip-extract-repository/workdir/tests/invenio-jobs/original/.venv/lib/python3.14/site-packages/flask/app.py", line 917, in full_dispatch_request
    rv = self.dispatch_request()
  File "/home/runner/work/test-zip-extract-repository/test-zip-extract-repository/workdir/tests/invenio-jobs/original/.venv/lib/python3.14/site-packages/flask/app.py", line 902, in dispatch_request
    return self.ensure_sync(self.view_functions[rule.endpoint])(**view_args)  # type: ignore[no-any-return]
           ~~~~~~~~~~~~~~~~~~~~~~~~~~~~~~~~~~~~~~~~~~~~~~~~~~~~^^^^^^^^^^^^^
  File "/home/runner/work/test-zip-extract-repository/test-zip-extract-repository/workdir/tests/invenio-jobs/original/.venv/lib/python3.14/site-packages/flask_resources/resources.py", line 65, in view
    return view_meth()
  File "/home/runner/work/test-zip-extract-repository/test-zip-extract-repository/workdir/tests/invenio-jobs/original/.venv/lib/python3.14/site-packages/flask_resources/content_negotiation.py", line 116, in inner_content_negotiation
    return f(*args, **kwargs)
  File "/home/runner/work/test-zip-extract-repository/test-zip-extract-repository/workdir/tests/invenio-jobs/original/.venv/lib/python3.14/site-packages/flask_resources/parsers/decorators.py", line 90, in inner
    return f(self, *args, **kwargs)
  File "/home/runner/work/test-zip-extract-repository/test-zip-extract-repository/workdir/tests/invenio-jobs/original/.venv/lib/python3.14/site-packages/flask_resources/parsers/decorators.py", line 51, in inner
    return f(self, *args, **kwargs)
  File "/home/runner/work/test-zip-extract-repository/test-zip-extract-repository/workdir/tests/invenio-jobs/original/.venv/lib/python3.14/site-packages/flask_resources/responses.py", line 39, in inner
    res = f(*args, **kwargs)
  File "/home/runner/work/test-zip-extract-repository/test-zip-extract-repository/workdir/tests/invenio-jobs/original/invenio_jobs/resources/resources.py", line 188, in create
    item = self.service.create(
        g.identity,
        job_id=resource_requestctx.view_args["job_id"],
        data=resource_requestctx.data or {},
    )
  File "/home/runner/work/test-zip-extract-repository/test-zip-extract-repository/workdir/tests/invenio-jobs/original/invenio_jobs/logging/jobs.py", line 82, in wrapper
    return func(*args, **kwargs)
  File "/home/runner/work/test-zip-extract-repository/test-zip-extract-repository/workdir/tests/invenio-jobs/original/.venv/lib/python3.14/site-packages/invenio_db/uow.py", line 251, in inner
    res = f(self, *args, **kwargs)
  File "/home/runner/work/test-zip-extract-repository/test-zip-extract-repository/workdir/tests/invenio-jobs/original/invenio_jobs/services/services.py", line 259, in create
    valid_data, errors = self.schema.load(
                         ~~~~~~~~~~~~~~~~^
        data,
        ^^^^^
        context={"identity": identity, "job": job},
        ^^^^^^^^^^^^^^^^^^^^^^^^^^^^^^^^^^^^^^^^^^^
        raise_errors=True,
        ^^^^^^^^^^^^^^^^^^
    )
    ^
  File "/home/runner/work/test-zip-extract-repository/test-zip-extract-repository/workdir/tests/invenio-jobs/original/.venv/lib/python3.14/site-packages/invenio_records_resources/services/records/schema.py", line 97, in load
    valid_data = self.schema(**schema_args).load(data)
  File "/home/runner/work/test-zip-extract-repository/test-zip-extract-repository/workdir/tests/invenio-jobs/original/.venv/lib/python3.14/site-packages/marshmallow/schema.py", line 792, in load
    return self._do_load(
           ~~~~~~~~~~~~~^
        data, many=many, partial=partial, unknown=unknown, postprocess=True
        ^^^^^^^^^^^^^^^^^^^^^^^^^^^^^^^^^^^^^^^^^^^^^^^^^^^^^^^^^^^^^^^^^^^
    )
    ^
  File "/home/runner/work/test-zip-extract-repository/test-zip-extract-repository/workdir/tests/invenio-jobs/original/.venv/lib/python3.14/site-packages/marshmallow/schema.py", line 999, in _do_load
    raise exc
marshmallow.exceptions.ValidationError: {'args': {'since': ['Not a valid datetime.']}}
[2026-02-17 10:01:03,815] DEBUG in errors: A resource error handler caught the following exception:
Traceback (most recent call last):
  File "/home/runner/work/test-zip-extract-repository/test-zip-extract-repository/workdir/tests/invenio-jobs/original/.venv/lib/python3.14/site-packages/flask/app.py", line 917, in full_dispatch_request
    rv = self.dispatch_request()
  File "/home/runner/work/test-zip-extract-repository/test-zip-extract-repository/workdir/tests/invenio-jobs/original/.venv/lib/python3.14/site-packages/flask/app.py", line 902, in dispatch_request
    return self.ensure_sync(self.view_functions[rule.endpoint])(**view_args)  # type: ignore[no-any-return]
           ~~~~~~~~~~~~~~~~~~~~~~~~~~~~~~~~~~~~~~~~~~~~~~~~~~~~^^^^^^^^^^^^^
  File "/home/runner/work/test-zip-extract-repository/test-zip-extract-repository/workdir/tests/invenio-jobs/original/.venv/lib/python3.14/site-packages/flask_resources/resources.py", line 65, in view
    return view_meth()
  File "/home/runner/work/test-zip-extract-repository/test-zip-extract-repository/workdir/tests/invenio-jobs/original/.venv/lib/python3.14/site-packages/flask_resources/content_negotiation.py", line 116, in inner_content_negotiation
    return f(*args, **kwargs)
  File "/home/runner/work/test-zip-extract-repository/test-zip-extract-repository/workdir/tests/invenio-jobs/original/.venv/lib/python3.14/site-packages/flask_resources/parsers/decorators.py", line 90, in inner
    return f(self, *args, **kwargs)
  File "/home/runner/work/test-zip-extract-repository/test-zip-extract-repository/workdir/tests/invenio-jobs/original/.venv/lib/python3.14/site-packages/flask_resources/parsers/decorators.py", line 51, in inner
    return f(self, *args, **kwargs)
  File "/home/runner/work/test-zip-extract-repository/test-zip-extract-repository/workdir/tests/invenio-jobs/original/.venv/lib/python3.14/site-packages/flask_resources/responses.py", line 39, in inner
    res = f(*args, **kwargs)
  File "/home/runner/work/test-zip-extract-repository/test-zip-extract-repository/workdir/tests/invenio-jobs/original/invenio_jobs/resources/resources.py", line 188, in create
    item = self.service.create(
        g.identity,
        job_id=resource_requestctx.view_args["job_id"],
        data=resource_requestctx.data or {},
    )
  File "/home/runner/work/test-zip-extract-repository/test-zip-extract-repository/workdir/tests/invenio-jobs/original/invenio_jobs/logging/jobs.py", line 82, in wrapper
    return func(*args, **kwargs)
  File "/home/runner/work/test-zip-extract-repository/test-zip-extract-repository/workdir/tests/invenio-jobs/original/.venv/lib/python3.14/site-packages/invenio_db/uow.py", line 251, in inner
    res = f(self, *args, **kwargs)
  File "/home/runner/work/test-zip-extract-repository/test-zip-extract-repository/workdir/tests/invenio-jobs/original/invenio_jobs/services/services.py", line 259, in create
    valid_data, errors = self.schema.load(
                         ~~~~~~~~~~~~~~~~^
        data,
        ^^^^^
        context={"identity": identity, "job": job},
        ^^^^^^^^^^^^^^^^^^^^^^^^^^^^^^^^^^^^^^^^^^^
        raise_errors=True,
        ^^^^^^^^^^^^^^^^^^
    )
    ^
  File "/home/runner/work/test-zip-extract-repository/test-zip-extract-repository/workdir/tests/invenio-jobs/original/.venv/lib/python3.14/site-packages/invenio_records_resources/services/records/schema.py", line 97, in load
    valid_data = self.schema(**schema_args).load(data)
  File "/home/runner/work/test-zip-extract-repository/test-zip-extract-repository/workdir/tests/invenio-jobs/original/.venv/lib/python3.14/site-packages/marshmallow/schema.py", line 792, in load
    return self._do_load(
           ~~~~~~~~~~~~~^
        data, many=many, partial=partial, unknown=unknown, postprocess=True
        ^^^^^^^^^^^^^^^^^^^^^^^^^^^^^^^^^^^^^^^^^^^^^^^^^^^^^^^^^^^^^^^^^^^
    )
    ^
  File "/home/runner/work/test-zip-extract-repository/test-zip-extract-repository/workdir/tests/invenio-jobs/original/.venv/lib/python3.14/site-packages/marshmallow/schema.py", line 999, in _do_load
    raise exc
marshmallow.exceptions.ValidationError: {'args': {'since': ['Not a valid datetime.']}}
Run created
[2026-02-17 10:01:03,833] DEBUG in services: Run created
------------------------------ Captured log call -------------------------------
WARNING  py.warnings:_py_warnings.py:230 /home/runner/work/test-zip-extract-repository/test-zip-extract-repository/workdir/tests/invenio-jobs/original/.venv/lib/python3.14/site-packages/flask_security/datastore.py:207: DeprecationWarning: get_user method is deprecated, user get_user_by_email/get_user_by_id
  warnings.warn(

WARNING  py.warnings:_py_warnings.py:230 /home/runner/work/test-zip-extract-repository/test-zip-extract-repository/workdir/tests/invenio-jobs/original/.venv/lib/python3.14/site-packages/flask_security/utils.py:87: DeprecationWarning: datetime.datetime.utcnow() is deprecated and scheduled for removal in a future version. Use timezone-aware objects to represent datetimes in UTC: datetime.datetime.now(datetime.UTC).
  _security.datetime_factory(),

WARNING  py.warnings:_py_warnings.py:230 /home/runner/work/test-zip-extract-repository/test-zip-extract-repository/workdir/tests/invenio-jobs/original/.venv/lib/python3.14/site-packages/sqlalchemy_utils/models.py:33: DeprecationWarning: datetime.datetime.utcnow() is deprecated and scheduled for removal in a future version. Use timezone-aware objects to represent datetimes in UTC: datetime.datetime.now(datetime.UTC).
  target.updated = datetime.utcnow()

WARNING  py.warnings:_py_warnings.py:230 /home/runner/work/test-zip-extract-repository/test-zip-extract-repository/workdir/tests/invenio-jobs/original/.venv/lib/python3.14/site-packages/flask_kvsession/__init__.py:39: DeprecationWarning: datetime.datetime.utcnow() is deprecated and scheduled for removal in a future version. Use timezone-aware objects to represent datetimes in UTC: datetime.datetime.now(datetime.UTC).
  created = datetime.utcnow()

WARNING  py.warnings:_py_warnings.py:230 /home/runner/work/test-zip-extract-repository/test-zip-extract-repository/workdir/tests/invenio-jobs/original/.venv/lib/python3.14/site-packages/flask_kvsession/__init__.py:68: DeprecationWarning: datetime.datetime.utcfromtimestamp() is deprecated and scheduled for removal in a future version. Use timezone-aware objects to represent datetimes in UTC: datetime.datetime.fromtimestamp(timestamp, datetime.UTC).
  return cls(int(id_s, 16), datetime.utcfromtimestamp(int(created_s, 16)))

WARNING  py.warnings:_py_warnings.py:230 /home/runner/work/test-zip-extract-repository/test-zip-extract-repository/workdir/tests/invenio-jobs/original/.venv/lib/python3.14/site-packages/flask_kvsession/__init__.py:54: DeprecationWarning: datetime.datetime.utcnow() is deprecated and scheduled for removal in a future version. Use timezone-aware objects to represent datetimes in UTC: datetime.datetime.now(datetime.UTC).
  now = now or datetime.utcnow()

DEBUG    invenio:errors.py:38 A resource error handler caught the following exception:
Traceback (most recent call last):
  File "/home/runner/work/test-zip-extract-repository/test-zip-extract-repository/workdir/tests/invenio-jobs/original/.venv/lib/python3.14/site-packages/flask/app.py", line 917, in full_dispatch_request
    rv = self.dispatch_request()
  File "/home/runner/work/test-zip-extract-repository/test-zip-extract-repository/workdir/tests/invenio-jobs/original/.venv/lib/python3.14/site-packages/flask/app.py", line 902, in dispatch_request
    return self.ensure_sync(self.view_functions[rule.endpoint])(**view_args)  # type: ignore[no-any-return]
           ~~~~~~~~~~~~~~~~~~~~~~~~~~~~~~~~~~~~~~~~~~~~~~~~~~~~^^^^^^^^^^^^^
  File "/home/runner/work/test-zip-extract-repository/test-zip-extract-repository/workdir/tests/invenio-jobs/original/.venv/lib/python3.14/site-packages/flask_resources/resources.py", line 65, in view
    return view_meth()
  File "/home/runner/work/test-zip-extract-repository/test-zip-extract-repository/workdir/tests/invenio-jobs/original/.venv/lib/python3.14/site-packages/flask_resources/content_negotiation.py", line 116, in inner_content_negotiation
    return f(*args, **kwargs)
  File "/home/runner/work/test-zip-extract-repository/test-zip-extract-repository/workdir/tests/invenio-jobs/original/.venv/lib/python3.14/site-packages/flask_resources/parsers/decorators.py", line 90, in inner
    return f(self, *args, **kwargs)
  File "/home/runner/work/test-zip-extract-repository/test-zip-extract-repository/workdir/tests/invenio-jobs/original/.venv/lib/python3.14/site-packages/flask_resources/parsers/decorators.py", line 51, in inner
    return f(self, *args, **kwargs)
  File "/home/runner/work/test-zip-extract-repository/test-zip-extract-repository/workdir/tests/invenio-jobs/original/.venv/lib/python3.14/site-packages/flask_resources/responses.py", line 39, in inner
    res = f(*args, **kwargs)
  File "/home/runner/work/test-zip-extract-repository/test-zip-extract-repository/workdir/tests/invenio-jobs/original/invenio_jobs/resources/resources.py", line 188, in create
    item = self.service.create(
        g.identity,
        job_id=resource_requestctx.view_args["job_id"],
        data=resource_requestctx.data or {},
    )
  File "/home/runner/work/test-zip-extract-repository/test-zip-extract-repository/workdir/tests/invenio-jobs/original/invenio_jobs/logging/jobs.py", line 82, in wrapper
    return func(*args, **kwargs)
  File "/home/runner/work/test-zip-extract-repository/test-zip-extract-repository/workdir/tests/invenio-jobs/original/.venv/lib/python3.14/site-packages/invenio_db/uow.py", line 251, in inner
    res = f(self, *args, **kwargs)
  File "/home/runner/work/test-zip-extract-repository/test-zip-extract-repository/workdir/tests/invenio-jobs/original/invenio_jobs/services/services.py", line 259, in create
    valid_data, errors = self.schema.load(
                         ~~~~~~~~~~~~~~~~^
        data,
        ^^^^^
        context={"identity": identity, "job": job},
        ^^^^^^^^^^^^^^^^^^^^^^^^^^^^^^^^^^^^^^^^^^^
        raise_errors=True,
        ^^^^^^^^^^^^^^^^^^
    )
    ^
  File "/home/runner/work/test-zip-extract-repository/test-zip-extract-repository/workdir/tests/invenio-jobs/original/.venv/lib/python3.14/site-packages/invenio_records_resources/services/records/schema.py", line 97, in load
    valid_data = self.schema(**schema_args).load(data)
  File "/home/runner/work/test-zip-extract-repository/test-zip-extract-repository/workdir/tests/invenio-jobs/original/.venv/lib/python3.14/site-packages/marshmallow/schema.py", line 792, in load
    return self._do_load(
           ~~~~~~~~~~~~~^
        data, many=many, partial=partial, unknown=unknown, postprocess=True
        ^^^^^^^^^^^^^^^^^^^^^^^^^^^^^^^^^^^^^^^^^^^^^^^^^^^^^^^^^^^^^^^^^^^
    )
    ^
  File "/home/runner/work/test-zip-extract-repository/test-zip-extract-repository/workdir/tests/invenio-jobs/original/.venv/lib/python3.14/site-packages/marshmallow/schema.py", line 999, in _do_load
    raise exc
marshmallow.exceptions.ValidationError: {'args': {'since': ['Not a valid datetime.']}}
DEBUG    invenio:services.py:285 Run created
___________________________ test_create_subtask_run ____________________________

app = <Flask 'invenio'>
db = <SQLAlchemy postgresql+psycopg2://invenio:***@localhost:5432/invenio>
anon_identity = <AnonymousIdentity id="1" auth_type="None" provides={Need(method='system_role', value='any_user')}>
jobs = namespace(interval=<invenio_jobs.services.results.JobItem object at 0x7fef1d513290>, crontab=<invenio_jobs.services.results.JobItem object at 0x7fef1cf33750>, simple=<invenio_jobs.services.results.JobItem object at 0x7fef1cf32e60>)

    def test_create_subtask_run(app, db, anon_identity, jobs):
        """Test creating a subtask run."""
        # Create a parent run first
        parent_run = current_runs_service.create(
            anon_identity,
            jobs.simple.id,
            {"title": "Parent run"},
        )
    
        # Create a subtask run
        subtask_run = current_runs_service.create_subtask_run(
            anon_identity,
            parent_run_id=parent_run.id,
            job_id=jobs.simple.id,
        )
    
        # Verify subtask was created correctly
        assert subtask_run.id is not None
>       assert subtask_run.data["parent_run_id"] == parent_run.id
               ^^^^^^^^^^^^^^^^

tests/test_services_subtasks.py:39: 
_ _ _ _ _ _ _ _ _ _ _ _ _ _ _ _ _ _ _ _ _ _ _ _ _ _ _ _ _ _ _ _ _ _ _ _ _ _ _ _ 
.venv/lib/python3.14/site-packages/invenio_records_resources/services/records/results.py:78: in data
    self._data = self._schema.dump(
.venv/lib/python3.14/site-packages/invenio_records_resources/services/records/schema.py:118: in dump
    return self.schema(**schema_args).dump(data)
           ^^^^^^^^^^^^^^^^^^^^^^^^^^^^^^^^^^^^^
.venv/lib/python3.14/site-packages/marshmallow/schema.py:621: in dump
    result = self._serialize(processed_obj, many=many)
             ^^^^^^^^^^^^^^^^^^^^^^^^^^^^^^^^^^^^^^^^^
.venv/lib/python3.14/site-packages/marshmallow/schema.py:589: in _serialize
    value = field_obj.serialize(attr_name, obj, accessor=self.get_attribute)
            ^^^^^^^^^^^^^^^^^^^^^^^^^^^^^^^^^^^^^^^^^^^^^^^^^^^^^^^^^^^^^^^^
.venv/lib/python3.14/site-packages/marshmallow/fields.py:348: in serialize
    return self._serialize(value, attr, obj, **kwargs)
           ^^^^^^^^^^^^^^^^^^^^^^^^^^^^^^^^^^^^^^^^^^^
.venv/lib/python3.14/site-packages/marshmallow/fields.py:656: in _serialize
    return schema.dump(nested_obj, many=many)
           ^^^^^^^^^^^^^^^^^^^^^^^^^^^^^^^^^^
.venv/lib/python3.14/site-packages/marshmallow_oneofschema/one_of_schema.py:85: in dump
    result = result_data = self._dump(obj, **kwargs)
                           ^^^^^^^^^^^^^^^^^^^^^^^^^
.venv/lib/python3.14/site-packages/marshmallow_oneofschema/one_of_schema.py:122: in _dump
    result = schema.dump(obj, many=False, **kwargs)
             ^^^^^^^^^^^^^^^^^^^^^^^^^^^^^^^^^^^^^^
.venv/lib/python3.14/site-packages/marshmallow/schema.py:621: in dump
    result = self._serialize(processed_obj, many=many)
             ^^^^^^^^^^^^^^^^^^^^^^^^^^^^^^^^^^^^^^^^^
.venv/lib/python3.14/site-packages/marshmallow/schema.py:589: in _serialize
    value = field_obj.serialize(attr_name, obj, accessor=self.get_attribute)
            ^^^^^^^^^^^^^^^^^^^^^^^^^^^^^^^^^^^^^^^^^^^^^^^^^^^^^^^^^^^^^^^^
.venv/lib/python3.14/site-packages/marshmallow/fields.py:348: in serialize
    return self._serialize(value, attr, obj, **kwargs)
           ^^^^^^^^^^^^^^^^^^^^^^^^^^^^^^^^^^^^^^^^^^^
.venv/lib/python3.14/site-packages/marshmallow/fields.py:2026: in _serialize
    return self._serialize_method(obj)
           ^^^^^^^^^^^^^^^^^^^^^^^^^^^
_ _ _ _ _ _ _ _ _ _ _ _ _ _ _ _ _ _ _ _ _ _ _ _ _ _ _ _ _ _ _ _ _ _ _ _ _ _ _ _ 

self = <UserSchema(many=False)>
obj = <UserAggregate: {'id': 1, 'version_id': 1, 'email': 'user@inveniosoftware.org', 'domain': 'inveniosoftware.org', 'user...2026, 2, 17, 10, 1, 6, 573671), 'updated': datetime.datetime(2026, 2, 17, 10, 1, 6, 573701), 'current_login_at': None}>

    def is_self(self, obj):
        """Determine if identity is the current identity."""
>       current_identity = self.context["identity"]
                           ^^^^^^^^^^^^^^^^^^^^^^^^
E       KeyError: 'identity'

.venv/lib/python3.14/site-packages/invenio_users_resources/services/schemas.py:130: KeyError
---------------------------- Captured stderr setup -----------------------------
JSONSCHEMAS_HOST is set to localhost
[2026-02-17 10:01:05,877] WARNING in ext: JSONSCHEMAS_HOST is set to localhost
JSONSCHEMAS_HOST is set to localhost
JSONSCHEMAS_HOST is set to localhost
Flask-DebugToolbar extension not installed.
[2026-02-17 10:01:05,906] DEBUG in ext: Flask-DebugToolbar extension not installed.
Flask-DebugToolbar extension not installed.
Flask-DebugToolbar extension not installed.
------------------------------ Captured log setup ------------------------------
WARNING  invenio:ext.py:291 JSONSCHEMAS_HOST is set to localhost
DEBUG    invenio:ext.py:99 Flask-DebugToolbar extension not installed.
----------------------------- Captured stderr call -----------------------------
Run created
[2026-02-17 10:01:06,623] DEBUG in services: Run created
Run created
Run created
Updating run a5d191d0-072b-4e1b-ac46-39ae7c2b2187 with status RunStatusEnum.QUEUED and active subtasks: False
[2026-02-17 10:01:06,633] INFO in tasks: Updating run a5d191d0-072b-4e1b-ac46-39ae7c2b2187 with status RunStatusEnum.QUEUED and active subtasks: False
Updating run a5d191d0-072b-4e1b-ac46-39ae7c2b2187 with status RunStatusEnum.QUEUED and active subtasks: False
Updating run a5d191d0-072b-4e1b-ac46-39ae7c2b2187 with status RunStatusEnum.QUEUED and active subtasks: False
Executing run a5d191d0-072b-4e1b-ac46-39ae7c2b2187 with task mock_module.tasks.mock_task and args None
[2026-02-17 10:01:06,731] DEBUG in tasks: Executing run a5d191d0-072b-4e1b-ac46-39ae7c2b2187 with task mock_module.tasks.mock_task and args None
Executing run a5d191d0-072b-4e1b-ac46-39ae7c2b2187 with task mock_module.tasks.mock_task and args None
Executing run a5d191d0-072b-4e1b-ac46-39ae7c2b2187 with task mock_module.tasks.mock_task and args None
Run a5d191d0-072b-4e1b-ac46-39ae7c2b2187 encountered an unexpected error: mock_task() got an unexpected keyword argument 'since'
[2026-02-17 10:01:06,739] ERROR in tasks: Run a5d191d0-072b-4e1b-ac46-39ae7c2b2187 encountered an unexpected error: mock_task() got an unexpected keyword argument 'since'
Run a5d191d0-072b-4e1b-ac46-39ae7c2b2187 encountered an unexpected error: mock_task() got an unexpected keyword argument 'since'
Run a5d191d0-072b-4e1b-ac46-39ae7c2b2187 encountered an unexpected error: mock_task() got an unexpected keyword argument 'since'
Updating run a5d191d0-072b-4e1b-ac46-39ae7c2b2187 with status RunStatusEnum.RUNNING and active subtasks: False
[2026-02-17 10:01:06,742] INFO in tasks: Updating run a5d191d0-072b-4e1b-ac46-39ae7c2b2187 with status RunStatusEnum.RUNNING and active subtasks: False
Updating run a5d191d0-072b-4e1b-ac46-39ae7c2b2187 with status RunStatusEnum.RUNNING and active subtasks: False
Updating run a5d191d0-072b-4e1b-ac46-39ae7c2b2187 with status RunStatusEnum.RUNNING and active subtasks: False
------------------------------ Captured log call -------------------------------
DEBUG    invenio:services.py:285 Run created
INFO     invenio:tasks.py:35 Updating run a5d191d0-072b-4e1b-ac46-39ae7c2b2187 with status RunStatusEnum.QUEUED and active subtasks: False
DEBUG    invenio:tasks.py:63 Executing run a5d191d0-072b-4e1b-ac46-39ae7c2b2187 with task mock_module.tasks.mock_task and args None
ERROR    invenio:tasks.py:114 Run a5d191d0-072b-4e1b-ac46-39ae7c2b2187 encountered an unexpected error: mock_task() got an unexpected keyword argument 'since'
INFO     invenio:tasks.py:35 Updating run a5d191d0-072b-4e1b-ac46-39ae7c2b2187 with status RunStatusEnum.RUNNING and active subtasks: False
________________________ test_start_processing_subtask _________________________

app = <Flask 'invenio'>
db = <SQLAlchemy postgresql+psycopg2://invenio:***@localhost:5432/invenio>
anon_identity = <AnonymousIdentity id="3" auth_type="None" provides={Need(method='system_role', value='any_user')}>
jobs = namespace(interval=<invenio_jobs.services.results.JobItem object at 0x7fef21158cd0>, crontab=<invenio_jobs.services.results.JobItem object at 0x7fef1d26acb0>, simple=<invenio_jobs.services.results.JobItem object at 0x7fef21159130>)

    def test_start_processing_subtask(app, db, anon_identity, jobs):
        """Test starting processing of a subtask."""
        # Create parent and subtask
        parent_run = current_runs_service.create(
            anon_identity, jobs.simple.id, {"title": "Parent run"}
        )
    
        subtask_run = current_runs_service.create_subtask_run(
            anon_identity, parent_run_id=parent_run.id, job_id=jobs.simple.id
        )
    
        # Start processing the subtask
        result = current_runs_service.start_processing_subtask(
            anon_identity, run_id=subtask_run.id, job_id=jobs.simple.id
        )
    
        # Verify status changed and started_at was set
>       assert result.data["status"] == RunStatusEnum.RUNNING.name
               ^^^^^^^^^^^

tests/test_services_subtasks.py:78: 
_ _ _ _ _ _ _ _ _ _ _ _ _ _ _ _ _ _ _ _ _ _ _ _ _ _ _ _ _ _ _ _ _ _ _ _ _ _ _ _ 
.venv/lib/python3.14/site-packages/invenio_records_resources/services/records/results.py:78: in data
    self._data = self._schema.dump(
.venv/lib/python3.14/site-packages/invenio_records_resources/services/records/schema.py:118: in dump
    return self.schema(**schema_args).dump(data)
           ^^^^^^^^^^^^^^^^^^^^^^^^^^^^^^^^^^^^^
.venv/lib/python3.14/site-packages/marshmallow/schema.py:621: in dump
    result = self._serialize(processed_obj, many=many)
             ^^^^^^^^^^^^^^^^^^^^^^^^^^^^^^^^^^^^^^^^^
.venv/lib/python3.14/site-packages/marshmallow/schema.py:589: in _serialize
    value = field_obj.serialize(attr_name, obj, accessor=self.get_attribute)
            ^^^^^^^^^^^^^^^^^^^^^^^^^^^^^^^^^^^^^^^^^^^^^^^^^^^^^^^^^^^^^^^^
.venv/lib/python3.14/site-packages/marshmallow/fields.py:348: in serialize
    return self._serialize(value, attr, obj, **kwargs)
           ^^^^^^^^^^^^^^^^^^^^^^^^^^^^^^^^^^^^^^^^^^^
.venv/lib/python3.14/site-packages/marshmallow/fields.py:656: in _serialize
    return schema.dump(nested_obj, many=many)
           ^^^^^^^^^^^^^^^^^^^^^^^^^^^^^^^^^^
.venv/lib/python3.14/site-packages/marshmallow_oneofschema/one_of_schema.py:85: in dump
    result = result_data = self._dump(obj, **kwargs)
                           ^^^^^^^^^^^^^^^^^^^^^^^^^
.venv/lib/python3.14/site-packages/marshmallow_oneofschema/one_of_schema.py:122: in _dump
    result = schema.dump(obj, many=False, **kwargs)
             ^^^^^^^^^^^^^^^^^^^^^^^^^^^^^^^^^^^^^^
.venv/lib/python3.14/site-packages/marshmallow/schema.py:621: in dump
    result = self._serialize(processed_obj, many=many)
             ^^^^^^^^^^^^^^^^^^^^^^^^^^^^^^^^^^^^^^^^^
.venv/lib/python3.14/site-packages/marshmallow/schema.py:589: in _serialize
    value = field_obj.serialize(attr_name, obj, accessor=self.get_attribute)
            ^^^^^^^^^^^^^^^^^^^^^^^^^^^^^^^^^^^^^^^^^^^^^^^^^^^^^^^^^^^^^^^^
.venv/lib/python3.14/site-packages/marshmallow/fields.py:348: in serialize
    return self._serialize(value, attr, obj, **kwargs)
           ^^^^^^^^^^^^^^^^^^^^^^^^^^^^^^^^^^^^^^^^^^^
.venv/lib/python3.14/site-packages/marshmallow/fields.py:2026: in _serialize
    return self._serialize_method(obj)
           ^^^^^^^^^^^^^^^^^^^^^^^^^^^
_ _ _ _ _ _ _ _ _ _ _ _ _ _ _ _ _ _ _ _ _ _ _ _ _ _ _ _ _ _ _ _ _ _ _ _ _ _ _ _ 

self = <UserSchema(many=False)>
obj = <UserAggregate: {'id': 3, 'version_id': 1, 'email': 'user@inveniosoftware.org', 'domain': 'inveniosoftware.org', 'user...2026, 2, 17, 10, 1, 6, 935908), 'updated': datetime.datetime(2026, 2, 17, 10, 1, 6, 935913), 'current_login_at': None}>

    def is_self(self, obj):
        """Determine if identity is the current identity."""
>       current_identity = self.context["identity"]
                           ^^^^^^^^^^^^^^^^^^^^^^^^
E       KeyError: 'identity'

.venv/lib/python3.14/site-packages/invenio_users_resources/services/schemas.py:130: KeyError
----------------------------- Captured stderr call -----------------------------
Run created
[2026-02-17 10:01:06,978] DEBUG in services: Run created
Run created
Run created
Updating run 77c87ca3-f48a-4ea4-8777-9180cb815d51 with status RunStatusEnum.QUEUED and active subtasks: False
[2026-02-17 10:01:06,982] INFO in tasks: Updating run 77c87ca3-f48a-4ea4-8777-9180cb815d51 with status RunStatusEnum.QUEUED and active subtasks: False
Updating run 77c87ca3-f48a-4ea4-8777-9180cb815d51 with status RunStatusEnum.QUEUED and active subtasks: False
Updating run 77c87ca3-f48a-4ea4-8777-9180cb815d51 with status RunStatusEnum.QUEUED and active subtasks: False
Executing run 77c87ca3-f48a-4ea4-8777-9180cb815d51 with task mock_module.tasks.mock_task and args None
[2026-02-17 10:01:06,989] DEBUG in tasks: Executing run 77c87ca3-f48a-4ea4-8777-9180cb815d51 with task mock_module.tasks.mock_task and args None
Executing run 77c87ca3-f48a-4ea4-8777-9180cb815d51 with task mock_module.tasks.mock_task and args None
Executing run 77c87ca3-f48a-4ea4-8777-9180cb815d51 with task mock_module.tasks.mock_task and args None
Run 77c87ca3-f48a-4ea4-8777-9180cb815d51 encountered an unexpected error: mock_task() got an unexpected keyword argument 'since'
[2026-02-17 10:01:06,995] ERROR in tasks: Run 77c87ca3-f48a-4ea4-8777-9180cb815d51 encountered an unexpected error: mock_task() got an unexpected keyword argument 'since'
Run 77c87ca3-f48a-4ea4-8777-9180cb815d51 encountered an unexpected error: mock_task() got an unexpected keyword argument 'since'
Run 77c87ca3-f48a-4ea4-8777-9180cb815d51 encountered an unexpected error: mock_task() got an unexpected keyword argument 'since'
Updating run 77c87ca3-f48a-4ea4-8777-9180cb815d51 with status RunStatusEnum.RUNNING and active subtasks: False
[2026-02-17 10:01:06,997] INFO in tasks: Updating run 77c87ca3-f48a-4ea4-8777-9180cb815d51 with status RunStatusEnum.RUNNING and active subtasks: False
Updating run 77c87ca3-f48a-4ea4-8777-9180cb815d51 with status RunStatusEnum.RUNNING and active subtasks: False
Updating run 77c87ca3-f48a-4ea4-8777-9180cb815d51 with status RunStatusEnum.RUNNING and active subtasks: False
------------------------------ Captured log call -------------------------------
DEBUG    invenio:services.py:285 Run created
INFO     invenio:tasks.py:35 Updating run 77c87ca3-f48a-4ea4-8777-9180cb815d51 with status RunStatusEnum.QUEUED and active subtasks: False
DEBUG    invenio:tasks.py:63 Executing run 77c87ca3-f48a-4ea4-8777-9180cb815d51 with task mock_module.tasks.mock_task and args None
ERROR    invenio:tasks.py:114 Run 77c87ca3-f48a-4ea4-8777-9180cb815d51 encountered an unexpected error: mock_task() got an unexpected keyword argument 'since'
INFO     invenio:tasks.py:35 Updating run 77c87ca3-f48a-4ea4-8777-9180cb815d51 with status RunStatusEnum.RUNNING and active subtasks: False
________________________ test_finalize_subtask_success _________________________

app = <Flask 'invenio'>
db = <SQLAlchemy postgresql+psycopg2://invenio:***@localhost:5432/invenio>
anon_identity = <AnonymousIdentity id="5" auth_type="None" provides={Need(method='system_role', value='any_user')}>
jobs = namespace(interval=<invenio_jobs.services.results.JobItem object at 0x7fef1ce5d6d0>, crontab=<invenio_jobs.services.results.JobItem object at 0x7fef2122d1d0>, simple=<invenio_jobs.services.results.JobItem object at 0x7fef1ce5d450>)

    def test_finalize_subtask_success(app, db, anon_identity, jobs):
        """Test finalizing a successful subtask."""
        # Create parent and subtask
        parent_run = current_runs_service.create(
            anon_identity, jobs.simple.id, {"title": "Parent run"}
        )
    
        subtask_run = current_runs_service.create_subtask_run(
            anon_identity, parent_run_id=parent_run.id, job_id=jobs.simple.id
        )
    
        # Start processing
        current_runs_service.start_processing_subtask(
            anon_identity, run_id=subtask_run.id, job_id=jobs.simple.id
        )
    
        # Finalize subtask as successful
        result = current_runs_service.finalize_subtask(
            anon_identity, run_id=subtask_run.id, job_id=jobs.simple.id, success=True
        )
    
        # Verify subtask is marked as successful
>       assert result.data["status"] == RunStatusEnum.SUCCESS.name
               ^^^^^^^^^^^

tests/test_services_subtasks.py:127: 
_ _ _ _ _ _ _ _ _ _ _ _ _ _ _ _ _ _ _ _ _ _ _ _ _ _ _ _ _ _ _ _ _ _ _ _ _ _ _ _ 
.venv/lib/python3.14/site-packages/invenio_records_resources/services/records/results.py:78: in data
    self._data = self._schema.dump(
.venv/lib/python3.14/site-packages/invenio_records_resources/services/records/schema.py:118: in dump
    return self.schema(**schema_args).dump(data)
           ^^^^^^^^^^^^^^^^^^^^^^^^^^^^^^^^^^^^^
.venv/lib/python3.14/site-packages/marshmallow/schema.py:621: in dump
    result = self._serialize(processed_obj, many=many)
             ^^^^^^^^^^^^^^^^^^^^^^^^^^^^^^^^^^^^^^^^^
.venv/lib/python3.14/site-packages/marshmallow/schema.py:589: in _serialize
    value = field_obj.serialize(attr_name, obj, accessor=self.get_attribute)
            ^^^^^^^^^^^^^^^^^^^^^^^^^^^^^^^^^^^^^^^^^^^^^^^^^^^^^^^^^^^^^^^^
.venv/lib/python3.14/site-packages/marshmallow/fields.py:348: in serialize
    return self._serialize(value, attr, obj, **kwargs)
           ^^^^^^^^^^^^^^^^^^^^^^^^^^^^^^^^^^^^^^^^^^^
.venv/lib/python3.14/site-packages/marshmallow/fields.py:656: in _serialize
    return schema.dump(nested_obj, many=many)
           ^^^^^^^^^^^^^^^^^^^^^^^^^^^^^^^^^^
.venv/lib/python3.14/site-packages/marshmallow_oneofschema/one_of_schema.py:85: in dump
    result = result_data = self._dump(obj, **kwargs)
                           ^^^^^^^^^^^^^^^^^^^^^^^^^
.venv/lib/python3.14/site-packages/marshmallow_oneofschema/one_of_schema.py:122: in _dump
    result = schema.dump(obj, many=False, **kwargs)
             ^^^^^^^^^^^^^^^^^^^^^^^^^^^^^^^^^^^^^^
.venv/lib/python3.14/site-packages/marshmallow/schema.py:621: in dump
    result = self._serialize(processed_obj, many=many)
             ^^^^^^^^^^^^^^^^^^^^^^^^^^^^^^^^^^^^^^^^^
.venv/lib/python3.14/site-packages/marshmallow/schema.py:589: in _serialize
    value = field_obj.serialize(attr_name, obj, accessor=self.get_attribute)
            ^^^^^^^^^^^^^^^^^^^^^^^^^^^^^^^^^^^^^^^^^^^^^^^^^^^^^^^^^^^^^^^^
.venv/lib/python3.14/site-packages/marshmallow/fields.py:348: in serialize
    return self._serialize(value, attr, obj, **kwargs)
           ^^^^^^^^^^^^^^^^^^^^^^^^^^^^^^^^^^^^^^^^^^^
.venv/lib/python3.14/site-packages/marshmallow/fields.py:2026: in _serialize
    return self._serialize_method(obj)
           ^^^^^^^^^^^^^^^^^^^^^^^^^^^
_ _ _ _ _ _ _ _ _ _ _ _ _ _ _ _ _ _ _ _ _ _ _ _ _ _ _ _ _ _ _ _ _ _ _ _ _ _ _ _ 

self = <UserSchema(many=False)>
obj = <UserAggregate: {'id': 5, 'version_id': 1, 'email': 'user@inveniosoftware.org', 'domain': 'inveniosoftware.org', 'user...2026, 2, 17, 10, 1, 7, 242429), 'updated': datetime.datetime(2026, 2, 17, 10, 1, 7, 242434), 'current_login_at': None}>

    def is_self(self, obj):
        """Determine if identity is the current identity."""
>       current_identity = self.context["identity"]
                           ^^^^^^^^^^^^^^^^^^^^^^^^
E       KeyError: 'identity'

.venv/lib/python3.14/site-packages/invenio_users_resources/services/schemas.py:130: KeyError
----------------------------- Captured stderr call -----------------------------
Run created
[2026-02-17 10:01:07,284] DEBUG in services: Run created
Run created
Run created
Updating run e08a5fbd-6071-4e3a-bc7a-8b941f7b9b42 with status RunStatusEnum.QUEUED and active subtasks: False
[2026-02-17 10:01:07,288] INFO in tasks: Updating run e08a5fbd-6071-4e3a-bc7a-8b941f7b9b42 with status RunStatusEnum.QUEUED and active subtasks: False
Updating run e08a5fbd-6071-4e3a-bc7a-8b941f7b9b42 with status RunStatusEnum.QUEUED and active subtasks: False
Updating run e08a5fbd-6071-4e3a-bc7a-8b941f7b9b42 with status RunStatusEnum.QUEUED and active subtasks: False
Executing run e08a5fbd-6071-4e3a-bc7a-8b941f7b9b42 with task mock_module.tasks.mock_task and args None
[2026-02-17 10:01:07,296] DEBUG in tasks: Executing run e08a5fbd-6071-4e3a-bc7a-8b941f7b9b42 with task mock_module.tasks.mock_task and args None
Executing run e08a5fbd-6071-4e3a-bc7a-8b941f7b9b42 with task mock_module.tasks.mock_task and args None
Executing run e08a5fbd-6071-4e3a-bc7a-8b941f7b9b42 with task mock_module.tasks.mock_task and args None
Run e08a5fbd-6071-4e3a-bc7a-8b941f7b9b42 encountered an unexpected error: mock_task() got an unexpected keyword argument 'since'
[2026-02-17 10:01:07,302] ERROR in tasks: Run e08a5fbd-6071-4e3a-bc7a-8b941f7b9b42 encountered an unexpected error: mock_task() got an unexpected keyword argument 'since'
Run e08a5fbd-6071-4e3a-bc7a-8b941f7b9b42 encountered an unexpected error: mock_task() got an unexpected keyword argument 'since'
Run e08a5fbd-6071-4e3a-bc7a-8b941f7b9b42 encountered an unexpected error: mock_task() got an unexpected keyword argument 'since'
Updating run e08a5fbd-6071-4e3a-bc7a-8b941f7b9b42 with status RunStatusEnum.RUNNING and active subtasks: False
[2026-02-17 10:01:07,304] INFO in tasks: Updating run e08a5fbd-6071-4e3a-bc7a-8b941f7b9b42 with status RunStatusEnum.RUNNING and active subtasks: False
Updating run e08a5fbd-6071-4e3a-bc7a-8b941f7b9b42 with status RunStatusEnum.RUNNING and active subtasks: False
Updating run e08a5fbd-6071-4e3a-bc7a-8b941f7b9b42 with status RunStatusEnum.RUNNING and active subtasks: False
------------------------------ Captured log call -------------------------------
DEBUG    invenio:services.py:285 Run created
INFO     invenio:tasks.py:35 Updating run e08a5fbd-6071-4e3a-bc7a-8b941f7b9b42 with status RunStatusEnum.QUEUED and active subtasks: False
DEBUG    invenio:tasks.py:63 Executing run e08a5fbd-6071-4e3a-bc7a-8b941f7b9b42 with task mock_module.tasks.mock_task and args None
ERROR    invenio:tasks.py:114 Run e08a5fbd-6071-4e3a-bc7a-8b941f7b9b42 encountered an unexpected error: mock_task() got an unexpected keyword argument 'since'
INFO     invenio:tasks.py:35 Updating run e08a5fbd-6071-4e3a-bc7a-8b941f7b9b42 with status RunStatusEnum.RUNNING and active subtasks: False
________________________ test_finalize_subtask_failure _________________________

app = <Flask 'invenio'>
db = <SQLAlchemy postgresql+psycopg2://invenio:***@localhost:5432/invenio>
anon_identity = <AnonymousIdentity id="6" auth_type="None" provides={Need(method='system_role', value='any_user')}>
jobs = namespace(interval=<invenio_jobs.services.results.JobItem object at 0x7fef1ce5fd90>, crontab=<invenio_jobs.services.results.JobItem object at 0x7fef1ce8d090>, simple=<invenio_jobs.services.results.JobItem object at 0x7fef1ce5fc50>)

    def test_finalize_subtask_failure(app, db, anon_identity, jobs):
        """Test finalizing a failed subtask."""
        # Create parent and subtask
        parent_run = current_runs_service.create(
            anon_identity, jobs.simple.id, {"title": "Parent run"}
        )
    
        subtask_run = current_runs_service.create_subtask_run(
            anon_identity, parent_run_id=parent_run.id, job_id=jobs.simple.id
        )
    
        # Start processing
        current_runs_service.start_processing_subtask(
            anon_identity, run_id=subtask_run.id, job_id=jobs.simple.id
        )
    
        # Finalize subtask as failed
        result = current_runs_service.finalize_subtask(
            anon_identity,
            run_id=subtask_run.id,
            job_id=jobs.simple.id,
            success=False,
            errored_entries_count=5,
        )
    
        # Verify subtask is marked as failed
>       assert result.data["status"] == RunStatusEnum.FAILED.name
               ^^^^^^^^^^^

tests/test_services_subtasks.py:166: 
_ _ _ _ _ _ _ _ _ _ _ _ _ _ _ _ _ _ _ _ _ _ _ _ _ _ _ _ _ _ _ _ _ _ _ _ _ _ _ _ 
.venv/lib/python3.14/site-packages/invenio_records_resources/services/records/results.py:78: in data
    self._data = self._schema.dump(
.venv/lib/python3.14/site-packages/invenio_records_resources/services/records/schema.py:118: in dump
    return self.schema(**schema_args).dump(data)
           ^^^^^^^^^^^^^^^^^^^^^^^^^^^^^^^^^^^^^
.venv/lib/python3.14/site-packages/marshmallow/schema.py:621: in dump
    result = self._serialize(processed_obj, many=many)
             ^^^^^^^^^^^^^^^^^^^^^^^^^^^^^^^^^^^^^^^^^
.venv/lib/python3.14/site-packages/marshmallow/schema.py:589: in _serialize
    value = field_obj.serialize(attr_name, obj, accessor=self.get_attribute)
            ^^^^^^^^^^^^^^^^^^^^^^^^^^^^^^^^^^^^^^^^^^^^^^^^^^^^^^^^^^^^^^^^
.venv/lib/python3.14/site-packages/marshmallow/fields.py:348: in serialize
    return self._serialize(value, attr, obj, **kwargs)
           ^^^^^^^^^^^^^^^^^^^^^^^^^^^^^^^^^^^^^^^^^^^
.venv/lib/python3.14/site-packages/marshmallow/fields.py:656: in _serialize
    return schema.dump(nested_obj, many=many)
           ^^^^^^^^^^^^^^^^^^^^^^^^^^^^^^^^^^
.venv/lib/python3.14/site-packages/marshmallow_oneofschema/one_of_schema.py:85: in dump
    result = result_data = self._dump(obj, **kwargs)
                           ^^^^^^^^^^^^^^^^^^^^^^^^^
.venv/lib/python3.14/site-packages/marshmallow_oneofschema/one_of_schema.py:122: in _dump
    result = schema.dump(obj, many=False, **kwargs)
             ^^^^^^^^^^^^^^^^^^^^^^^^^^^^^^^^^^^^^^
.venv/lib/python3.14/site-packages/marshmallow/schema.py:621: in dump
    result = self._serialize(processed_obj, many=many)
             ^^^^^^^^^^^^^^^^^^^^^^^^^^^^^^^^^^^^^^^^^
.venv/lib/python3.14/site-packages/marshmallow/schema.py:589: in _serialize
    value = field_obj.serialize(attr_name, obj, accessor=self.get_attribute)
            ^^^^^^^^^^^^^^^^^^^^^^^^^^^^^^^^^^^^^^^^^^^^^^^^^^^^^^^^^^^^^^^^
.venv/lib/python3.14/site-packages/marshmallow/fields.py:348: in serialize
    return self._serialize(value, attr, obj, **kwargs)
           ^^^^^^^^^^^^^^^^^^^^^^^^^^^^^^^^^^^^^^^^^^^
.venv/lib/python3.14/site-packages/marshmallow/fields.py:2026: in _serialize
    return self._serialize_method(obj)
           ^^^^^^^^^^^^^^^^^^^^^^^^^^^
_ _ _ _ _ _ _ _ _ _ _ _ _ _ _ _ _ _ _ _ _ _ _ _ _ _ _ _ _ _ _ _ _ _ _ _ _ _ _ _ 

self = <UserSchema(many=False)>
obj = <UserAggregate: {'id': 6, 'version_id': 1, 'email': 'user@inveniosoftware.org', 'domain': 'inveniosoftware.org', 'user...2026, 2, 17, 10, 1, 7, 483572), 'updated': datetime.datetime(2026, 2, 17, 10, 1, 7, 483579), 'current_login_at': None}>

    def is_self(self, obj):
        """Determine if identity is the current identity."""
>       current_identity = self.context["identity"]
                           ^^^^^^^^^^^^^^^^^^^^^^^^
E       KeyError: 'identity'

.venv/lib/python3.14/site-packages/invenio_users_resources/services/schemas.py:130: KeyError
----------------------------- Captured stderr call -----------------------------
Run created
[2026-02-17 10:01:07,532] DEBUG in services: Run created
Run created
Run created
Updating run d1c11c66-9939-4e6c-974c-ee7fc68e2cdc with status RunStatusEnum.QUEUED and active subtasks: False
[2026-02-17 10:01:07,536] INFO in tasks: Updating run d1c11c66-9939-4e6c-974c-ee7fc68e2cdc with status RunStatusEnum.QUEUED and active subtasks: False
Updating run d1c11c66-9939-4e6c-974c-ee7fc68e2cdc with status RunStatusEnum.QUEUED and active subtasks: False
Updating run d1c11c66-9939-4e6c-974c-ee7fc68e2cdc with status RunStatusEnum.QUEUED and active subtasks: False
Executing run d1c11c66-9939-4e6c-974c-ee7fc68e2cdc with task mock_module.tasks.mock_task and args None
[2026-02-17 10:01:07,543] DEBUG in tasks: Executing run d1c11c66-9939-4e6c-974c-ee7fc68e2cdc with task mock_module.tasks.mock_task and args None
Executing run d1c11c66-9939-4e6c-974c-ee7fc68e2cdc with task mock_module.tasks.mock_task and args None
Executing run d1c11c66-9939-4e6c-974c-ee7fc68e2cdc with task mock_module.tasks.mock_task and args None
Run d1c11c66-9939-4e6c-974c-ee7fc68e2cdc encountered an unexpected error: mock_task() got an unexpected keyword argument 'since'
[2026-02-17 10:01:07,548] ERROR in tasks: Run d1c11c66-9939-4e6c-974c-ee7fc68e2cdc encountered an unexpected error: mock_task() got an unexpected keyword argument 'since'
Run d1c11c66-9939-4e6c-974c-ee7fc68e2cdc encountered an unexpected error: mock_task() got an unexpected keyword argument 'since'
Run d1c11c66-9939-4e6c-974c-ee7fc68e2cdc encountered an unexpected error: mock_task() got an unexpected keyword argument 'since'
Updating run d1c11c66-9939-4e6c-974c-ee7fc68e2cdc with status RunStatusEnum.RUNNING and active subtasks: False
[2026-02-17 10:01:07,550] INFO in tasks: Updating run d1c11c66-9939-4e6c-974c-ee7fc68e2cdc with status RunStatusEnum.RUNNING and active subtasks: False
Updating run d1c11c66-9939-4e6c-974c-ee7fc68e2cdc with status RunStatusEnum.RUNNING and active subtasks: False
Updating run d1c11c66-9939-4e6c-974c-ee7fc68e2cdc with status RunStatusEnum.RUNNING and active subtasks: False
------------------------------ Captured log call -------------------------------
DEBUG    invenio:services.py:285 Run created
INFO     invenio:tasks.py:35 Updating run d1c11c66-9939-4e6c-974c-ee7fc68e2cdc with status RunStatusEnum.QUEUED and active subtasks: False
DEBUG    invenio:tasks.py:63 Executing run d1c11c66-9939-4e6c-974c-ee7fc68e2cdc with task mock_module.tasks.mock_task and args None
ERROR    invenio:tasks.py:114 Run d1c11c66-9939-4e6c-974c-ee7fc68e2cdc encountered an unexpected error: mock_task() got an unexpected keyword argument 'since'
INFO     invenio:tasks.py:35 Updating run d1c11c66-9939-4e6c-974c-ee7fc68e2cdc with status RunStatusEnum.RUNNING and active subtasks: False
____________________________ test_add_total_entries ____________________________

app = <Flask 'invenio'>
db = <SQLAlchemy postgresql+psycopg2://invenio:***@localhost:5432/invenio>
anon_identity = <AnonymousIdentity id="8" auth_type="None" provides={Need(method='system_role', value='any_user')}>
jobs = namespace(interval=<invenio_jobs.services.results.JobItem object at 0x7fef1d048910>, crontab=<invenio_jobs.services.results.JobItem object at 0x7fef1d048af0>, simple=<invenio_jobs.services.results.JobItem object at 0x7fef1d048f50>)

    def test_add_total_entries(app, db, anon_identity, jobs):
        """Test adding total entries to a run."""
        # Create a run
        run = current_runs_service.create(
            anon_identity, jobs.simple.id, {"title": "Test run"}
        )
    
        # Add total entries
        result = current_runs_service.add_total_entries(
            anon_identity, run_id=run.id, job_id=jobs.simple.id, total_entries=100
        )
    
        # Verify total entries was updated
>       assert result.data["total_entries"] == 100
               ^^^^^^^^^^^

tests/test_services_subtasks.py:246: 
_ _ _ _ _ _ _ _ _ _ _ _ _ _ _ _ _ _ _ _ _ _ _ _ _ _ _ _ _ _ _ _ _ _ _ _ _ _ _ _ 
.venv/lib/python3.14/site-packages/invenio_records_resources/services/records/results.py:78: in data
    self._data = self._schema.dump(
.venv/lib/python3.14/site-packages/invenio_records_resources/services/records/schema.py:118: in dump
    return self.schema(**schema_args).dump(data)
           ^^^^^^^^^^^^^^^^^^^^^^^^^^^^^^^^^^^^^
.venv/lib/python3.14/site-packages/marshmallow/schema.py:621: in dump
    result = self._serialize(processed_obj, many=many)
             ^^^^^^^^^^^^^^^^^^^^^^^^^^^^^^^^^^^^^^^^^
.venv/lib/python3.14/site-packages/marshmallow/schema.py:589: in _serialize
    value = field_obj.serialize(attr_name, obj, accessor=self.get_attribute)
            ^^^^^^^^^^^^^^^^^^^^^^^^^^^^^^^^^^^^^^^^^^^^^^^^^^^^^^^^^^^^^^^^
.venv/lib/python3.14/site-packages/marshmallow/fields.py:348: in serialize
    return self._serialize(value, attr, obj, **kwargs)
           ^^^^^^^^^^^^^^^^^^^^^^^^^^^^^^^^^^^^^^^^^^^
.venv/lib/python3.14/site-packages/marshmallow/fields.py:656: in _serialize
    return schema.dump(nested_obj, many=many)
           ^^^^^^^^^^^^^^^^^^^^^^^^^^^^^^^^^^
.venv/lib/python3.14/site-packages/marshmallow_oneofschema/one_of_schema.py:85: in dump
    result = result_data = self._dump(obj, **kwargs)
                           ^^^^^^^^^^^^^^^^^^^^^^^^^
.venv/lib/python3.14/site-packages/marshmallow_oneofschema/one_of_schema.py:122: in _dump
    result = schema.dump(obj, many=False, **kwargs)
             ^^^^^^^^^^^^^^^^^^^^^^^^^^^^^^^^^^^^^^
.venv/lib/python3.14/site-packages/marshmallow/schema.py:621: in dump
    result = self._serialize(processed_obj, many=many)
             ^^^^^^^^^^^^^^^^^^^^^^^^^^^^^^^^^^^^^^^^^
.venv/lib/python3.14/site-packages/marshmallow/schema.py:589: in _serialize
    value = field_obj.serialize(attr_name, obj, accessor=self.get_attribute)
            ^^^^^^^^^^^^^^^^^^^^^^^^^^^^^^^^^^^^^^^^^^^^^^^^^^^^^^^^^^^^^^^^
.venv/lib/python3.14/site-packages/marshmallow/fields.py:348: in serialize
    return self._serialize(value, attr, obj, **kwargs)
           ^^^^^^^^^^^^^^^^^^^^^^^^^^^^^^^^^^^^^^^^^^^
.venv/lib/python3.14/site-packages/marshmallow/fields.py:2026: in _serialize
    return self._serialize_method(obj)
           ^^^^^^^^^^^^^^^^^^^^^^^^^^^
_ _ _ _ _ _ _ _ _ _ _ _ _ _ _ _ _ _ _ _ _ _ _ _ _ _ _ _ _ _ _ _ _ _ _ _ _ _ _ _ 

self = <UserSchema(many=False)>
obj = <UserAggregate: {'id': 8, 'version_id': 1, 'email': 'user@inveniosoftware.org', 'domain': 'inveniosoftware.org', 'user...2026, 2, 17, 10, 1, 7, 901348), 'updated': datetime.datetime(2026, 2, 17, 10, 1, 7, 901353), 'current_login_at': None}>

    def is_self(self, obj):
        """Determine if identity is the current identity."""
>       current_identity = self.context["identity"]
                           ^^^^^^^^^^^^^^^^^^^^^^^^
E       KeyError: 'identity'

.venv/lib/python3.14/site-packages/invenio_users_resources/services/schemas.py:130: KeyError
----------------------------- Captured stderr call -----------------------------
Run created
[2026-02-17 10:01:07,941] DEBUG in services: Run created
Run created
Run created
Updating run bb738b66-7794-4208-903c-489df8fd5d59 with status RunStatusEnum.QUEUED and active subtasks: False
[2026-02-17 10:01:07,945] INFO in tasks: Updating run bb738b66-7794-4208-903c-489df8fd5d59 with status RunStatusEnum.QUEUED and active subtasks: False
Updating run bb738b66-7794-4208-903c-489df8fd5d59 with status RunStatusEnum.QUEUED and active subtasks: False
Updating run bb738b66-7794-4208-903c-489df8fd5d59 with status RunStatusEnum.QUEUED and active subtasks: False
Executing run bb738b66-7794-4208-903c-489df8fd5d59 with task mock_module.tasks.mock_task and args None
[2026-02-17 10:01:07,952] DEBUG in tasks: Executing run bb738b66-7794-4208-903c-489df8fd5d59 with task mock_module.tasks.mock_task and args None
Executing run bb738b66-7794-4208-903c-489df8fd5d59 with task mock_module.tasks.mock_task and args None
Executing run bb738b66-7794-4208-903c-489df8fd5d59 with task mock_module.tasks.mock_task and args None
Run bb738b66-7794-4208-903c-489df8fd5d59 encountered an unexpected error: mock_task() got an unexpected keyword argument 'since'
[2026-02-17 10:01:07,957] ERROR in tasks: Run bb738b66-7794-4208-903c-489df8fd5d59 encountered an unexpected error: mock_task() got an unexpected keyword argument 'since'
Run bb738b66-7794-4208-903c-489df8fd5d59 encountered an unexpected error: mock_task() got an unexpected keyword argument 'since'
Run bb738b66-7794-4208-903c-489df8fd5d59 encountered an unexpected error: mock_task() got an unexpected keyword argument 'since'
Updating run bb738b66-7794-4208-903c-489df8fd5d59 with status RunStatusEnum.RUNNING and active subtasks: False
[2026-02-17 10:01:07,959] INFO in tasks: Updating run bb738b66-7794-4208-903c-489df8fd5d59 with status RunStatusEnum.RUNNING and active subtasks: False
Updating run bb738b66-7794-4208-903c-489df8fd5d59 with status RunStatusEnum.RUNNING and active subtasks: False
Updating run bb738b66-7794-4208-903c-489df8fd5d59 with status RunStatusEnum.RUNNING and active subtasks: False
------------------------------ Captured log call -------------------------------
DEBUG    invenio:services.py:285 Run created
INFO     invenio:tasks.py:35 Updating run bb738b66-7794-4208-903c-489df8fd5d59 with status RunStatusEnum.QUEUED and active subtasks: False
DEBUG    invenio:tasks.py:63 Executing run bb738b66-7794-4208-903c-489df8fd5d59 with task mock_module.tasks.mock_task and args None
ERROR    invenio:tasks.py:114 Run bb738b66-7794-4208-903c-489df8fd5d59 encountered an unexpected error: mock_task() got an unexpected keyword argument 'since'
INFO     invenio:tasks.py:35 Updating run bb738b66-7794-4208-903c-489df8fd5d59 with status RunStatusEnum.RUNNING and active subtasks: False
=============================== warnings summary ===============================
.venv/lib/python3.14/site-packages/edtf/parser/grammar.py:9
  /home/runner/work/test-zip-extract-repository/test-zip-extract-repository/workdir/tests/invenio-jobs/original/.venv/lib/python3.14/site-packages/edtf/parser/grammar.py:9: PyparsingDeprecationWarning: 'enablePackrat' deprecated - use 'enable_packrat'
    pyparsing.ParserElement.enablePackrat()

.venv/lib/python3.14/site-packages/edtf/parser/grammar.py:52
  /home/runner/work/test-zip-extract-repository/test-zip-extract-repository/workdir/tests/invenio-jobs/original/.venv/lib/python3.14/site-packages/edtf/parser/grammar.py:52: PyparsingDeprecationWarning: 'oneOf' deprecated - use 'one_of'
    oneThru12 = oneOf(["%.2d" % i for i in range(1, 13)])

.venv/lib/python3.14/site-packages/edtf/parser/grammar.py:53
  /home/runner/work/test-zip-extract-repository/test-zip-extract-repository/workdir/tests/invenio-jobs/original/.venv/lib/python3.14/site-packages/edtf/parser/grammar.py:53: PyparsingDeprecationWarning: 'oneOf' deprecated - use 'one_of'
    oneThru13 = oneOf(["%.2d" % i for i in range(1, 14)])

.venv/lib/python3.14/site-packages/edtf/parser/grammar.py:54
  /home/runner/work/test-zip-extract-repository/test-zip-extract-repository/workdir/tests/invenio-jobs/original/.venv/lib/python3.14/site-packages/edtf/parser/grammar.py:54: PyparsingDeprecationWarning: 'oneOf' deprecated - use 'one_of'
    oneThru23 = oneOf(["%.2d" % i for i in range(1, 24)])

.venv/lib/python3.14/site-packages/edtf/parser/grammar.py:55
  /home/runner/work/test-zip-extract-repository/test-zip-extract-repository/workdir/tests/invenio-jobs/original/.venv/lib/python3.14/site-packages/edtf/parser/grammar.py:55: PyparsingDeprecationWarning: 'oneOf' deprecated - use 'one_of'
    zeroThru23 = oneOf(["%.2d" % i for i in range(0, 24)])

.venv/lib/python3.14/site-packages/edtf/parser/grammar.py:56
  /home/runner/work/test-zip-extract-repository/test-zip-extract-repository/workdir/tests/invenio-jobs/original/.venv/lib/python3.14/site-packages/edtf/parser/grammar.py:56: PyparsingDeprecationWarning: 'oneOf' deprecated - use 'one_of'
    oneThru29 = oneOf(["%.2d" % i for i in range(1, 30)])

.venv/lib/python3.14/site-packages/edtf/parser/grammar.py:57
  /home/runner/work/test-zip-extract-repository/test-zip-extract-repository/workdir/tests/invenio-jobs/original/.venv/lib/python3.14/site-packages/edtf/parser/grammar.py:57: PyparsingDeprecationWarning: 'oneOf' deprecated - use 'one_of'
    oneThru30 = oneOf(["%.2d" % i for i in range(1, 31)])

.venv/lib/python3.14/site-packages/edtf/parser/grammar.py:58
  /home/runner/work/test-zip-extract-repository/test-zip-extract-repository/workdir/tests/invenio-jobs/original/.venv/lib/python3.14/site-packages/edtf/parser/grammar.py:58: PyparsingDeprecationWarning: 'oneOf' deprecated - use 'one_of'
    oneThru31 = oneOf(["%.2d" % i for i in range(1, 32)])

.venv/lib/python3.14/site-packages/edtf/parser/grammar.py:59
  /home/runner/work/test-zip-extract-repository/test-zip-extract-repository/workdir/tests/invenio-jobs/original/.venv/lib/python3.14/site-packages/edtf/parser/grammar.py:59: PyparsingDeprecationWarning: 'oneOf' deprecated - use 'one_of'
    oneThru59 = oneOf(["%.2d" % i for i in range(1, 60)])

.venv/lib/python3.14/site-packages/edtf/parser/grammar.py:60
  /home/runner/work/test-zip-extract-repository/test-zip-extract-repository/workdir/tests/invenio-jobs/original/.venv/lib/python3.14/site-packages/edtf/parser/grammar.py:60: PyparsingDeprecationWarning: 'oneOf' deprecated - use 'one_of'
    zeroThru59 = oneOf(["%.2d" % i for i in range(0, 60)])

.venv/lib/python3.14/site-packages/edtf/parser/grammar.py:63
  /home/runner/work/test-zip-extract-repository/test-zip-extract-repository/workdir/tests/invenio-jobs/original/.venv/lib/python3.14/site-packages/edtf/parser/grammar.py:63: PyparsingDeprecationWarning: 'excludeChars' argument is deprecated, use 'exclude_chars'
    positiveDigit = Word(nums, exact=1, excludeChars="0")

.venv/lib/python3.14/site-packages/edtf/parser/grammar.py:73
  /home/runner/work/test-zip-extract-repository/test-zip-extract-repository/workdir/tests/invenio-jobs/original/.venv/lib/python3.14/site-packages/edtf/parser/grammar.py:73: PyparsingDeprecationWarning: 'oneOf' deprecated - use 'one_of'
    (oneOf("01 03 05 07 08 10 12")("month") + "-" + oneThru31("day"))

.venv/lib/python3.14/site-packages/edtf/parser/grammar.py:74
  /home/runner/work/test-zip-extract-repository/test-zip-extract-repository/workdir/tests/invenio-jobs/original/.venv/lib/python3.14/site-packages/edtf/parser/grammar.py:74: PyparsingDeprecationWarning: 'oneOf' deprecated - use 'one_of'
    ^ (oneOf("04 06 09 11")("month") + "-" + oneThru30("day"))

.venv/lib/python3.14/site-packages/edtf/parser/parser_classes.py:103: 19 warnings
  /home/runner/work/test-zip-extract-repository/test-zip-extract-repository/workdir/tests/invenio-jobs/original/.venv/lib/python3.14/site-packages/edtf/parser/parser_classes.py:103: PyparsingDeprecationWarning: 'addParseAction' deprecated - use 'add_parse_action'
    p.addParseAction(cls.parse_action)

.venv/lib/python3.14/site-packages/edtf/parser/grammar.py:119
  /home/runner/work/test-zip-extract-repository/test-zip-extract-repository/workdir/tests/invenio-jobs/original/.venv/lib/python3.14/site-packages/edtf/parser/grammar.py:119: PyparsingDeprecationWarning: 'oneOf' deprecated - use 'one_of'
    UASymbol = Combine(oneOf("? ~ %"))

.venv/lib/python3.14/site-packages/edtf/parser/grammar.py:122
  /home/runner/work/test-zip-extract-repository/test-zip-extract-repository/workdir/tests/invenio-jobs/original/.venv/lib/python3.14/site-packages/edtf/parser/grammar.py:122: PyparsingDeprecationWarning: 'oneOf' deprecated - use 'one_of'
    seasonNumber = oneOf("21 22 23 24")

.venv/lib/python3.14/site-packages/edtf/parser/grammar.py:155
  /home/runner/work/test-zip-extract-repository/test-zip-extract-repository/workdir/tests/invenio-jobs/original/.venv/lib/python3.14/site-packages/edtf/parser/grammar.py:155: PyparsingDeprecationWarning: 'addParseAction' deprecated - use 'add_parse_action'
    l1Start.addParseAction(f)

.venv/lib/python3.14/site-packages/edtf/parser/grammar.py:157
  /home/runner/work/test-zip-extract-repository/test-zip-extract-repository/workdir/tests/invenio-jobs/original/.venv/lib/python3.14/site-packages/edtf/parser/grammar.py:157: PyparsingDeprecationWarning: 'addParseAction' deprecated - use 'add_parse_action'
    l1End.addParseAction(f)

.venv/lib/python3.14/site-packages/edtf/parser/grammar.py:199
  /home/runner/work/test-zip-extract-repository/test-zip-extract-repository/workdir/tests/invenio-jobs/original/.venv/lib/python3.14/site-packages/edtf/parser/grammar.py:199: PyparsingDeprecationWarning: 'oneOf' deprecated - use 'one_of'
    monthWithX = Combine(oneOf("0X 1X") ^ ("X" + digitOrX))("month")

.venv/lib/python3.14/site-packages/edtf/parser/grammar.py:303
.venv/lib/python3.14/site-packages/edtf/parser/grammar.py:303
  /home/runner/work/test-zip-extract-repository/test-zip-extract-repository/workdir/tests/invenio-jobs/original/.venv/lib/python3.14/site-packages/edtf/parser/grammar.py:303: PyparsingDeprecationWarning: 'addParseAction' deprecated - use 'add_parse_action'
    earlier = L("..").addParseAction(f)("lower") + date("upper").addParseAction(f)

.venv/lib/python3.14/site-packages/edtf/parser/grammar.py:304
.venv/lib/python3.14/site-packages/edtf/parser/grammar.py:304
  /home/runner/work/test-zip-extract-repository/test-zip-extract-repository/workdir/tests/invenio-jobs/original/.venv/lib/python3.14/site-packages/edtf/parser/grammar.py:304: PyparsingDeprecationWarning: 'addParseAction' deprecated - use 'add_parse_action'
    later = date("lower").addParseAction(f) + L("..").addParseAction(f)("upper")

.venv/lib/python3.14/site-packages/edtf/parser/grammar.py:325
  /home/runner/work/test-zip-extract-repository/test-zip-extract-repository/workdir/tests/invenio-jobs/original/.venv/lib/python3.14/site-packages/edtf/parser/grammar.py:325: PyparsingDeprecationWarning: 'oneOf' deprecated - use 'one_of'
    seasonL2Number = oneOf("21 22 23 24 25 26 27 28 29 30 31 32 33 34 35 36 37 38 39 40 41")

.venv/lib/python3.14/site-packages/invenio_records/resolver.py:14
.venv/lib/python3.14/site-packages/invenio_records/resolver.py:14
  /home/runner/work/test-zip-extract-repository/test-zip-extract-repository/workdir/tests/invenio-jobs/original/.venv/lib/python3.14/site-packages/invenio_records/resolver.py:14: DeprecationWarning: jsonschema.exceptions.RefResolutionError is deprecated as of version 4.18.0. If you wish to catch potential reference resolution errors, directly catch referencing.exceptions.Unresolvable.
    from jsonschema import RefResolutionError, RefResolver

.venv/lib/python3.14/site-packages/invenio_records/resolver.py:14
.venv/lib/python3.14/site-packages/invenio_records/resolver.py:14
  /home/runner/work/test-zip-extract-repository/test-zip-extract-repository/workdir/tests/invenio-jobs/original/.venv/lib/python3.14/site-packages/invenio_records/resolver.py:14: DeprecationWarning: jsonschema.RefResolver is deprecated as of v4.18.0, in favor of the https://github.com/python-jsonschema/referencing library, which provides more compliant referencing behavior as well as more flexible APIs for customization. A future release will remove RefResolver. Please file a feature request (on referencing) if you are missing an API for the kind of customization you need.
    from jsonschema import RefResolutionError, RefResolver

.venv/lib/python3.14/site-packages/invenio_users_resources/services/domains/config.py:91
  /home/runner/work/test-zip-extract-repository/test-zip-extract-repository/workdir/tests/invenio-jobs/original/.venv/lib/python3.14/site-packages/invenio_users_resources/services/domains/config.py:91: DeprecationWarning: Link is deprecated and will be removed in v14.0. Use `ExternalLink` for third-party links and `EndpointLink` for InvenioRDM links.
    "self": Link("{+api}/domains/{domain}", vars=domainvar),

.venv/lib/python3.14/site-packages/invenio_users_resources/services/domains/config.py:92
  /home/runner/work/test-zip-extract-repository/test-zip-extract-repository/workdir/tests/invenio-jobs/original/.venv/lib/python3.14/site-packages/invenio_users_resources/services/domains/config.py:92: DeprecationWarning: Link is deprecated and will be removed in v14.0. Use `ExternalLink` for third-party links and `EndpointLink` for InvenioRDM links.
    "admin_self_html": Link(

.venv/lib/python3.14/site-packages/invenio_users_resources/services/domains/config.py:95
  /home/runner/work/test-zip-extract-repository/test-zip-extract-repository/workdir/tests/invenio-jobs/original/.venv/lib/python3.14/site-packages/invenio_users_resources/services/domains/config.py:95: DeprecationWarning: Link is deprecated and will be removed in v14.0. Use `ExternalLink` for third-party links and `EndpointLink` for InvenioRDM links.
    "admin_users_html": Link(

.venv/lib/python3.14/site-packages/invenio_users_resources/services/domains/config.py:99
  /home/runner/work/test-zip-extract-repository/test-zip-extract-repository/workdir/tests/invenio-jobs/original/.venv/lib/python3.14/site-packages/invenio_users_resources/services/domains/config.py:99: DeprecationWarning: `pagination_links` is deprecated and will be removed in v14.0. Use `pagination_endpoint_links` instead.
    links_search = pagination_links("{+api}/domains{?args*}")

.venv/lib/python3.14/site-packages/invenio_records_resources/services/records/links.py:57
.venv/lib/python3.14/site-packages/invenio_records_resources/services/records/links.py:57
.venv/lib/python3.14/site-packages/invenio_records_resources/services/records/links.py:57
.venv/lib/python3.14/site-packages/invenio_records_resources/services/records/links.py:57
.venv/lib/python3.14/site-packages/invenio_records_resources/services/records/links.py:57
.venv/lib/python3.14/site-packages/invenio_records_resources/services/records/links.py:57
  /home/runner/work/test-zip-extract-repository/test-zip-extract-repository/workdir/tests/invenio-jobs/original/.venv/lib/python3.14/site-packages/invenio_records_resources/services/records/links.py:57: DeprecationWarning: Link is deprecated and will be removed in v14.0. Use `ExternalLink` for third-party links and `EndpointLink` for InvenioRDM links.
    "prev": Link(

.venv/lib/python3.14/site-packages/invenio_records_resources/services/records/links.py:64
.venv/lib/python3.14/site-packages/invenio_records_resources/services/records/links.py:64
.venv/lib/python3.14/site-packages/invenio_records_resources/services/records/links.py:64
.venv/lib/python3.14/site-packages/invenio_records_resources/services/records/links.py:64
.venv/lib/python3.14/site-packages/invenio_records_resources/services/records/links.py:64
.venv/lib/python3.14/site-packages/invenio_records_resources/services/records/links.py:64
  /home/runner/work/test-zip-extract-repository/test-zip-extract-repository/workdir/tests/invenio-jobs/original/.venv/lib/python3.14/site-packages/invenio_records_resources/services/records/links.py:64: DeprecationWarning: Link is deprecated and will be removed in v14.0. Use `ExternalLink` for third-party links and `EndpointLink` for InvenioRDM links.
    "self": Link(tpl),

.venv/lib/python3.14/site-packages/invenio_records_resources/services/records/links.py:65
.venv/lib/python3.14/site-packages/invenio_records_resources/services/records/links.py:65
.venv/lib/python3.14/site-packages/invenio_records_resources/services/records/links.py:65
.venv/lib/python3.14/site-packages/invenio_records_resources/services/records/links.py:65
.venv/lib/python3.14/site-packages/invenio_records_resources/services/records/links.py:65
.venv/lib/python3.14/site-packages/invenio_records_resources/services/records/links.py:65
  /home/runner/work/test-zip-extract-repository/test-zip-extract-repository/workdir/tests/invenio-jobs/original/.venv/lib/python3.14/site-packages/invenio_records_resources/services/records/links.py:65: DeprecationWarning: Link is deprecated and will be removed in v14.0. Use `ExternalLink` for third-party links and `EndpointLink` for InvenioRDM links.
    "next": Link(

.venv/lib/python3.14/site-packages/invenio_users_resources/services/groups/config.py:78
  /home/runner/work/test-zip-extract-repository/test-zip-extract-repository/workdir/tests/invenio-jobs/original/.venv/lib/python3.14/site-packages/invenio_users_resources/services/groups/config.py:78: DeprecationWarning: Link is deprecated and will be removed in v14.0. Use `ExternalLink` for third-party links and `EndpointLink` for InvenioRDM links.
    "self": Link("{+api}/groups/{id}"),

.venv/lib/python3.14/site-packages/invenio_users_resources/services/groups/config.py:79
  /home/runner/work/test-zip-extract-repository/test-zip-extract-repository/workdir/tests/invenio-jobs/original/.venv/lib/python3.14/site-packages/invenio_users_resources/services/groups/config.py:79: DeprecationWarning: Link is deprecated and will be removed in v14.0. Use `ExternalLink` for third-party links and `EndpointLink` for InvenioRDM links.
    "avatar": Link("{+api}/groups/{id}/avatar.svg"),

.venv/lib/python3.14/site-packages/invenio_users_resources/services/groups/config.py:81
  /home/runner/work/test-zip-extract-repository/test-zip-extract-repository/workdir/tests/invenio-jobs/original/.venv/lib/python3.14/site-packages/invenio_users_resources/services/groups/config.py:81: DeprecationWarning: `pagination_links` is deprecated and will be removed in v14.0. Use `pagination_endpoint_links` instead.
    links_search = pagination_links("{+api}/groups{?args*}")

.venv/lib/python3.14/site-packages/invenio_users_resources/services/users/config.py:203
  /home/runner/work/test-zip-extract-repository/test-zip-extract-repository/workdir/tests/invenio-jobs/original/.venv/lib/python3.14/site-packages/invenio_users_resources/services/users/config.py:203: DeprecationWarning: Link is deprecated and will be removed in v14.0. Use `ExternalLink` for third-party links and `EndpointLink` for InvenioRDM links.
    "self": Link("{+api}/users/{id}"),

.venv/lib/python3.14/site-packages/invenio_users_resources/services/users/config.py:204
  /home/runner/work/test-zip-extract-repository/test-zip-extract-repository/workdir/tests/invenio-jobs/original/.venv/lib/python3.14/site-packages/invenio_users_resources/services/users/config.py:204: DeprecationWarning: Link is deprecated and will be removed in v14.0. Use `ExternalLink` for third-party links and `EndpointLink` for InvenioRDM links.
    "avatar": Link("{+api}/users/{id}/avatar.svg"),

.venv/lib/python3.14/site-packages/invenio_users_resources/services/users/config.py:205
  /home/runner/work/test-zip-extract-repository/test-zip-extract-repository/workdir/tests/invenio-jobs/original/.venv/lib/python3.14/site-packages/invenio_users_resources/services/users/config.py:205: DeprecationWarning: Link is deprecated and will be removed in v14.0. Use `ExternalLink` for third-party links and `EndpointLink` for InvenioRDM links.
    "records_html": Link("{+ui}/search/records?q=parent.access.owned_by.user:{id}"),

.venv/lib/python3.14/site-packages/invenio_users_resources/services/users/config.py:206
  /home/runner/work/test-zip-extract-repository/test-zip-extract-repository/workdir/tests/invenio-jobs/original/.venv/lib/python3.14/site-packages/invenio_users_resources/services/users/config.py:206: DeprecationWarning: Link is deprecated and will be removed in v14.0. Use `ExternalLink` for third-party links and `EndpointLink` for InvenioRDM links.
    "admin_records_html": Link(

.venv/lib/python3.14/site-packages/invenio_users_resources/services/users/config.py:210
  /home/runner/work/test-zip-extract-repository/test-zip-extract-repository/workdir/tests/invenio-jobs/original/.venv/lib/python3.14/site-packages/invenio_users_resources/services/users/config.py:210: DeprecationWarning: Link is deprecated and will be removed in v14.0. Use `ExternalLink` for third-party links and `EndpointLink` for InvenioRDM links.
    "admin_drafts_html": Link(

.venv/lib/python3.14/site-packages/invenio_users_resources/services/users/config.py:214
  /home/runner/work/test-zip-extract-repository/test-zip-extract-repository/workdir/tests/invenio-jobs/original/.venv/lib/python3.14/site-packages/invenio_users_resources/services/users/config.py:214: DeprecationWarning: Link is deprecated and will be removed in v14.0. Use `ExternalLink` for third-party links and `EndpointLink` for InvenioRDM links.
    "admin_moderation_html": Link(

.venv/lib/python3.14/site-packages/invenio_users_resources/services/users/config.py:219
  /home/runner/work/test-zip-extract-repository/test-zip-extract-repository/workdir/tests/invenio-jobs/original/.venv/lib/python3.14/site-packages/invenio_users_resources/services/users/config.py:219: DeprecationWarning: `pagination_links` is deprecated and will be removed in v14.0. Use `pagination_endpoint_links` instead.
    links_search = pagination_links("{+api}/users{?args*}")

.venv/lib/python3.14/site-packages/marshmallow/fields.py:986
.venv/lib/python3.14/site-packages/marshmallow/fields.py:986
.venv/lib/python3.14/site-packages/marshmallow/fields.py:986
.venv/lib/python3.14/site-packages/marshmallow/fields.py:986
.venv/lib/python3.14/site-packages/marshmallow/fields.py:986
  /home/runner/work/test-zip-extract-repository/test-zip-extract-repository/workdir/tests/invenio-jobs/original/.venv/lib/python3.14/site-packages/marshmallow/fields.py:986: RemovedInMarshmallow4Warning: The 'default' argument to fields is deprecated. Use 'dump_default' instead.
    super().__init__(**kwargs)

.venv/lib/python3.14/site-packages/marshmallow/utils.py:361
  /home/runner/work/test-zip-extract-repository/test-zip-extract-repository/workdir/tests/invenio-jobs/original/.venv/lib/python3.14/site-packages/marshmallow/utils.py:361: ChangedInMarshmallow4Warning: `Field` should not be instantiated. Use `fields.Raw` or  another field subclass instead.
    return cls_or_instance()

invenio_jobs/services/config.py:73
  /home/runner/work/test-zip-extract-repository/test-zip-extract-repository/workdir/tests/invenio-jobs/original/invenio_jobs/services/config.py:73: DeprecationWarning: `pagination_links` is deprecated and will be removed in v14.0. Use `pagination_endpoint_links` instead.
    links_search = pagination_links("{+api}/tasks{?args*}")

invenio_jobs/services/config.py:108
  /home/runner/work/test-zip-extract-repository/test-zip-extract-repository/workdir/tests/invenio-jobs/original/invenio_jobs/services/config.py:108: DeprecationWarning: Link is deprecated and will be removed in v14.0. Use `ExternalLink` for third-party links and `EndpointLink` for InvenioRDM links.
    "self": JobLink("{+api}/jobs/{id}"),

invenio_jobs/services/config.py:109
  /home/runner/work/test-zip-extract-repository/test-zip-extract-repository/workdir/tests/invenio-jobs/original/invenio_jobs/services/config.py:109: DeprecationWarning: Link is deprecated and will be removed in v14.0. Use `ExternalLink` for third-party links and `EndpointLink` for InvenioRDM links.
    "runs": JobLink("{+api}/jobs/{id}/runs"),

invenio_jobs/services/config.py:110
  /home/runner/work/test-zip-extract-repository/test-zip-extract-repository/workdir/tests/invenio-jobs/original/invenio_jobs/services/config.py:110: DeprecationWarning: Link is deprecated and will be removed in v14.0. Use `ExternalLink` for third-party links and `EndpointLink` for InvenioRDM links.
    "self_admin_html": JobLink("{+ui}/administration/jobs/{id}"),

invenio_jobs/services/config.py:113
  /home/runner/work/test-zip-extract-repository/test-zip-extract-repository/workdir/tests/invenio-jobs/original/invenio_jobs/services/config.py:113: DeprecationWarning: `pagination_links` is deprecated and will be removed in v14.0. Use `pagination_endpoint_links` instead.
    links_search = pagination_links("{+api}/jobs{?args*}")

invenio_jobs/services/config.py:148
  /home/runner/work/test-zip-extract-repository/test-zip-extract-repository/workdir/tests/invenio-jobs/original/invenio_jobs/services/config.py:148: DeprecationWarning: Link is deprecated and will be removed in v14.0. Use `ExternalLink` for third-party links and `EndpointLink` for InvenioRDM links.
    "self": RunLink("{+api}/jobs/{job_id}/runs/{id}"),

invenio_jobs/services/config.py:149
  /home/runner/work/test-zip-extract-repository/test-zip-extract-repository/workdir/tests/invenio-jobs/original/invenio_jobs/services/config.py:149: DeprecationWarning: Link is deprecated and will be removed in v14.0. Use `ExternalLink` for third-party links and `EndpointLink` for InvenioRDM links.
    "stop": RunLink("{+api}/jobs/{job_id}/runs/{id}/actions/stop"),

invenio_jobs/services/config.py:150
  /home/runner/work/test-zip-extract-repository/test-zip-extract-repository/workdir/tests/invenio-jobs/original/invenio_jobs/services/config.py:150: DeprecationWarning: Link is deprecated and will be removed in v14.0. Use `ExternalLink` for third-party links and `EndpointLink` for InvenioRDM links.
    "logs": RunLink("{+api}/logs/jobs?q={id}"),

invenio_jobs/services/config.py:153
  /home/runner/work/test-zip-extract-repository/test-zip-extract-repository/workdir/tests/invenio-jobs/original/invenio_jobs/services/config.py:153: DeprecationWarning: `pagination_links` is deprecated and will be removed in v14.0. Use `pagination_endpoint_links` instead.
    links_search = pagination_links("{+api}/jobs/{job_id}{?args*}")

tests/resources/test_resources.py: 28 warnings
tests/test_services_job_logs.py: 3 warnings
tests/test_services_subtasks.py: 111 warnings
  /home/runner/work/test-zip-extract-repository/test-zip-extract-repository/workdir/tests/invenio-jobs/original/.venv/lib/python3.14/site-packages/sqlalchemy/sql/schema.py:3624: DeprecationWarning: datetime.datetime.utcnow() is deprecated and scheduled for removal in a future version. Use timezone-aware objects to represent datetimes in UTC: datetime.datetime.now(datetime.UTC).
    return util.wrap_callable(lambda ctx: fn(), fn)  # type: ignore

tests/resources/test_resources.py: 3 warnings
tests/test_services_job_logs.py: 2 warnings
tests/test_services_subtasks.py: 11 warnings
  /home/runner/work/test-zip-extract-repository/test-zip-extract-repository/workdir/tests/invenio-jobs/original/.venv/lib/python3.14/site-packages/pytest_invenio/user.py:36: DeprecationWarning: datetime.datetime.utcnow() is deprecated and scheduled for removal in a future version. Use timezone-aware objects to represent datetimes in UTC: datetime.datetime.now(datetime.UTC).
    self._confirmed = datetime.utcnow() if confirmed else None

tests/resources/test_resources.py: 3 warnings
tests/test_services_job_logs.py: 2 warnings
tests/test_services_subtasks.py: 11 warnings
  /home/runner/work/test-zip-extract-repository/test-zip-extract-repository/workdir/tests/invenio-jobs/original/.venv/lib/python3.14/site-packages/flask_security/datastore.py:235: LegacyAPIWarning: The Query.get() method is considered legacy as of the 1.x series of SQLAlchemy and becomes a legacy construct in 2.0. The method is now available as Session.get() (deprecated since: 2.0) (Background on SQLAlchemy 2.0 at: https://sqlalche.me/e/b8d9)
    return self.user_model.query.get(identifier)

tests/resources/test_resources.py: 1 warning
tests/test_services_subtasks.py: 51 warnings
  /home/runner/work/test-zip-extract-repository/test-zip-extract-repository/workdir/tests/invenio-jobs/original/.venv/lib/python3.14/site-packages/sqlalchemy_utils/models.py:33: DeprecationWarning: datetime.datetime.utcnow() is deprecated and scheduled for removal in a future version. Use timezone-aware objects to represent datetimes in UTC: datetime.datetime.now(datetime.UTC).
    target.updated = datetime.utcnow()

tests/test_services_job_logs.py::test_job_logs_search_limits_to_max_docs
tests/test_services_subtasks.py::test_create_subtask_run
  /home/runner/work/test-zip-extract-repository/test-zip-extract-repository/workdir/tests/invenio-jobs/original/.venv/lib/python3.14/site-packages/invenio_rest/ext.py:29: FutureWarning: CSRF validation will be enabled by default in the version 1.3.x
    self.init_app(app)

tests/test_services_job_logs.py::test_job_logs_search_limits_to_max_docs
tests/test_services_subtasks.py::test_create_subtask_run
  /home/runner/work/test-zip-extract-repository/test-zip-extract-repository/workdir/tests/invenio-jobs/original/.venv/lib/python3.14/site-packages/flask_caching/__init__.py:145: DeprecationWarning: Using the initialization functions in flask_caching.backend is deprecated.  Use the a full path to backend classes directly.
    self._set_cache(app, config)

tests/test_services_subtasks.py::test_create_subtask_run
tests/test_services_subtasks.py::test_start_processing_subtask
tests/test_services_subtasks.py::test_start_processing_subtask_invalid_status
tests/test_services_subtasks.py::test_finalize_subtask_success
tests/test_services_subtasks.py::test_finalize_subtask_failure
tests/test_services_subtasks.py::test_finalize_subtask_partial_success
tests/test_services_subtasks.py::test_add_total_entries
tests/test_services_subtasks.py::test_add_total_entries_invalid_values
tests/test_services_subtasks.py::test_finalize_subtask_with_errored_entries_message
  /home/runner/work/test-zip-extract-repository/test-zip-extract-repository/workdir/tests/invenio-jobs/original/invenio_jobs/tasks.py:61: DeprecationWarning: datetime.datetime.utcnow() is deprecated and scheduled for removal in a future version. Use timezone-aware objects to represent datetimes in UTC: datetime.datetime.now(datetime.UTC).
    update_run(run, status=RunStatusEnum.RUNNING, started_at=datetime.utcnow())

tests/test_services_subtasks.py::test_create_subtask_run
tests/test_services_subtasks.py::test_start_processing_subtask
tests/test_services_subtasks.py::test_start_processing_subtask_invalid_status
tests/test_services_subtasks.py::test_finalize_subtask_success
tests/test_services_subtasks.py::test_finalize_subtask_failure
tests/test_services_subtasks.py::test_finalize_subtask_partial_success
tests/test_services_subtasks.py::test_add_total_entries
tests/test_services_subtasks.py::test_add_total_entries_invalid_values
tests/test_services_subtasks.py::test_finalize_subtask_with_errored_entries_message
  /home/runner/work/test-zip-extract-repository/test-zip-extract-repository/workdir/tests/invenio-jobs/original/invenio_jobs/tasks.py:121: DeprecationWarning: datetime.datetime.utcnow() is deprecated and scheduled for removal in a future version. Use timezone-aware objects to represent datetimes in UTC: datetime.datetime.now(datetime.UTC).
    finished_at=datetime.utcnow(),

tests/test_services_subtasks.py::test_start_processing_subtask
tests/test_services_subtasks.py::test_finalize_subtask_success
tests/test_services_subtasks.py::test_finalize_subtask_failure
tests/test_services_subtasks.py::test_finalize_subtask_partial_success
tests/test_services_subtasks.py::test_finalize_subtask_partial_success
tests/test_services_subtasks.py::test_finalize_subtask_with_errored_entries_message
  /home/runner/work/test-zip-extract-repository/test-zip-extract-repository/workdir/tests/invenio-jobs/original/invenio_jobs/services/services.py:354: DeprecationWarning: datetime.datetime.utcnow() is deprecated and scheduled for removal in a future version. Use timezone-aware objects to represent datetimes in UTC: datetime.datetime.now(datetime.UTC).
    run.started_at = datetime.utcnow()

tests/test_services_subtasks.py::test_finalize_subtask_success
tests/test_services_subtasks.py::test_finalize_subtask_failure
tests/test_services_subtasks.py::test_finalize_subtask_partial_success
tests/test_services_subtasks.py::test_finalize_subtask_with_errored_entries_message
  /home/runner/work/test-zip-extract-repository/test-zip-extract-repository/workdir/tests/invenio-jobs/original/invenio_jobs/services/services.py:451: DeprecationWarning: datetime.datetime.utcnow() is deprecated and scheduled for removal in a future version. Use timezone-aware objects to represent datetimes in UTC: datetime.datetime.now(datetime.UTC).
    finished_at_value = datetime.utcnow()

-- Docs: https://docs.pytest.org/en/stable/how-to/capture-warnings.html
================================ tests coverage ================================
_______________ coverage: platform linux, python 3.14.2-final-0 ________________

Name                                                                  Stmts   Miss  Cover   Missing
---------------------------------------------------------------------------------------------------
invenio_jobs/__init__.py                                                  3      0   100%
invenio_jobs/administration/__init__.py                                   0      0   100%
invenio_jobs/administration/jobs.py                                      73     15    79%   105, 109-115, 119-124, 133-138
invenio_jobs/administration/runs.py                                      46     25    46%   39-54, 58-65, 69-70, 74-75
invenio_jobs/alembic/1f896f6990b8_update_jobs_module_table_names.py      20     10    50%   25-32, 40-45
invenio_jobs/alembic/371f4cbcb73d_create_invenio_jobs_branch.py          10      2    80%   22, 27
invenio_jobs/alembic/356496a01197_create_invenio_jobs_tables.py          17      4    76%   30-62, 105-106
invenio_jobs/alembic/1753948224_add_subtasks_columns_to_jobs_run.py      31     22    29%   23-91, 102-114
invenio_jobs/api.py                                                       4      0   100%
invenio_jobs/config.py                                                   32      0   100%
invenio_jobs/errors.py                                                   11      3    73%   20-22
invenio_jobs/ext.py                                                      57      1    98%   106
invenio_jobs/jobs.py                                                     32      7    78%   65-67, 89, 102, 105-113
invenio_jobs/logging/__init__.py                                          0      0   100%
invenio_jobs/logging/celery_signals.py                                   19      5    74%   23-26, 38-40, 49
invenio_jobs/logging/index_templates/__init__.py                          0      0   100%
invenio_jobs/logging/index_templates/os-v1/__init__.py                    0      0   100%
invenio_jobs/logging/index_templates/os-v2/__init__.py                    0      0   100%
invenio_jobs/logging/jobs.py                                             63      5    92%   98, 119-121, 125-126
invenio_jobs/logging/tasks.py                                             8      2    75%   20-21
invenio_jobs/models.py                                                  130     11    92%   80-88, 215-217
invenio_jobs/proxies.py                                                  12      0   100%
invenio_jobs/registry.py                                                 26      5    81%   23, 32-35
invenio_jobs/resources/__init__.py                                        3      0   100%
invenio_jobs/resources/config.py                                         57      0   100%
invenio_jobs/resources/resources.py                                     126     25    80%   48-53, 58-63, 175-181, 199-204, 210-217, 223-229, 237-243, 249-255, 280-287
invenio_jobs/services/__init__.py                                         4      0   100%
invenio_jobs/services/config.py                                          79      0   100%
invenio_jobs/services/errors.py                                          22      1    95%   63
invenio_jobs/services/links.py                                           11      1    91%   38
invenio_jobs/services/permissions.py                                     25      0   100%
invenio_jobs/services/results.py                                        100     21    79%   53-54, 83, 92-95, 109-123, 148-149, 167, 169-170
invenio_jobs/services/scheduler.py                                       55     31    44%   31-32, 37-39, 59, 66, 70-71, 75-94, 99-106, 113-117
invenio_jobs/services/schema.py                                         149     10    93%   51-56, 132, 185, 288, 321-322
invenio_jobs/services/services.py                                       246     48    80%   52, 60-64, 91-93, 192-194, 198-233, 309, 418, 438, 474-488, 493-499, 504-514, 544, 555, 561-562
invenio_jobs/services/ui_schema.py                                       19      0   100%
invenio_jobs/tasks.py                                                    63     23    63%   28, 40-43, 67, 71-86, 88-107, 112, 117, 130
invenio_jobs/utils.py                                                    28     19    32%   20-31, 36-47, 55
invenio_jobs/views.py                                                    14      0   100%
invenio_jobs/webpack.py                                                   2      0   100%
---------------------------------------------------------------------------------------------------
TOTAL                                                                  1597    296    81%
=========================== short test summary info ============================
FAILED tests/resources/test_resources.py::test_simple_flow - KeyError: 'identity'
FAILED tests/test_services_subtasks.py::test_create_subtask_run - KeyError: 'identity'
FAILED tests/test_services_subtasks.py::test_start_processing_subtask - KeyError: 'identity'
FAILED tests/test_services_subtasks.py::test_finalize_subtask_success - KeyError: 'identity'
FAILED tests/test_services_subtasks.py::test_finalize_subtask_failure - KeyError: 'identity'
FAILED tests/test_services_subtasks.py::test_add_total_entries - KeyError: 'identity'
============ 6 failed, 16 passed, 3 skipped, 351 warnings in 7.42s =============
 Container docker_services_cli-rabbitmq-1  Stopping
 Container docker_services_cli-redis-1  Stopping
 Container docker_services_cli-postgresql-1  Stopping
 Container docker_services_cli-elasticsearch-1  Stopping
 Container docker_services_cli-postgresql-1  Stopped
 Container docker_services_cli-postgresql-1  Removing
 Container docker_services_cli-postgresql-1  Removed
 Container docker_services_cli-redis-1  Stopped
 Container docker_services_cli-redis-1  Removing
 Container docker_services_cli-redis-1  Removed
 Container docker_services_cli-elasticsearch-1  Stopped
 Container docker_services_cli-elasticsearch-1  Removing
 Container docker_services_cli-elasticsearch-1  Removed
 Container docker_services_cli-rabbitmq-1  Stopped
 Container docker_services_cli-rabbitmq-1  Removing
 Container docker_services_cli-rabbitmq-1  Removed
 Network docker_services_cli_default  Removing
 Network docker_services_cli_default  Removed
